2021-05-18 09:49:50.420 INFO  (main) [   ] o.e.j.u.log Logging initialized @1397ms to org.eclipse.jetty.util.log.Slf4jLog
2021-05-18 09:49:50.625 INFO  (main) [   ] o.e.j.s.Server jetty-9.4.34.v20201102; built: 2020-11-02T14:15:39.302Z; git: e46af88704a893fc12cb0e3bf46e2c7b48a009e7; jvm 14.0.2+12-Ubuntu-120.04
2021-05-18 09:49:50.649 INFO  (main) [   ] o.e.j.d.p.ScanningAppProvider Deployment monitor [file:///home/altyriss/MEGAsync/Informatique/Stage%20Server/solr-8.8.2/server/contexts/] at interval 0
2021-05-18 09:49:51.047 INFO  (main) [   ] o.e.j.w.StandardDescriptorProcessor NO JSP Support for /solr, did not find org.apache.jasper.servlet.JspServlet
2021-05-18 09:49:51.061 INFO  (main) [   ] o.e.j.s.session DefaultSessionIdManager workerName=node0
2021-05-18 09:49:51.061 INFO  (main) [   ] o.e.j.s.session No SessionScavenger set, using defaults
2021-05-18 09:49:51.064 INFO  (main) [   ] o.e.j.s.session node0 Scavenging every 660000ms
2021-05-18 09:49:51.156 INFO  (main) [   ] o.a.s.s.SolrDispatchFilter Using logger factory org.apache.logging.slf4j.Log4jLoggerFactory
2021-05-18 09:49:51.163 INFO  (main) [   ] o.a.s.s.SolrDispatchFilter  ___      _       Welcome to Apache Solr™ version 8.8.2
2021-05-18 09:49:51.163 INFO  (main) [   ] o.a.s.s.SolrDispatchFilter / __| ___| |_ _   Starting in standalone mode on port 8983
2021-05-18 09:49:51.163 INFO  (main) [   ] o.a.s.s.SolrDispatchFilter \__ \/ _ \ | '_|  Install dir: /home/altyriss/MEGAsync/Informatique/Stage Server/solr-8.8.2
2021-05-18 09:49:51.163 INFO  (main) [   ] o.a.s.s.SolrDispatchFilter |___/\___/_|_|    Start time: 2021-05-18T09:49:51.163647Z
2021-05-18 09:49:51.187 INFO  (main) [   ] o.a.s.c.SolrPaths Using system property solr.solr.home: /home/altyriss/MEGAsync/Informatique/Stage Server/solr-8.8.2/example/example-DIH/mysql
2021-05-18 09:49:51.188 INFO  (main) [   ] o.a.s.c.SolrXmlConfig Loading container configuration from /home/altyriss/MEGAsync/Informatique/Stage Server/solr-8.8.2/example/example-DIH/mysql/solr.xml
2021-05-18 09:49:51.274 INFO  (main) [   ] o.a.s.c.SolrXmlConfig MBean server found: com.sun.jmx.mbeanserver.JmxMBeanServer@3a7442c7, but no JMX reporters were configured - adding default JMX reporter.
2021-05-18 09:49:51.828 INFO  (main) [   ] o.a.s.h.c.HttpShardHandlerFactory Host whitelist initialized: WhitelistHostChecker [whitelistHosts=null, whitelistHostCheckingEnabled=true]
2021-05-18 09:49:52.062 WARN  (main) [   ] o.e.j.u.s.S.config Trusting all certificates configured for Client@37ce3644[provider=null,keyStore=null,trustStore=null]
2021-05-18 09:49:52.062 WARN  (main) [   ] o.e.j.u.s.S.config No Client EndPointIdentificationAlgorithm configured for Client@37ce3644[provider=null,keyStore=null,trustStore=null]
2021-05-18 09:49:52.251 WARN  (main) [   ] o.e.j.u.s.S.config Trusting all certificates configured for Client@2e53b094[provider=null,keyStore=null,trustStore=null]
2021-05-18 09:49:52.251 WARN  (main) [   ] o.e.j.u.s.S.config No Client EndPointIdentificationAlgorithm configured for Client@2e53b094[provider=null,keyStore=null,trustStore=null]
2021-05-18 09:49:52.306 WARN  (main) [   ] o.a.s.c.CoreContainer Not all security plugins configured!  authentication=disabled authorization=disabled.  Solr is only as secure as you make it. Consider configuring authentication/authorization before exposing Solr to users internal or external.  See https://s.apache.org/solrsecurity for more info
2021-05-18 09:49:52.467 INFO  (main) [   ] o.a.s.c.TransientSolrCoreCacheDefault Allocating transient cache for 2147483647 transient cores
2021-05-18 09:49:52.470 INFO  (main) [   ] o.a.s.h.a.MetricsHistoryHandler No .system collection, keeping metrics history in memory.
2021-05-18 09:49:52.569 INFO  (main) [   ] o.a.s.m.r.SolrJmxReporter JMX monitoring for 'solr.node' (registry 'solr.node') enabled at server: com.sun.jmx.mbeanserver.JmxMBeanServer@3a7442c7
2021-05-18 09:49:52.570 INFO  (main) [   ] o.a.s.m.r.SolrJmxReporter JMX monitoring for 'solr.jvm' (registry 'solr.jvm') enabled at server: com.sun.jmx.mbeanserver.JmxMBeanServer@3a7442c7
2021-05-18 09:49:52.576 INFO  (main) [   ] o.a.s.m.r.SolrJmxReporter JMX monitoring for 'solr.jetty' (registry 'solr.jetty') enabled at server: com.sun.jmx.mbeanserver.JmxMBeanServer@3a7442c7
2021-05-18 09:49:52.615 INFO  (main) [   ] o.a.s.c.CorePropertiesLocator Found 5 core definitions underneath /home/altyriss/MEGAsync/Informatique/Stage Server/solr-8.8.2/example/example-DIH/mysql
2021-05-18 09:49:52.615 INFO  (main) [   ] o.a.s.c.CorePropertiesLocator Cores are: [atom, tika, solr, db, mail]
2021-05-18 09:49:52.646 INFO  (coreLoadExecutor-13-thread-1) [   x:atom] o.a.s.c.SolrResourceLoader Added 2 libs to classloader, from paths: [/home/altyriss/MEGAsync/Informatique/Stage%20Server/solr-8.8.2/dist]
2021-05-18 09:49:52.646 INFO  (coreLoadExecutor-13-thread-2) [   x:tika] o.a.s.c.SolrResourceLoader Added 47 libs to classloader, from paths: [/home/altyriss/MEGAsync/Informatique/Stage%20Server/solr-8.8.2/contrib/extraction/lib, /home/altyriss/MEGAsync/Informatique/Stage%20Server/solr-8.8.2/dist]
2021-05-18 09:49:52.664 INFO  (coreLoadExecutor-13-thread-3) [   x:solr] o.a.s.c.SolrResourceLoader Added 58 libs to classloader, from paths: [/home/altyriss/MEGAsync/Informatique/Stage%20Server/solr-8.8.2/contrib/extraction/lib, /home/altyriss/MEGAsync/Informatique/Stage%20Server/solr-8.8.2/contrib/langid/lib, /home/altyriss/MEGAsync/Informatique/Stage%20Server/solr-8.8.2/contrib/velocity/lib, /home/altyriss/MEGAsync/Informatique/Stage%20Server/solr-8.8.2/dist]
2021-05-18 09:49:52.715 INFO  (main) [   ] o.e.j.s.h.ContextHandler Started o.e.j.w.WebAppContext@5b40ceb{/solr,file:///home/altyriss/MEGAsync/Informatique/Stage%20Server/solr-8.8.2/server/solr-webapp/webapp/,AVAILABLE}{/home/altyriss/MEGAsync/Informatique/Stage Server/solr-8.8.2/server/solr-webapp/webapp}
2021-05-18 09:49:52.737 INFO  (main) [   ] o.e.j.s.AbstractConnector Started ServerConnector@6399551e{HTTP/1.1, (http/1.1, h2c)}{0.0.0.0:8983}
2021-05-18 09:49:52.737 INFO  (main) [   ] o.e.j.s.Server Started @3717ms
2021-05-18 09:49:52.973 INFO  (coreLoadExecutor-13-thread-1) [   x:atom] o.a.s.c.SolrConfig Using Lucene MatchVersion: 8.8.2
2021-05-18 09:49:52.973 INFO  (coreLoadExecutor-13-thread-2) [   x:tika] o.a.s.c.SolrConfig Using Lucene MatchVersion: 8.8.2
2021-05-18 09:49:52.976 INFO  (coreLoadExecutor-13-thread-3) [   x:solr] o.a.s.c.SolrConfig Using Lucene MatchVersion: 8.8.2
2021-05-18 09:49:53.008 INFO  (coreLoadExecutor-13-thread-3) [   x:solr] o.a.s.u.SolrIndexConfig IndexWriter infoStream solr logging is enabled
2021-05-18 09:49:53.105 INFO  (coreLoadExecutor-13-thread-2) [   x:tika] o.a.s.s.IndexSchema Schema name=example-DIH-tika
2021-05-18 09:49:53.106 INFO  (coreLoadExecutor-13-thread-1) [   x:atom] o.a.s.s.IndexSchema Schema name=example-DIH-atom
2021-05-18 09:49:53.127 INFO  (coreLoadExecutor-13-thread-3) [   x:solr] o.a.s.s.IndexSchema Schema name=example-DIH-solr
2021-05-18 09:49:53.146 INFO  (coreLoadExecutor-13-thread-2) [   x:tika] o.a.s.s.IndexSchema Loaded schema example-DIH-tika/1.6 with uniqueid field id
2021-05-18 09:49:53.146 INFO  (coreLoadExecutor-13-thread-2) [   x:tika] o.a.s.c.CoreContainer Creating SolrCore 'tika' using configuration from instancedir /home/altyriss/MEGAsync/Informatique/Stage Server/solr-8.8.2/example/example-DIH/mysql/tika, trusted=true
2021-05-18 09:49:53.173 WARN  (coreLoadExecutor-13-thread-3) [   x:solr] o.a.s.D.s.LatLonType Solr loaded a deprecated plugin/analysis class [solr.LatLonType]. Please consult documentation how to replace it accordingly.
2021-05-18 09:49:53.226 INFO  (coreLoadExecutor-13-thread-2) [   x:tika] o.a.s.m.r.SolrJmxReporter JMX monitoring for 'solr.core.tika' (registry 'solr.core.tika') enabled at server: com.sun.jmx.mbeanserver.JmxMBeanServer@3a7442c7
2021-05-18 09:49:53.247 INFO  (coreLoadExecutor-13-thread-2) [   x:tika] o.a.s.c.SolrCore [[tika] ] Opening new SolrCore at [/home/altyriss/MEGAsync/Informatique/Stage Server/solr-8.8.2/example/example-DIH/mysql/tika], dataDir=[/home/altyriss/MEGAsync/Informatique/Stage Server/solr-8.8.2/example/example-DIH/mysql/tika/data/]
2021-05-18 09:49:53.289 INFO  (coreLoadExecutor-13-thread-1) [   x:atom] o.a.s.s.IndexSchema Loaded schema example-DIH-atom/1.6 with uniqueid field id
2021-05-18 09:49:53.302 INFO  (coreLoadExecutor-13-thread-1) [   x:atom] o.a.s.c.CoreContainer Creating SolrCore 'atom' using configuration from instancedir /home/altyriss/MEGAsync/Informatique/Stage Server/solr-8.8.2/example/example-DIH/mysql/atom, trusted=true
2021-05-18 09:49:53.303 INFO  (coreLoadExecutor-13-thread-1) [   x:atom] o.a.s.m.r.SolrJmxReporter JMX monitoring for 'solr.core.atom' (registry 'solr.core.atom') enabled at server: com.sun.jmx.mbeanserver.JmxMBeanServer@3a7442c7
2021-05-18 09:49:53.304 INFO  (coreLoadExecutor-13-thread-1) [   x:atom] o.a.s.c.SolrCore [[atom] ] Opening new SolrCore at [/home/altyriss/MEGAsync/Informatique/Stage Server/solr-8.8.2/example/example-DIH/mysql/atom], dataDir=[/home/altyriss/MEGAsync/Informatique/Stage Server/solr-8.8.2/example/example-DIH/mysql/atom/data/]
2021-05-18 09:49:53.441 INFO  (coreLoadExecutor-13-thread-3) [   x:solr] o.a.s.s.IndexSchema Loaded schema example-DIH-solr/1.6 with uniqueid field id
2021-05-18 09:49:53.520 INFO  (coreLoadExecutor-13-thread-3) [   x:solr] o.a.s.c.CoreContainer Creating SolrCore 'solr' using configuration from instancedir /home/altyriss/MEGAsync/Informatique/Stage Server/solr-8.8.2/example/example-DIH/mysql/solr, trusted=true
2021-05-18 09:49:53.520 INFO  (coreLoadExecutor-13-thread-3) [   x:solr] o.a.s.m.r.SolrJmxReporter JMX monitoring for 'solr.core.solr' (registry 'solr.core.solr') enabled at server: com.sun.jmx.mbeanserver.JmxMBeanServer@3a7442c7
2021-05-18 09:49:53.523 INFO  (coreLoadExecutor-13-thread-3) [   x:solr] o.a.s.c.SolrCore [[solr] ] Opening new SolrCore at [/home/altyriss/MEGAsync/Informatique/Stage Server/solr-8.8.2/example/example-DIH/mysql/solr], dataDir=[/home/altyriss/MEGAsync/Informatique/Stage Server/solr-8.8.2/example/example-DIH/mysql/solr/data/]
2021-05-18 09:49:53.547 INFO  (coreLoadExecutor-13-thread-3) [   x:solr] o.a.s.r.XSLTResponseWriter xsltCacheLifetimeSeconds=5
2021-05-18 09:49:53.856 WARN  (coreLoadExecutor-13-thread-3) [   x:solr] o.a.s.h.d.DataImportHandler Data Import Handler is deprecated as of Solr 8.6. See SOLR-14066 for more details.
2021-05-18 09:49:53.876 WARN  (coreLoadExecutor-13-thread-1) [   x:atom] o.a.s.h.d.DataImportHandler Data Import Handler is deprecated as of Solr 8.6. See SOLR-14066 for more details.
2021-05-18 09:49:53.877 WARN  (coreLoadExecutor-13-thread-2) [   x:tika] o.a.s.h.d.DataImportHandler Data Import Handler is deprecated as of Solr 8.6. See SOLR-14066 for more details.
2021-05-18 09:49:53.888 INFO  (coreLoadExecutor-13-thread-2) [   x:tika] o.a.s.u.CommitTracker Hard AutoCommit: disabled
2021-05-18 09:49:53.888 INFO  (coreLoadExecutor-13-thread-1) [   x:atom] o.a.s.u.CommitTracker Hard AutoCommit: disabled
2021-05-18 09:49:53.888 INFO  (coreLoadExecutor-13-thread-1) [   x:atom] o.a.s.u.CommitTracker Soft AutoCommit: disabled
2021-05-18 09:49:53.888 INFO  (coreLoadExecutor-13-thread-2) [   x:tika] o.a.s.u.CommitTracker Soft AutoCommit: disabled
2021-05-18 09:49:53.894 INFO  (coreLoadExecutor-13-thread-3) [   x:solr] o.a.s.u.UpdateHandler Using UpdateLog implementation: org.apache.solr.update.UpdateLog
2021-05-18 09:49:53.894 INFO  (coreLoadExecutor-13-thread-3) [   x:solr] o.a.s.u.UpdateLog Initializing UpdateLog: dataDir= defaultSyncLevel=FLUSH numRecordsToKeep=100 maxNumLogsToKeep=10 numVersionBuckets=65536
2021-05-18 09:49:53.906 INFO  (coreLoadExecutor-13-thread-3) [   x:solr] o.a.s.u.CommitTracker Hard AutoCommit: if uncommitted for 15000ms; 
2021-05-18 09:49:53.906 INFO  (coreLoadExecutor-13-thread-3) [   x:solr] o.a.s.u.CommitTracker Soft AutoCommit: disabled
2021-05-18 09:49:54.004 INFO  (coreLoadExecutor-13-thread-1) [   x:atom] o.a.s.r.ManagedResourceStorage File-based storage initialized to use dir: /home/altyriss/MEGAsync/Informatique/Stage Server/solr-8.8.2/example/example-DIH/mysql/atom/conf
2021-05-18 09:49:54.004 INFO  (coreLoadExecutor-13-thread-2) [   x:tika] o.a.s.r.ManagedResourceStorage File-based storage initialized to use dir: /home/altyriss/MEGAsync/Informatique/Stage Server/solr-8.8.2/example/example-DIH/mysql/tika/conf
2021-05-18 09:49:54.024 INFO  (coreLoadExecutor-13-thread-2) [   x:tika] o.a.s.h.ReplicationHandler Commits will be reserved for 10000 ms
2021-05-18 09:49:54.025 INFO  (coreLoadExecutor-13-thread-1) [   x:atom] o.a.s.h.ReplicationHandler Commits will be reserved for 10000 ms
2021-05-18 09:49:54.038 INFO  (coreLoadExecutor-13-thread-3) [   x:solr] o.a.s.r.ManagedResourceStorage File-based storage initialized to use dir: /home/altyriss/MEGAsync/Informatique/Stage Server/solr-8.8.2/example/example-DIH/mysql/solr/conf
2021-05-18 09:49:54.039 INFO  (coreLoadExecutor-13-thread-3) [   x:solr] o.a.s.h.c.SpellCheckComponent Initializing spell checkers
2021-05-18 09:49:54.041 INFO  (searcherExecutor-17-thread-1-processing-x:atom) [   x:atom] o.a.s.c.SolrCore [atom]  Registered new searcher autowarm time: 0 ms
2021-05-18 09:49:54.043 INFO  (searcherExecutor-15-thread-1-processing-x:tika) [   x:tika] o.a.s.c.SolrCore [tika]  Registered new searcher autowarm time: 0 ms
2021-05-18 09:49:54.053 INFO  (coreLoadExecutor-13-thread-3) [   x:solr] o.a.s.s.DirectSolrSpellChecker init: {name=default,field=text,classname=solr.DirectSolrSpellChecker,distanceMeasure=internal,accuracy=0.5,maxEdits=2,minPrefix=1,maxInspections=5,minQueryLength=4,maxQueryFrequency=0.01}
2021-05-18 09:49:54.058 WARN  (coreLoadExecutor-13-thread-2) [   x:mail] o.a.s.c.SolrConfig Couldn't add files from /home/altyriss/MEGAsync/Informatique/Stage Server/solr-8.8.2/contrib/dataimporthandler/lib filtered by .*\.jar to classpath: java.nio.file.NoSuchFileException: /home/altyriss/MEGAsync/Informatique/Stage Server/solr-8.8.2/contrib/dataimporthandler/lib
2021-05-18 09:49:54.061 INFO  (coreLoadExecutor-13-thread-1) [   x:db] o.a.s.c.SolrResourceLoader Added 60 libs to classloader, from paths: [/home/altyriss/MEGAsync/Informatique/Stage%20Server/solr-8.8.2/contrib/extraction/lib, /home/altyriss/MEGAsync/Informatique/Stage%20Server/solr-8.8.2/contrib/langid/lib, /home/altyriss/MEGAsync/Informatique/Stage%20Server/solr-8.8.2/contrib/velocity/lib, /home/altyriss/MEGAsync/Informatique/Stage%20Server/solr-8.8.2/dist, /home/altyriss/MEGAsync/Informatique/Stage%20Server/solr-8.8.2/example/example-DIH/mysql/db/lib]
2021-05-18 09:49:54.062 INFO  (coreLoadExecutor-13-thread-2) [   x:mail] o.a.s.c.SolrResourceLoader Added 61 libs to classloader, from paths: [/home/altyriss/MEGAsync/Informatique/Stage%20Server/solr-8.8.2/contrib/dataimporthandler-extras/lib, /home/altyriss/MEGAsync/Informatique/Stage%20Server/solr-8.8.2/contrib/extraction/lib, /home/altyriss/MEGAsync/Informatique/Stage%20Server/solr-8.8.2/contrib/langid/lib, /home/altyriss/MEGAsync/Informatique/Stage%20Server/solr-8.8.2/contrib/velocity/lib, /home/altyriss/MEGAsync/Informatique/Stage%20Server/solr-8.8.2/dist]
2021-05-18 09:49:54.068 INFO  (coreLoadExecutor-13-thread-3) [   x:solr] o.a.s.h.c.SuggestComponent Initializing SuggestComponent
2021-05-18 09:49:54.073 INFO  (coreLoadExecutor-13-thread-3) [   x:solr] o.a.s.s.s.SolrSuggester init: {name=mySuggester,lookupImpl=FuzzyLookupFactory,dictionaryImpl=DocumentDictionaryFactory,field=cat,weightField=price,suggestAnalyzerFieldType=string}
2021-05-18 09:49:54.092 INFO  (coreLoadExecutor-13-thread-2) [   x:mail] o.a.s.c.SolrConfig Using Lucene MatchVersion: 8.8.2
2021-05-18 09:49:54.096 INFO  (coreLoadExecutor-13-thread-1) [   x:db] o.a.s.c.SolrConfig Using Lucene MatchVersion: 8.8.2
2021-05-18 09:49:54.100 INFO  (coreLoadExecutor-13-thread-3) [   x:solr] o.a.s.s.s.SolrSuggester Dictionary loaded with params: {name=mySuggester,lookupImpl=FuzzyLookupFactory,dictionaryImpl=DocumentDictionaryFactory,field=cat,weightField=price,suggestAnalyzerFieldType=string}
2021-05-18 09:49:54.100 INFO  (coreLoadExecutor-13-thread-3) [   x:solr] o.a.s.h.c.SuggestComponent Registering searcher listener for suggester: mySuggester = SuggesterListener [core=org.apache.solr.core.SolrCore@5041dd36, suggester=SolrSuggester [ name=mySuggester, sourceLocation=null, storeDir=, lookupImpl=FuzzyLookupFactory, dictionaryImpl=DocumentDictionaryFactory, sizeInBytes=0 ], buildOnCommit=false, buildOnOptimize=false, buildOnStartup=true, isCoreReload=false]
2021-05-18 09:49:54.102 INFO  (coreLoadExecutor-13-thread-3) [   x:solr] o.a.s.h.c.QueryElevationComponent Loading QueryElevation from: /home/altyriss/MEGAsync/Informatique/Stage Server/solr-8.8.2/example/example-DIH/mysql/solr/conf/elevate.xml
2021-05-18 09:49:54.120 INFO  (coreLoadExecutor-13-thread-3) [   x:solr] o.a.s.h.ReplicationHandler Commits will be reserved for 10000 ms
2021-05-18 09:49:54.124 INFO  (coreLoadExecutor-13-thread-2) [   x:mail] o.a.s.u.SolrIndexConfig IndexWriter infoStream solr logging is enabled
2021-05-18 09:49:54.129 INFO  (coreLoadExecutor-13-thread-3) [   x:solr] o.a.s.u.UpdateLog Could not find max version in index or recent updates, using new clock 1700089187930210304
2021-05-18 09:49:54.129 INFO  (coreLoadExecutor-13-thread-1) [   x:db] o.a.s.u.SolrIndexConfig IndexWriter infoStream solr logging is enabled
2021-05-18 09:49:54.227 INFO  (coreLoadExecutor-13-thread-2) [   x:mail] o.a.s.s.IndexSchema Schema name=example-DIH-mail
2021-05-18 09:49:54.227 INFO  (coreLoadExecutor-13-thread-1) [   x:db] o.a.s.s.IndexSchema Schema name=example-DIH-db
2021-05-18 09:49:54.253 INFO  (searcherExecutor-19-thread-1-processing-x:solr) [   x:solr] o.a.s.c.S.Request [solr]  webapp=null path=null params={q=static+firstSearcher+warming+in+solrconfig.xml&distrib=false&event=firstSearcher} hits=0 status=0 QTime=112
2021-05-18 09:49:54.254 INFO  (searcherExecutor-19-thread-1-processing-x:solr) [   x:solr] o.a.s.c.QuerySenderListener QuerySenderListener done.
2021-05-18 09:49:54.254 INFO  (searcherExecutor-19-thread-1-processing-x:solr) [   x:solr] o.a.s.h.c.SpellCheckComponent Loading spell index for spellchecker: default
2021-05-18 09:49:54.254 INFO  (searcherExecutor-19-thread-1-processing-x:solr) [   x:solr] o.a.s.h.c.SpellCheckComponent Loading spell index for spellchecker: wordbreak
2021-05-18 09:49:54.255 INFO  (searcherExecutor-19-thread-1-processing-x:solr) [   x:solr] o.a.s.h.c.SuggestComponent buildOnStartup: mySuggester
2021-05-18 09:49:54.255 INFO  (searcherExecutor-19-thread-1-processing-x:solr) [   x:solr] o.a.s.s.s.SolrSuggester SolrSuggester.build(mySuggester)
2021-05-18 09:49:54.280 INFO  (searcherExecutor-19-thread-1-processing-x:solr) [   x:solr] o.a.s.c.SolrCore [solr]  Registered new searcher autowarm time: 0 ms
2021-05-18 09:49:54.301 INFO  (coreLoadExecutor-13-thread-1) [   x:db] o.a.s.s.IndexSchema Loaded schema example-DIH-db/1.6 with uniqueid field id
2021-05-18 09:49:54.302 INFO  (coreLoadExecutor-13-thread-2) [   x:mail] o.a.s.s.IndexSchema Loaded schema example-DIH-mail/1.6 with uniqueid field messageId
2021-05-18 09:49:54.350 INFO  (coreLoadExecutor-13-thread-1) [   x:db] o.a.s.c.CoreContainer Creating SolrCore 'db' using configuration from instancedir /home/altyriss/MEGAsync/Informatique/Stage Server/solr-8.8.2/example/example-DIH/mysql/db, trusted=true
2021-05-18 09:49:54.351 INFO  (coreLoadExecutor-13-thread-1) [   x:db] o.a.s.m.r.SolrJmxReporter JMX monitoring for 'solr.core.db' (registry 'solr.core.db') enabled at server: com.sun.jmx.mbeanserver.JmxMBeanServer@3a7442c7
2021-05-18 09:49:54.351 INFO  (coreLoadExecutor-13-thread-1) [   x:db] o.a.s.c.SolrCore [[db] ] Opening new SolrCore at [/home/altyriss/MEGAsync/Informatique/Stage Server/solr-8.8.2/example/example-DIH/mysql/db], dataDir=[/home/altyriss/MEGAsync/Informatique/Stage Server/solr-8.8.2/example/example-DIH/mysql/db/data/]
2021-05-18 09:49:54.352 INFO  (coreLoadExecutor-13-thread-2) [   x:mail] o.a.s.c.CoreContainer Creating SolrCore 'mail' using configuration from instancedir /home/altyriss/MEGAsync/Informatique/Stage Server/solr-8.8.2/example/example-DIH/mysql/mail, trusted=true
2021-05-18 09:49:54.353 INFO  (coreLoadExecutor-13-thread-2) [   x:mail] o.a.s.m.r.SolrJmxReporter JMX monitoring for 'solr.core.mail' (registry 'solr.core.mail') enabled at server: com.sun.jmx.mbeanserver.JmxMBeanServer@3a7442c7
2021-05-18 09:49:54.353 INFO  (coreLoadExecutor-13-thread-2) [   x:mail] o.a.s.c.SolrCore [[mail] ] Opening new SolrCore at [/home/altyriss/MEGAsync/Informatique/Stage Server/solr-8.8.2/example/example-DIH/mysql/mail], dataDir=[/home/altyriss/MEGAsync/Informatique/Stage Server/solr-8.8.2/example/example-DIH/mysql/mail/data/]
2021-05-18 09:49:54.355 INFO  (coreLoadExecutor-13-thread-1) [   x:db] o.a.s.r.XSLTResponseWriter xsltCacheLifetimeSeconds=5
2021-05-18 09:49:54.357 INFO  (coreLoadExecutor-13-thread-2) [   x:mail] o.a.s.r.XSLTResponseWriter xsltCacheLifetimeSeconds=5
2021-05-18 09:49:54.415 WARN  (coreLoadExecutor-13-thread-1) [   x:db] o.a.s.h.d.DataImportHandler Data Import Handler is deprecated as of Solr 8.6. See SOLR-14066 for more details.
2021-05-18 09:49:54.420 INFO  (coreLoadExecutor-13-thread-1) [   x:db] o.a.s.u.UpdateHandler Using UpdateLog implementation: org.apache.solr.update.UpdateLog
2021-05-18 09:49:54.421 INFO  (coreLoadExecutor-13-thread-1) [   x:db] o.a.s.u.UpdateLog Initializing UpdateLog: dataDir= defaultSyncLevel=FLUSH numRecordsToKeep=100 maxNumLogsToKeep=10 numVersionBuckets=65536
2021-05-18 09:49:54.424 INFO  (coreLoadExecutor-13-thread-1) [   x:db] o.a.s.u.CommitTracker Hard AutoCommit: if uncommitted for 15000ms; 
2021-05-18 09:49:54.424 INFO  (coreLoadExecutor-13-thread-1) [   x:db] o.a.s.u.CommitTracker Soft AutoCommit: disabled
2021-05-18 09:49:54.430 INFO  (coreLoadExecutor-13-thread-1) [   x:db] o.a.s.r.ManagedResourceStorage File-based storage initialized to use dir: /home/altyriss/MEGAsync/Informatique/Stage Server/solr-8.8.2/example/example-DIH/mysql/db/conf
2021-05-18 09:49:54.430 INFO  (coreLoadExecutor-13-thread-1) [   x:db] o.a.s.h.c.SpellCheckComponent Initializing spell checkers
2021-05-18 09:49:54.431 INFO  (coreLoadExecutor-13-thread-1) [   x:db] o.a.s.s.DirectSolrSpellChecker init: {name=default,field=text,classname=solr.DirectSolrSpellChecker,distanceMeasure=internal,accuracy=0.5,maxEdits=2,minPrefix=1,maxInspections=5,minQueryLength=4,maxQueryFrequency=0.01}
2021-05-18 09:49:54.431 INFO  (coreLoadExecutor-13-thread-1) [   x:db] o.a.s.h.c.SuggestComponent Initializing SuggestComponent
2021-05-18 09:49:54.431 INFO  (coreLoadExecutor-13-thread-1) [   x:db] o.a.s.s.s.SolrSuggester init: {name=mySuggester,lookupImpl=FuzzyLookupFactory,dictionaryImpl=DocumentDictionaryFactory,field=cat,weightField=price,suggestAnalyzerFieldType=string}
2021-05-18 09:49:54.431 INFO  (coreLoadExecutor-13-thread-1) [   x:db] o.a.s.s.s.SolrSuggester Dictionary loaded with params: {name=mySuggester,lookupImpl=FuzzyLookupFactory,dictionaryImpl=DocumentDictionaryFactory,field=cat,weightField=price,suggestAnalyzerFieldType=string}
2021-05-18 09:49:54.432 INFO  (coreLoadExecutor-13-thread-1) [   x:db] o.a.s.h.c.SuggestComponent Registering searcher listener for suggester: mySuggester = SuggesterListener [core=org.apache.solr.core.SolrCore@4320119, suggester=SolrSuggester [ name=mySuggester, sourceLocation=null, storeDir=, lookupImpl=FuzzyLookupFactory, dictionaryImpl=DocumentDictionaryFactory, sizeInBytes=0 ], buildOnCommit=false, buildOnOptimize=false, buildOnStartup=true, isCoreReload=false]
2021-05-18 09:49:54.432 INFO  (coreLoadExecutor-13-thread-1) [   x:db] o.a.s.h.c.QueryElevationComponent Loading QueryElevation from: /home/altyriss/MEGAsync/Informatique/Stage Server/solr-8.8.2/example/example-DIH/mysql/db/conf/elevate.xml
2021-05-18 09:49:54.435 INFO  (coreLoadExecutor-13-thread-1) [   x:db] o.a.s.h.ReplicationHandler Commits will be reserved for 10000 ms
2021-05-18 09:49:54.441 INFO  (coreLoadExecutor-13-thread-1) [   x:db] o.a.s.u.UpdateLog Could not find max version in index or recent updates, using new clock 1700089188257366016
2021-05-18 09:49:54.444 WARN  (coreLoadExecutor-13-thread-2) [   x:mail] o.a.s.h.d.DataImportHandler Data Import Handler is deprecated as of Solr 8.6. See SOLR-14066 for more details.
2021-05-18 09:49:54.445 INFO  (searcherExecutor-31-thread-1-processing-x:db) [   x:db] o.a.s.c.S.Request [db]  webapp=null path=null params={q=static+firstSearcher+warming+in+solrconfig.xml&distrib=false&event=firstSearcher} hits=0 status=0 QTime=1
2021-05-18 09:49:54.445 INFO  (searcherExecutor-31-thread-1-processing-x:db) [   x:db] o.a.s.c.QuerySenderListener QuerySenderListener done.
2021-05-18 09:49:54.446 INFO  (searcherExecutor-31-thread-1-processing-x:db) [   x:db] o.a.s.h.c.SpellCheckComponent Loading spell index for spellchecker: default
2021-05-18 09:49:54.446 INFO  (searcherExecutor-31-thread-1-processing-x:db) [   x:db] o.a.s.h.c.SpellCheckComponent Loading spell index for spellchecker: wordbreak
2021-05-18 09:49:54.446 INFO  (searcherExecutor-31-thread-1-processing-x:db) [   x:db] o.a.s.h.c.SuggestComponent buildOnStartup: mySuggester
2021-05-18 09:49:54.446 INFO  (searcherExecutor-31-thread-1-processing-x:db) [   x:db] o.a.s.s.s.SolrSuggester SolrSuggester.build(mySuggester)
2021-05-18 09:49:54.450 INFO  (searcherExecutor-31-thread-1-processing-x:db) [   x:db] o.a.s.c.SolrCore [db]  Registered new searcher autowarm time: 0 ms
2021-05-18 09:49:54.451 INFO  (coreLoadExecutor-13-thread-2) [   x:mail] o.a.s.u.UpdateHandler Using UpdateLog implementation: org.apache.solr.update.UpdateLog
2021-05-18 09:49:54.451 INFO  (coreLoadExecutor-13-thread-2) [   x:mail] o.a.s.u.UpdateLog Initializing UpdateLog: dataDir= defaultSyncLevel=FLUSH numRecordsToKeep=100 maxNumLogsToKeep=10 numVersionBuckets=65536
2021-05-18 09:49:54.457 INFO  (coreLoadExecutor-13-thread-2) [   x:mail] o.a.s.u.CommitTracker Hard AutoCommit: if uncommitted for 15000ms; 
2021-05-18 09:49:54.457 INFO  (coreLoadExecutor-13-thread-2) [   x:mail] o.a.s.u.CommitTracker Soft AutoCommit: disabled
2021-05-18 09:49:54.465 INFO  (coreLoadExecutor-13-thread-2) [   x:mail] o.a.s.r.ManagedResourceStorage File-based storage initialized to use dir: /home/altyriss/MEGAsync/Informatique/Stage Server/solr-8.8.2/example/example-DIH/mysql/mail/conf
2021-05-18 09:49:54.465 INFO  (coreLoadExecutor-13-thread-2) [   x:mail] o.a.s.h.c.SpellCheckComponent Initializing spell checkers
2021-05-18 09:49:54.465 INFO  (coreLoadExecutor-13-thread-2) [   x:mail] o.a.s.s.DirectSolrSpellChecker init: {name=default,field=text,classname=solr.DirectSolrSpellChecker,distanceMeasure=internal,accuracy=0.5,maxEdits=2,minPrefix=1,maxInspections=5,minQueryLength=4,maxQueryFrequency=0.01}
2021-05-18 09:49:54.466 INFO  (coreLoadExecutor-13-thread-2) [   x:mail] o.a.s.h.c.SuggestComponent Initializing SuggestComponent
2021-05-18 09:49:54.466 INFO  (coreLoadExecutor-13-thread-2) [   x:mail] o.a.s.s.s.SolrSuggester init: {name=mySuggester,lookupImpl=FuzzyLookupFactory,dictionaryImpl=DocumentDictionaryFactory,field=cat,weightField=price,suggestAnalyzerFieldType=string}
2021-05-18 09:49:54.466 INFO  (coreLoadExecutor-13-thread-2) [   x:mail] o.a.s.s.s.SolrSuggester Dictionary loaded with params: {name=mySuggester,lookupImpl=FuzzyLookupFactory,dictionaryImpl=DocumentDictionaryFactory,field=cat,weightField=price,suggestAnalyzerFieldType=string}
2021-05-18 09:49:54.466 INFO  (coreLoadExecutor-13-thread-2) [   x:mail] o.a.s.h.c.SuggestComponent Registering searcher listener for suggester: mySuggester = SuggesterListener [core=org.apache.solr.core.SolrCore@761f1e3f, suggester=SolrSuggester [ name=mySuggester, sourceLocation=null, storeDir=, lookupImpl=FuzzyLookupFactory, dictionaryImpl=DocumentDictionaryFactory, sizeInBytes=0 ], buildOnCommit=false, buildOnOptimize=false, buildOnStartup=true, isCoreReload=false]
2021-05-18 09:49:54.467 INFO  (coreLoadExecutor-13-thread-2) [   x:mail] o.a.s.h.c.QueryElevationComponent Loading QueryElevation from: /home/altyriss/MEGAsync/Informatique/Stage Server/solr-8.8.2/example/example-DIH/mysql/mail/conf/elevate.xml
2021-05-18 09:49:54.471 INFO  (coreLoadExecutor-13-thread-2) [   x:mail] o.a.s.h.ReplicationHandler Commits will be reserved for 10000 ms
2021-05-18 09:49:54.478 INFO  (coreLoadExecutor-13-thread-2) [   x:mail] o.a.s.u.UpdateLog Could not find max version in index or recent updates, using new clock 1700089188296163328
2021-05-18 09:49:54.483 INFO  (searcherExecutor-33-thread-1-processing-x:mail) [   x:mail] o.a.s.c.S.Request [mail]  webapp=null path=null params={q=static+firstSearcher+warming+in+solrconfig.xml&distrib=false&event=firstSearcher} hits=0 status=0 QTime=1
2021-05-18 09:49:54.484 INFO  (searcherExecutor-33-thread-1-processing-x:mail) [   x:mail] o.a.s.c.QuerySenderListener QuerySenderListener done.
2021-05-18 09:49:54.484 INFO  (searcherExecutor-33-thread-1-processing-x:mail) [   x:mail] o.a.s.h.c.SpellCheckComponent Loading spell index for spellchecker: default
2021-05-18 09:49:54.484 INFO  (searcherExecutor-33-thread-1-processing-x:mail) [   x:mail] o.a.s.h.c.SpellCheckComponent Loading spell index for spellchecker: wordbreak
2021-05-18 09:49:54.484 INFO  (searcherExecutor-33-thread-1-processing-x:mail) [   x:mail] o.a.s.h.c.SuggestComponent buildOnStartup: mySuggester
2021-05-18 09:49:54.484 INFO  (searcherExecutor-33-thread-1-processing-x:mail) [   x:mail] o.a.s.s.s.SolrSuggester SolrSuggester.build(mySuggester)
2021-05-18 09:49:54.487 INFO  (searcherExecutor-33-thread-1-processing-x:mail) [   x:mail] o.a.s.c.SolrCore [mail]  Registered new searcher autowarm time: 0 ms
2021-05-18 09:49:57.408 INFO  (qtp1472216456-22) [   ] o.a.s.s.HttpSolrCall [admin] webapp=null path=/admin/cores params={indexInfo=false&wt=json&_=1621331130642} status=0 QTime=4
2021-05-18 09:49:57.426 INFO  (qtp1472216456-26) [   ] o.a.s.s.HttpSolrCall [admin] webapp=null path=/admin/info/system params={wt=json&_=1621331130644} status=0 QTime=22
2021-05-18 09:49:57.489 INFO  (qtp1472216456-18) [   ] o.a.s.s.HttpSolrCall [admin] webapp=null path=/admin/info/system params={wt=json&_=1621331130644} status=0 QTime=14
2021-05-18 09:49:58.459 INFO  (qtp1472216456-24) [   ] o.a.s.s.HttpSolrCall [admin] webapp=null path=/admin/cores params={indexInfo=false&wt=json&_=1621331398345} status=0 QTime=0
2021-05-18 09:49:58.476 INFO  (qtp1472216456-19) [   ] o.a.s.s.HttpSolrCall [admin] webapp=null path=/admin/info/system params={wt=json&_=1621331398346} status=0 QTime=12
2021-05-18 09:49:58.505 INFO  (qtp1472216456-23) [   ] o.a.s.s.HttpSolrCall [admin] webapp=null path=/admin/info/system params={wt=json&_=1621331398346} status=0 QTime=19
2021-05-18 09:50:03.793 INFO  (qtp1472216456-24) [   ] o.a.s.s.HttpSolrCall [admin] webapp=null path=/admin/cores params={indexInfo=false&wt=json&_=1621331398345} status=0 QTime=0
2021-05-18 09:50:03.803 INFO  (qtp1472216456-25) [   ] o.a.s.s.HttpSolrCall [admin] webapp=null path=/admin/info/system params={wt=json&_=1621331398346} status=0 QTime=10
2021-05-18 09:50:03.809 INFO  (qtp1472216456-51) [   x:db] o.a.s.c.S.Request [db]  webapp=/solr path=/admin/ping params={action=status&wt=json&_=1621331398346&ts=1621331398346} status=503 QTime=1
2021-05-18 09:50:03.820 INFO  (qtp1472216456-19) [   x:db] o.a.s.c.S.Request [db]  webapp=/solr path=/admin/system params={wt=json&_=1621331403772} status=0 QTime=12
2021-05-18 09:50:03.823 INFO  (qtp1472216456-17) [   x:db] o.a.s.c.S.Request [db]  webapp=/solr path=/replication params={wt=json&command=details&_=1621331403773} status=0 QTime=24
2021-05-18 09:50:03.826 INFO  (qtp1472216456-20) [   x:db] o.a.s.c.S.Request [db]  webapp=/solr path=/admin/luke params={numTerms=0&show=index&wt=json&_=1621331403772} status=0 QTime=29
2021-05-18 09:50:04.786 INFO  (qtp1472216456-26) [   ] o.a.s.s.HttpSolrCall [admin] webapp=null path=/admin/cores params={indexInfo=false&wt=json&_=1621331398345} status=0 QTime=0
2021-05-18 09:50:04.791 INFO  (qtp1472216456-22) [   x:db] o.a.s.c.S.Request [db]  webapp=/solr path=/admin/mbeans params={cat=QUERY&wt=json&_=1621331404761} status=0 QTime=1
2021-05-18 09:50:04.803 INFO  (qtp1472216456-24) [   ] o.a.s.s.HttpSolrCall [admin] webapp=null path=/admin/info/system params={wt=json&_=1621331398346} status=0 QTime=12
2021-05-18 09:50:04.871 INFO  (qtp1472216456-18) [   ] o.a.s.s.HttpSolrCall [admin] webapp=null path=/admin/cores params={indexInfo=false&wt=json&_=1621331398345} status=0 QTime=0
2021-05-18 09:50:04.875 INFO  (qtp1472216456-25) [   x:db] o.a.s.c.S.Request [db]  webapp=/solr path=/admin/mbeans params={cat=QUERY&wt=json&_=1621331404761} status=0 QTime=0
2021-05-18 09:50:04.891 INFO  (qtp1472216456-23) [   x:db] o.a.s.c.S.Request [db]  webapp=/solr path=/dataimport params={indent=on&wt=json&command=show-config&_=1621331404761} status=0 QTime=13
2021-05-18 09:50:04.912 INFO  (qtp1472216456-26) [   ] o.a.s.s.HttpSolrCall [admin] webapp=null path=/admin/info/system params={wt=json&_=1621331398346} status=0 QTime=39
2021-05-18 09:50:04.945 INFO  (qtp1472216456-22) [   x:db] o.a.s.c.S.Request [db]  webapp=/solr path=/dataimport params={indent=on&wt=json&command=status&_=1621331404761} status=0 QTime=0
2021-05-18 09:50:09.149 INFO  (qtp1472216456-26) [   x:db] o.a.s.h.d.DataImporter Loading DIH Configuration: db-data-config.xml
2021-05-18 09:50:09.169 INFO  (qtp1472216456-26) [   x:db] o.a.s.h.d.DataImporter Data Configuration loaded successfully
2021-05-18 09:50:09.181 INFO  (qtp1472216456-26) [   x:db] o.a.s.c.S.Request [db]  webapp=/solr path=/dataimport params={core=db&indent=on&commit=false&name=dataimport&clean=false&wt=json&command=full-import&entity=post&_=1621331404761&verbose=false} status=0 QTime=35
2021-05-18 09:50:09.182 INFO  (Thread-15) [   ] o.a.s.h.d.DataImporter Starting Full Import
2021-05-18 09:50:09.191 INFO  (qtp1472216456-22) [   x:db] o.a.s.c.S.Request [db]  webapp=/solr path=/dataimport params={indent=on&wt=json&command=status&_=1621331404761} status=0 QTime=0
2021-05-18 09:50:09.217 WARN  (Thread-15) [   ] o.a.s.h.d.SimplePropertiesWriter Unable to read: dataimport.properties
2021-05-18 09:50:09.284 INFO  (Thread-15) [   ] o.a.s.h.d.JdbcDataSource Creating a connection for entity post with URL: jdbc:mysql://localhost:3306/makble?useUnicode=true&characterEncoding=UTF-8
2021-05-18 09:50:09.606 ERROR (Thread-15) [   ] o.a.s.h.d.DocBuilder Exception while processing: post document : SolrInputDocument(fields: []):org.apache.solr.handler.dataimport.DataImportHandlerException: Unable to execute query: select * from post Processing Document # 1
	at org.apache.solr.handler.dataimport.DataImportHandlerException.wrapAndThrow(DataImportHandlerException.java:69)
	at org.apache.solr.handler.dataimport.JdbcDataSource$ResultSetIterator.<init>(JdbcDataSource.java:329)
	at org.apache.solr.handler.dataimport.JdbcDataSource.createResultSetIterator(JdbcDataSource.java:290)
	at org.apache.solr.handler.dataimport.JdbcDataSource.getData(JdbcDataSource.java:285)
	at org.apache.solr.handler.dataimport.JdbcDataSource.getData(JdbcDataSource.java:52)
	at org.apache.solr.handler.dataimport.SqlEntityProcessor.initQuery(SqlEntityProcessor.java:59)
	at org.apache.solr.handler.dataimport.SqlEntityProcessor.nextRow(SqlEntityProcessor.java:73)
	at org.apache.solr.handler.dataimport.EntityProcessorWrapper.nextRow(EntityProcessorWrapper.java:272)
	at org.apache.solr.handler.dataimport.DocBuilder.buildDocument(DocBuilder.java:496)
	at org.apache.solr.handler.dataimport.DocBuilder.buildDocument(DocBuilder.java:435)
	at org.apache.solr.handler.dataimport.DocBuilder.doFullDump(DocBuilder.java:350)
	at org.apache.solr.handler.dataimport.DocBuilder.execute(DocBuilder.java:235)
	at org.apache.solr.handler.dataimport.DataImporter.doFullImport(DataImporter.java:427)
	at org.apache.solr.handler.dataimport.DataImporter.runCmd(DataImporter.java:486)
	at org.apache.solr.handler.dataimport.DataImporter.lambda$runAsync$0(DataImporter.java:469)
	at java.base/java.lang.Thread.run(Thread.java:832)
Caused by: java.sql.SQLException: Access denied for user 'root'@'localhost'
	at com.mysql.cj.jdbc.exceptions.SQLError.createSQLException(SQLError.java:129)
	at com.mysql.cj.jdbc.exceptions.SQLExceptionsMapping.translateException(SQLExceptionsMapping.java:122)
	at com.mysql.cj.jdbc.ConnectionImpl.createNewIO(ConnectionImpl.java:833)
	at com.mysql.cj.jdbc.ConnectionImpl.<init>(ConnectionImpl.java:453)
	at com.mysql.cj.jdbc.ConnectionImpl.getInstance(ConnectionImpl.java:246)
	at com.mysql.cj.jdbc.NonRegisteringDriver.connect(NonRegisteringDriver.java:198)
	at org.apache.solr.handler.dataimport.JdbcDataSource$1.call(JdbcDataSource.java:194)
	at org.apache.solr.handler.dataimport.JdbcDataSource$1.call(JdbcDataSource.java:172)
	at org.apache.solr.handler.dataimport.JdbcDataSource.getConnection(JdbcDataSource.java:530)
	at org.apache.solr.handler.dataimport.JdbcDataSource$ResultSetIterator.<init>(JdbcDataSource.java:319)
	... 14 more

2021-05-18 09:50:09.606 INFO  (Thread-15) [   ] o.a.s.u.p.LogUpdateProcessorFactory [db]  webapp=/solr path=/dataimport params={core=db&indent=on&commit=false&name=dataimport&clean=false&wt=json&command=full-import&entity=post&_=1621331404761&verbose=false} status=0 QTime=35{} 0 460
2021-05-18 09:50:09.607 ERROR (Thread-15) [   ] o.a.s.h.d.DataImporter Full Import failed:java.lang.RuntimeException: java.lang.RuntimeException: org.apache.solr.handler.dataimport.DataImportHandlerException: Unable to execute query: select * from post Processing Document # 1
	at org.apache.solr.handler.dataimport.DocBuilder.execute(DocBuilder.java:275)
	at org.apache.solr.handler.dataimport.DataImporter.doFullImport(DataImporter.java:427)
	at org.apache.solr.handler.dataimport.DataImporter.runCmd(DataImporter.java:486)
	at org.apache.solr.handler.dataimport.DataImporter.lambda$runAsync$0(DataImporter.java:469)
	at java.base/java.lang.Thread.run(Thread.java:832)
Caused by: java.lang.RuntimeException: org.apache.solr.handler.dataimport.DataImportHandlerException: Unable to execute query: select * from post Processing Document # 1
	at org.apache.solr.handler.dataimport.DocBuilder.buildDocument(DocBuilder.java:437)
	at org.apache.solr.handler.dataimport.DocBuilder.doFullDump(DocBuilder.java:350)
	at org.apache.solr.handler.dataimport.DocBuilder.execute(DocBuilder.java:235)
	... 4 more
Caused by: org.apache.solr.handler.dataimport.DataImportHandlerException: Unable to execute query: select * from post Processing Document # 1
	at org.apache.solr.handler.dataimport.DataImportHandlerException.wrapAndThrow(DataImportHandlerException.java:69)
	at org.apache.solr.handler.dataimport.JdbcDataSource$ResultSetIterator.<init>(JdbcDataSource.java:329)
	at org.apache.solr.handler.dataimport.JdbcDataSource.createResultSetIterator(JdbcDataSource.java:290)
	at org.apache.solr.handler.dataimport.JdbcDataSource.getData(JdbcDataSource.java:285)
	at org.apache.solr.handler.dataimport.JdbcDataSource.getData(JdbcDataSource.java:52)
	at org.apache.solr.handler.dataimport.SqlEntityProcessor.initQuery(SqlEntityProcessor.java:59)
	at org.apache.solr.handler.dataimport.SqlEntityProcessor.nextRow(SqlEntityProcessor.java:73)
	at org.apache.solr.handler.dataimport.EntityProcessorWrapper.nextRow(EntityProcessorWrapper.java:272)
	at org.apache.solr.handler.dataimport.DocBuilder.buildDocument(DocBuilder.java:496)
	at org.apache.solr.handler.dataimport.DocBuilder.buildDocument(DocBuilder.java:435)
	... 6 more
Caused by: java.sql.SQLException: Access denied for user 'root'@'localhost'
	at com.mysql.cj.jdbc.exceptions.SQLError.createSQLException(SQLError.java:129)
	at com.mysql.cj.jdbc.exceptions.SQLExceptionsMapping.translateException(SQLExceptionsMapping.java:122)
	at com.mysql.cj.jdbc.ConnectionImpl.createNewIO(ConnectionImpl.java:833)
	at com.mysql.cj.jdbc.ConnectionImpl.<init>(ConnectionImpl.java:453)
	at com.mysql.cj.jdbc.ConnectionImpl.getInstance(ConnectionImpl.java:246)
	at com.mysql.cj.jdbc.NonRegisteringDriver.connect(NonRegisteringDriver.java:198)
	at org.apache.solr.handler.dataimport.JdbcDataSource$1.call(JdbcDataSource.java:194)
	at org.apache.solr.handler.dataimport.JdbcDataSource$1.call(JdbcDataSource.java:172)
	at org.apache.solr.handler.dataimport.JdbcDataSource.getConnection(JdbcDataSource.java:530)
	at org.apache.solr.handler.dataimport.JdbcDataSource$ResultSetIterator.<init>(JdbcDataSource.java:319)
	... 14 more

2021-05-18 09:50:09.608 INFO  (Thread-15) [   ] o.a.s.u.DirectUpdateHandler2 start rollback{}
2021-05-18 09:50:09.619 INFO  (Thread-15) [   ] o.a.s.u.DefaultSolrCoreState New IndexWriter is ready to be used.
2021-05-18 09:50:09.619 INFO  (Thread-15) [   ] o.a.s.u.DirectUpdateHandler2 end_rollback
2021-05-18 09:50:13.457 INFO  (qtp1472216456-26) [   ] o.a.s.s.HttpSolrCall [admin] webapp=null path=/admin/cores params={indexInfo=false&wt=json&_=1621331398345} status=0 QTime=0
2021-05-18 09:50:13.465 INFO  (qtp1472216456-53) [   ] o.a.s.s.HttpSolrCall [admin] webapp=null path=/admin/info/logging params={wt=json&_=1621331413447&since=0} status=0 QTime=6
2021-05-18 09:50:13.470 INFO  (qtp1472216456-18) [   ] o.a.s.s.HttpSolrCall [admin] webapp=null path=/admin/info/system params={wt=json&_=1621331398346} status=0 QTime=13
2021-05-18 09:50:23.458 INFO  (qtp1472216456-23) [   ] o.a.s.s.HttpSolrCall [admin] webapp=null path=/admin/info/logging params={wt=json&_=1621331413447&since=0} status=0 QTime=0
2021-05-18 09:50:33.459 INFO  (qtp1472216456-18) [   ] o.a.s.s.HttpSolrCall [admin] webapp=null path=/admin/info/logging params={wt=json&_=1621331413447&since=0} status=0 QTime=0
2021-05-18 09:50:43.460 INFO  (qtp1472216456-23) [   ] o.a.s.s.HttpSolrCall [admin] webapp=null path=/admin/info/logging params={wt=json&_=1621331413447&since=0} status=0 QTime=0
2021-05-18 09:50:53.461 INFO  (qtp1472216456-18) [   ] o.a.s.s.HttpSolrCall [admin] webapp=null path=/admin/info/logging params={wt=json&_=1621331413447&since=0} status=0 QTime=0
2021-05-18 09:51:03.460 INFO  (qtp1472216456-23) [   ] o.a.s.s.HttpSolrCall [admin] webapp=null path=/admin/info/logging params={wt=json&_=1621331413447&since=0} status=0 QTime=0
2021-05-18 09:51:13.463 INFO  (qtp1472216456-18) [   ] o.a.s.s.HttpSolrCall [admin] webapp=null path=/admin/info/logging params={wt=json&_=1621331413447&since=0} status=0 QTime=0
2021-05-18 09:51:29.794 INFO  (qtp1472216456-23) [   ] o.a.s.s.HttpSolrCall [admin] webapp=null path=/admin/info/logging params={wt=json&_=1621331413447&since=0} status=0 QTime=0
2021-05-18 09:51:40.797 INFO  (qtp1472216456-18) [   ] o.a.s.s.HttpSolrCall [admin] webapp=null path=/admin/info/logging params={wt=json&_=1621331413447&since=0} status=0 QTime=0
2021-05-18 09:51:51.795 INFO  (qtp1472216456-23) [   ] o.a.s.s.HttpSolrCall [admin] webapp=null path=/admin/info/logging params={wt=json&_=1621331413447&since=0} status=0 QTime=1
2021-05-18 09:52:00.044 INFO  (qtp1472216456-18) [   ] o.a.s.s.HttpSolrCall [admin] webapp=null path=/admin/cores params={indexInfo=false&wt=json&_=1621331398345} status=0 QTime=0
2021-05-18 09:52:00.056 INFO  (qtp1472216456-25) [   ] o.a.s.s.HttpSolrCall [admin] webapp=null path=/admin/info/system params={wt=json&_=1621331398346} status=0 QTime=11
2021-05-18 09:52:00.057 INFO  (qtp1472216456-26) [   x:db] o.a.s.c.S.Request [db]  webapp=/solr path=/replication params={wt=json&command=details&_=1621331403773} status=0 QTime=0
2021-05-18 09:52:00.057 INFO  (qtp1472216456-23) [   x:db] o.a.s.c.S.Request [db]  webapp=/solr path=/admin/luke params={numTerms=0&show=index&wt=json&_=1621331403772} status=0 QTime=5
2021-05-18 09:52:00.066 INFO  (qtp1472216456-24) [   x:db] o.a.s.c.S.Request [db]  webapp=/solr path=/admin/system params={wt=json&_=1621331403772} status=0 QTime=9
2021-05-18 09:52:00.072 INFO  (qtp1472216456-53) [   x:db] o.a.s.c.S.Request [db]  webapp=/solr path=/admin/ping params={action=status&wt=json&_=1621331398346&ts=1621331398346} status=503 QTime=0
2021-05-18 09:52:01.393 INFO  (qtp1472216456-24) [   ] o.a.s.s.HttpSolrCall [admin] webapp=null path=/admin/cores params={indexInfo=false&wt=json&_=1621331398345} status=0 QTime=0
2021-05-18 09:52:01.404 INFO  (qtp1472216456-18) [   x:db] o.a.s.c.S.Request [db]  webapp=/solr path=/admin/luke params={show=schema&wt=json&_=1621331403772} status=0 QTime=8
2021-05-18 09:52:01.411 INFO  (qtp1472216456-52) [   ] o.a.s.s.HttpSolrCall [admin] webapp=null path=/admin/info/system params={wt=json&_=1621331398346} status=0 QTime=16
2021-05-18 09:52:15.055 INFO  (qtp1472216456-18) [   ] o.a.s.s.HttpSolrCall [admin] webapp=null path=/admin/cores params={indexInfo=false&wt=json&_=1621331398345} status=0 QTime=0
2021-05-18 09:52:15.065 INFO  (qtp1472216456-24) [   x:db] o.a.s.c.S.Request [db]  webapp=/solr path=/admin/file params={wt=json&_=1621331535044} status=0 QTime=0
2021-05-18 09:52:15.066 INFO  (qtp1472216456-25) [   ] o.a.s.s.HttpSolrCall [admin] webapp=null path=/admin/info/system params={wt=json&_=1621331398346} status=0 QTime=10
2021-05-18 09:52:15.090 INFO  (qtp1472216456-23) [   x:db] o.a.s.c.S.Request [db]  webapp=/solr path=/admin/file params={file=lang&wt=json&_=1621331535044} status=0 QTime=1
2021-05-18 09:52:15.092 INFO  (qtp1472216456-18) [   x:db] o.a.s.c.S.Request [db]  webapp=/solr path=/admin/file params={file=xslt&wt=json&_=1621331535044} status=0 QTime=0
2021-05-18 09:52:20.565 INFO  (qtp1472216456-24) [   x:db] o.a.s.c.S.Request [db]  webapp=/solr path=/admin/ping params={wt=json&_=1621331398346&ts=1621331398346} hits=0 status=0 QTime=6
2021-05-18 09:52:20.565 INFO  (qtp1472216456-24) [   x:db] o.a.s.c.S.Request [db]  webapp=/solr path=/admin/ping params={wt=json&_=1621331398346&ts=1621331398346} status=0 QTime=7
2021-05-18 09:52:25.994 INFO  (qtp1472216456-24) [   ] o.a.s.s.HttpSolrCall [admin] webapp=null path=/admin/cores params={indexInfo=false&wt=json&_=1621331398345} status=0 QTime=0
2021-05-18 09:52:26.005 INFO  (qtp1472216456-18) [   x:db] o.a.s.c.S.Request [db]  webapp=/solr path=/admin/luke params={show=schema&wt=json&_=1621331403772} status=0 QTime=5
2021-05-18 09:52:26.008 INFO  (qtp1472216456-25) [   ] o.a.s.s.HttpSolrCall [admin] webapp=null path=/admin/info/system params={wt=json&_=1621331398346} status=0 QTime=14
2021-05-18 09:52:26.012 INFO  (qtp1472216456-53) [   x:db] o.a.s.c.S.Request [db]  webapp=/solr path=/config params={wt=json&_=1621331545950} status=0 QTime=4
2021-05-18 09:52:26.110 INFO  (qtp1472216456-24) [   x:db] o.a.s.c.S.Request [db]  webapp=/solr path=/admin/luke params={numTerms=0&wt=json&_=1621331403772} status=0 QTime=1
2021-05-18 09:52:37.824 INFO  (qtp1472216456-18) [   ] o.a.s.s.HttpSolrCall [admin] webapp=null path=/admin/cores params={indexInfo=false&wt=json&_=1621331398345} status=0 QTime=0
2021-05-18 09:52:37.830 INFO  (qtp1472216456-52) [   x:db] o.a.s.c.S.Request [db]  webapp=/solr path=/admin/luke params={show=schema&wt=json&_=1621331403772} status=0 QTime=4
2021-05-18 09:52:37.831 INFO  (qtp1472216456-24) [   x:db] o.a.s.c.S.Request [db]  webapp=/solr path=/config params={wt=json&_=1621331545950} status=0 QTime=0
2021-05-18 09:52:37.834 INFO  (qtp1472216456-25) [   ] o.a.s.s.HttpSolrCall [admin] webapp=null path=/admin/info/system params={wt=json&_=1621331398346} status=0 QTime=10
2021-05-18 09:52:37.923 INFO  (qtp1472216456-53) [   x:db] o.a.s.c.S.Request [db]  webapp=/solr path=/admin/luke params={numTerms=0&wt=json&_=1621331403772} status=0 QTime=1
2021-05-18 09:52:42.070 INFO  (qtp1472216456-53) [   ] o.a.s.s.HttpSolrCall [admin] webapp=null path=/admin/cores params={indexInfo=false&wt=json&_=1621331398345} status=0 QTime=0
2021-05-18 09:52:42.081 INFO  (qtp1472216456-23) [   x:db] o.a.s.c.S.Request [db]  webapp=/solr path=/admin/segments params={wt=json&_=1621331562061} status=0 QTime=6
2021-05-18 09:52:42.085 INFO  (qtp1472216456-18) [   ] o.a.s.s.HttpSolrCall [admin] webapp=null path=/admin/info/system params={wt=json&_=1621331398346} status=0 QTime=11
2021-05-18 09:52:43.781 INFO  (qtp1472216456-18) [   ] o.a.s.s.HttpSolrCall [admin] webapp=null path=/admin/cores params={indexInfo=false&wt=json&_=1621331398345} status=0 QTime=1
2021-05-18 09:52:43.785 INFO  (qtp1472216456-52) [   x:db] o.a.s.c.S.Request [db]  webapp=/solr path=/admin/luke params={show=schema&wt=json&_=1621331403772} status=0 QTime=5
2021-05-18 09:52:43.790 INFO  (qtp1472216456-25) [   ] o.a.s.s.HttpSolrCall [admin] webapp=null path=/admin/info/system params={wt=json&_=1621331398346} status=0 QTime=10
2021-05-18 09:52:45.650 INFO  (qtp1472216456-52) [   ] o.a.s.s.HttpSolrCall [admin] webapp=null path=/admin/cores params={indexInfo=false&wt=json&_=1621331398345} status=0 QTime=0
2021-05-18 09:52:45.653 INFO  (qtp1472216456-53) [   x:db] o.a.s.c.S.Request [db]  webapp=/solr path=/admin/mbeans params={cat=QUERY&wt=json&_=1621331404761} status=0 QTime=1
2021-05-18 09:52:45.665 INFO  (qtp1472216456-23) [   ] o.a.s.s.HttpSolrCall [admin] webapp=null path=/admin/info/system params={wt=json&_=1621331398346} status=0 QTime=12
2021-05-18 09:52:45.728 INFO  (qtp1472216456-25) [   ] o.a.s.s.HttpSolrCall [admin] webapp=null path=/admin/cores params={indexInfo=false&wt=json&_=1621331398345} status=0 QTime=0
2021-05-18 09:52:45.735 INFO  (qtp1472216456-24) [   x:db] o.a.s.c.S.Request [db]  webapp=/solr path=/admin/mbeans params={cat=QUERY&wt=json&_=1621331404761} status=0 QTime=0
2021-05-18 09:52:45.735 INFO  (qtp1472216456-22) [   x:db] o.a.s.c.S.Request [db]  webapp=/solr path=/dataimport params={indent=on&wt=json&command=show-config&_=1621331404761} status=0 QTime=0
2021-05-18 09:52:45.742 INFO  (qtp1472216456-18) [   ] o.a.s.s.HttpSolrCall [admin] webapp=null path=/admin/info/system params={wt=json&_=1621331398346} status=0 QTime=10
2021-05-18 09:52:45.765 INFO  (qtp1472216456-53) [   x:db] o.a.s.c.S.Request [db]  webapp=/solr path=/dataimport params={indent=on&wt=json&command=status&_=1621331404761} status=0 QTime=0
2021-05-18 09:53:00.325 INFO  (qtp1472216456-53) [   x:db] o.a.s.h.d.DataImporter Loading DIH Configuration: db-data-config.xml
2021-05-18 09:53:00.330 INFO  (qtp1472216456-53) [   x:db] o.a.s.h.d.DataImporter Data Configuration loaded successfully
2021-05-18 09:53:00.331 INFO  (qtp1472216456-53) [   x:db] o.a.s.c.S.Request [db]  webapp=/solr path=/dataimport params={core=db&indent=on&commit=false&name=dataimport&clean=false&wt=json&command=delta-import&entity=post&_=1621331404761&verbose=false} status=0 QTime=6
2021-05-18 09:53:00.331 INFO  (Thread-16) [   ] o.a.s.h.d.DataImporter Starting Delta Import
2021-05-18 09:53:00.345 WARN  (Thread-16) [   ] o.a.s.h.d.SimplePropertiesWriter Unable to read: dataimport.properties
2021-05-18 09:53:00.349 INFO  (Thread-16) [   ] o.a.s.h.d.DocBuilder Starting delta collection.
2021-05-18 09:53:00.349 INFO  (Thread-16) [   ] o.a.s.h.d.DocBuilder Running ModifiedRowKey() for Entity: post
2021-05-18 09:53:00.349 INFO  (Thread-16) [   ] o.a.s.h.d.DocBuilder Completed ModifiedRowKey for Entity: post rows obtained: 0
2021-05-18 09:53:00.349 INFO  (Thread-16) [   ] o.a.s.h.d.DocBuilder Completed DeletedRowKey for Entity: post rows obtained : 0
2021-05-18 09:53:00.349 INFO  (Thread-16) [   ] o.a.s.h.d.DocBuilder Completed parentDeltaQuery for Entity: post
2021-05-18 09:53:00.351 INFO  (qtp1472216456-18) [   x:db] o.a.s.c.S.Request [db]  webapp=/solr path=/dataimport params={indent=on&wt=json&command=status&_=1621331404761} status=0 QTime=0
2021-05-18 09:53:00.352 INFO  (Thread-16) [   ] o.a.s.h.d.DocBuilder Delta Import completed successfully
2021-05-18 09:53:00.352 INFO  (Thread-16) [   ] o.a.s.h.d.DocBuilder Time taken = 0:0:0.6
2021-05-18 09:53:00.352 INFO  (Thread-16) [   ] o.a.s.u.p.LogUpdateProcessorFactory [db]  webapp=/solr path=/dataimport params={core=db&indent=on&commit=false&name=dataimport&clean=false&wt=json&command=delta-import&entity=post&_=1621331404761&verbose=false} status=0 QTime=6{} 0 27
2021-05-18 09:53:04.739 INFO  (qtp1472216456-53) [   ] o.a.s.s.HttpSolrCall [admin] webapp=null path=/admin/cores params={indexInfo=false&wt=json&_=1621331398345} status=0 QTime=0
2021-05-18 09:53:04.740 INFO  (qtp1472216456-24) [   ] o.a.s.s.HttpSolrCall [admin] webapp=null path=/admin/info/logging params={wt=json&_=1621331413447&since=0} status=0 QTime=0
2021-05-18 09:53:04.750 INFO  (qtp1472216456-52) [   ] o.a.s.s.HttpSolrCall [admin] webapp=null path=/admin/info/system params={wt=json&_=1621331398346} status=0 QTime=9
2021-05-18 09:53:11.760 INFO  (qtp1472216456-22) [   ] o.a.s.s.HttpSolrCall [admin] webapp=null path=/admin/cores params={indexInfo=false&wt=json&_=1621331398345} status=0 QTime=0
2021-05-18 09:53:11.770 INFO  (qtp1472216456-25) [   ] o.a.s.s.HttpSolrCall [admin] webapp=null path=/admin/info/system params={wt=json&_=1621331398346} status=0 QTime=9
2021-05-18 09:53:11.787 INFO  (qtp1472216456-24) [   ] o.a.s.s.HttpSolrCall [admin] webapp=null path=/admin/info/system params={wt=json&_=1621331398346} status=0 QTime=11
2021-05-18 09:53:13.080 INFO  (qtp1472216456-25) [   ] o.a.s.s.HttpSolrCall [admin] webapp=null path=/admin/cores params={indexInfo=false&wt=json&_=1621331398345} status=0 QTime=0
2021-05-18 09:53:13.085 INFO  (qtp1472216456-18) [   x:db] o.a.s.c.S.Request [db]  webapp=/solr path=/admin/luke params={numTerms=0&show=index&wt=json&_=1621331403772} status=0 QTime=1
2021-05-18 09:53:13.088 INFO  (qtp1472216456-23) [   x:db] o.a.s.c.S.Request [db]  webapp=/solr path=/replication params={wt=json&command=details&_=1621331403773} status=0 QTime=0
2021-05-18 09:53:13.090 INFO  (qtp1472216456-52) [   ] o.a.s.s.HttpSolrCall [admin] webapp=null path=/admin/info/system params={wt=json&_=1621331398346} status=0 QTime=9
2021-05-18 09:53:13.095 INFO  (qtp1472216456-24) [   x:db] o.a.s.c.S.Request [db]  webapp=/solr path=/admin/system params={wt=json&_=1621331403772} status=0 QTime=6
2021-05-18 09:53:13.103 INFO  (qtp1472216456-22) [   x:db] o.a.s.c.S.Request [db]  webapp=/solr path=/admin/ping params={action=status&wt=json&_=1621331398346&ts=1621331398346} status=503 QTime=0
2021-05-18 09:53:13.751 INFO  (qtp1472216456-24) [   ] o.a.s.s.HttpSolrCall [admin] webapp=null path=/admin/cores params={indexInfo=false&wt=json&_=1621331398345} status=0 QTime=0
2021-05-18 09:53:13.758 INFO  (qtp1472216456-22) [   x:db] o.a.s.c.S.Request [db]  webapp=/solr path=/admin/mbeans params={cat=QUERY&wt=json&_=1621331404761} status=0 QTime=0
2021-05-18 09:53:13.775 INFO  (qtp1472216456-18) [   ] o.a.s.s.HttpSolrCall [admin] webapp=null path=/admin/info/system params={wt=json&_=1621331398346} status=0 QTime=18
2021-05-18 09:53:13.827 INFO  (qtp1472216456-24) [   ] o.a.s.s.HttpSolrCall [admin] webapp=null path=/admin/cores params={indexInfo=false&wt=json&_=1621331398345} status=0 QTime=0
2021-05-18 09:53:13.835 INFO  (qtp1472216456-53) [   x:db] o.a.s.c.S.Request [db]  webapp=/solr path=/admin/mbeans params={cat=QUERY&wt=json&_=1621331404761} status=0 QTime=1
2021-05-18 09:53:13.835 INFO  (qtp1472216456-18) [   x:db] o.a.s.c.S.Request [db]  webapp=/solr path=/dataimport params={indent=on&wt=json&command=show-config&_=1621331404761} status=0 QTime=0
2021-05-18 09:53:13.844 INFO  (qtp1472216456-52) [   ] o.a.s.s.HttpSolrCall [admin] webapp=null path=/admin/info/system params={wt=json&_=1621331398346} status=0 QTime=11
2021-05-18 09:53:13.890 INFO  (qtp1472216456-24) [   x:db] o.a.s.c.S.Request [db]  webapp=/solr path=/dataimport params={indent=on&wt=json&command=status&_=1621331404761} status=0 QTime=0
2021-05-18 09:53:19.388 INFO  (qtp1472216456-52) [   x:db] o.a.s.h.d.DataImporter Loading DIH Configuration: db-data-config.xml
2021-05-18 09:53:19.392 INFO  (qtp1472216456-52) [   x:db] o.a.s.h.d.DataImporter Data Configuration loaded successfully
2021-05-18 09:53:19.393 INFO  (qtp1472216456-52) [   x:db] o.a.s.c.S.Request [db]  webapp=/solr path=/dataimport params={core=db&indent=on&commit=false&name=dataimport&clean=false&wt=json&command=full-import&entity=post&_=1621331404761&verbose=false} status=0 QTime=5
2021-05-18 09:53:19.393 INFO  (Thread-17) [   ] o.a.s.h.d.DataImporter Starting Full Import
2021-05-18 09:53:19.406 WARN  (Thread-17) [   ] o.a.s.h.d.SimplePropertiesWriter Unable to read: dataimport.properties
2021-05-18 09:53:19.411 INFO  (Thread-17) [   ] o.a.s.h.d.JdbcDataSource Creating a connection for entity post with URL: jdbc:mysql://localhost:3306/makble?useUnicode=true&characterEncoding=UTF-8
2021-05-18 09:53:19.415 INFO  (qtp1472216456-24) [   x:db] o.a.s.c.S.Request [db]  webapp=/solr path=/dataimport params={indent=on&wt=json&command=status&_=1621331404761} status=0 QTime=1
2021-05-18 09:53:19.527 ERROR (Thread-17) [   ] o.a.s.h.d.DocBuilder Exception while processing: post document : SolrInputDocument(fields: []):org.apache.solr.handler.dataimport.DataImportHandlerException: Unable to execute query: select * from post Processing Document # 1
	at org.apache.solr.handler.dataimport.DataImportHandlerException.wrapAndThrow(DataImportHandlerException.java:69)
	at org.apache.solr.handler.dataimport.JdbcDataSource$ResultSetIterator.<init>(JdbcDataSource.java:329)
	at org.apache.solr.handler.dataimport.JdbcDataSource.createResultSetIterator(JdbcDataSource.java:290)
	at org.apache.solr.handler.dataimport.JdbcDataSource.getData(JdbcDataSource.java:285)
	at org.apache.solr.handler.dataimport.JdbcDataSource.getData(JdbcDataSource.java:52)
	at org.apache.solr.handler.dataimport.SqlEntityProcessor.initQuery(SqlEntityProcessor.java:59)
	at org.apache.solr.handler.dataimport.SqlEntityProcessor.nextRow(SqlEntityProcessor.java:73)
	at org.apache.solr.handler.dataimport.EntityProcessorWrapper.nextRow(EntityProcessorWrapper.java:272)
	at org.apache.solr.handler.dataimport.DocBuilder.buildDocument(DocBuilder.java:496)
	at org.apache.solr.handler.dataimport.DocBuilder.buildDocument(DocBuilder.java:435)
	at org.apache.solr.handler.dataimport.DocBuilder.doFullDump(DocBuilder.java:350)
	at org.apache.solr.handler.dataimport.DocBuilder.execute(DocBuilder.java:235)
	at org.apache.solr.handler.dataimport.DataImporter.doFullImport(DataImporter.java:427)
	at org.apache.solr.handler.dataimport.DataImporter.runCmd(DataImporter.java:486)
	at org.apache.solr.handler.dataimport.DataImporter.lambda$runAsync$0(DataImporter.java:469)
	at java.base/java.lang.Thread.run(Thread.java:832)
Caused by: java.sql.SQLException: Access denied for user 'root'@'localhost'
	at com.mysql.cj.jdbc.exceptions.SQLError.createSQLException(SQLError.java:129)
	at com.mysql.cj.jdbc.exceptions.SQLExceptionsMapping.translateException(SQLExceptionsMapping.java:122)
	at com.mysql.cj.jdbc.ConnectionImpl.createNewIO(ConnectionImpl.java:833)
	at com.mysql.cj.jdbc.ConnectionImpl.<init>(ConnectionImpl.java:453)
	at com.mysql.cj.jdbc.ConnectionImpl.getInstance(ConnectionImpl.java:246)
	at com.mysql.cj.jdbc.NonRegisteringDriver.connect(NonRegisteringDriver.java:198)
	at org.apache.solr.handler.dataimport.JdbcDataSource$1.call(JdbcDataSource.java:194)
	at org.apache.solr.handler.dataimport.JdbcDataSource$1.call(JdbcDataSource.java:172)
	at org.apache.solr.handler.dataimport.JdbcDataSource.getConnection(JdbcDataSource.java:530)
	at org.apache.solr.handler.dataimport.JdbcDataSource$ResultSetIterator.<init>(JdbcDataSource.java:319)
	... 14 more

2021-05-18 09:53:19.527 INFO  (Thread-17) [   ] o.a.s.u.p.LogUpdateProcessorFactory [db]  webapp=/solr path=/dataimport params={core=db&indent=on&commit=false&name=dataimport&clean=false&wt=json&command=full-import&entity=post&_=1621331404761&verbose=false} status=0 QTime=5{} 0 139
2021-05-18 09:53:19.527 ERROR (Thread-17) [   ] o.a.s.h.d.DataImporter Full Import failed:java.lang.RuntimeException: java.lang.RuntimeException: org.apache.solr.handler.dataimport.DataImportHandlerException: Unable to execute query: select * from post Processing Document # 1
	at org.apache.solr.handler.dataimport.DocBuilder.execute(DocBuilder.java:275)
	at org.apache.solr.handler.dataimport.DataImporter.doFullImport(DataImporter.java:427)
	at org.apache.solr.handler.dataimport.DataImporter.runCmd(DataImporter.java:486)
	at org.apache.solr.handler.dataimport.DataImporter.lambda$runAsync$0(DataImporter.java:469)
	at java.base/java.lang.Thread.run(Thread.java:832)
Caused by: java.lang.RuntimeException: org.apache.solr.handler.dataimport.DataImportHandlerException: Unable to execute query: select * from post Processing Document # 1
	at org.apache.solr.handler.dataimport.DocBuilder.buildDocument(DocBuilder.java:437)
	at org.apache.solr.handler.dataimport.DocBuilder.doFullDump(DocBuilder.java:350)
	at org.apache.solr.handler.dataimport.DocBuilder.execute(DocBuilder.java:235)
	... 4 more
Caused by: org.apache.solr.handler.dataimport.DataImportHandlerException: Unable to execute query: select * from post Processing Document # 1
	at org.apache.solr.handler.dataimport.DataImportHandlerException.wrapAndThrow(DataImportHandlerException.java:69)
	at org.apache.solr.handler.dataimport.JdbcDataSource$ResultSetIterator.<init>(JdbcDataSource.java:329)
	at org.apache.solr.handler.dataimport.JdbcDataSource.createResultSetIterator(JdbcDataSource.java:290)
	at org.apache.solr.handler.dataimport.JdbcDataSource.getData(JdbcDataSource.java:285)
	at org.apache.solr.handler.dataimport.JdbcDataSource.getData(JdbcDataSource.java:52)
	at org.apache.solr.handler.dataimport.SqlEntityProcessor.initQuery(SqlEntityProcessor.java:59)
	at org.apache.solr.handler.dataimport.SqlEntityProcessor.nextRow(SqlEntityProcessor.java:73)
	at org.apache.solr.handler.dataimport.EntityProcessorWrapper.nextRow(EntityProcessorWrapper.java:272)
	at org.apache.solr.handler.dataimport.DocBuilder.buildDocument(DocBuilder.java:496)
	at org.apache.solr.handler.dataimport.DocBuilder.buildDocument(DocBuilder.java:435)
	... 6 more
Caused by: java.sql.SQLException: Access denied for user 'root'@'localhost'
	at com.mysql.cj.jdbc.exceptions.SQLError.createSQLException(SQLError.java:129)
	at com.mysql.cj.jdbc.exceptions.SQLExceptionsMapping.translateException(SQLExceptionsMapping.java:122)
	at com.mysql.cj.jdbc.ConnectionImpl.createNewIO(ConnectionImpl.java:833)
	at com.mysql.cj.jdbc.ConnectionImpl.<init>(ConnectionImpl.java:453)
	at com.mysql.cj.jdbc.ConnectionImpl.getInstance(ConnectionImpl.java:246)
	at com.mysql.cj.jdbc.NonRegisteringDriver.connect(NonRegisteringDriver.java:198)
	at org.apache.solr.handler.dataimport.JdbcDataSource$1.call(JdbcDataSource.java:194)
	at org.apache.solr.handler.dataimport.JdbcDataSource$1.call(JdbcDataSource.java:172)
	at org.apache.solr.handler.dataimport.JdbcDataSource.getConnection(JdbcDataSource.java:530)
	at org.apache.solr.handler.dataimport.JdbcDataSource$ResultSetIterator.<init>(JdbcDataSource.java:319)
	... 14 more

2021-05-18 09:53:19.527 INFO  (Thread-17) [   ] o.a.s.u.DirectUpdateHandler2 start rollback{}
2021-05-18 09:53:19.533 INFO  (Thread-17) [   ] o.a.s.u.DefaultSolrCoreState New IndexWriter is ready to be used.
2021-05-18 09:53:19.533 INFO  (Thread-17) [   ] o.a.s.u.DirectUpdateHandler2 end_rollback
2021-05-18 09:53:23.100 INFO  (qtp1472216456-52) [   ] o.a.s.s.HttpSolrCall [admin] webapp=null path=/admin/cores params={indexInfo=false&wt=json&_=1621331398345} status=0 QTime=0
2021-05-18 09:53:23.104 INFO  (qtp1472216456-24) [   ] o.a.s.s.HttpSolrCall [admin] webapp=null path=/admin/info/logging params={wt=json&_=1621331413447&since=0} status=0 QTime=0
2021-05-18 09:53:23.114 INFO  (qtp1472216456-22) [   ] o.a.s.s.HttpSolrCall [admin] webapp=null path=/admin/info/system params={wt=json&_=1621331398346} status=0 QTime=10
2021-05-18 09:53:33.106 INFO  (qtp1472216456-52) [   ] o.a.s.s.HttpSolrCall [admin] webapp=null path=/admin/info/logging params={wt=json&_=1621331413447&since=0} status=0 QTime=0
2021-05-18 09:53:43.104 INFO  (qtp1472216456-22) [   ] o.a.s.s.HttpSolrCall [admin] webapp=null path=/admin/info/logging params={wt=json&_=1621331413447&since=0} status=0 QTime=0
2021-05-18 09:53:53.795 INFO  (qtp1472216456-52) [   ] o.a.s.s.HttpSolrCall [admin] webapp=null path=/admin/info/logging params={wt=json&_=1621331413447&since=0} status=0 QTime=0
2021-05-18 09:54:04.791 INFO  (qtp1472216456-22) [   ] o.a.s.s.HttpSolrCall [admin] webapp=null path=/admin/info/logging params={wt=json&_=1621331413447&since=0} status=0 QTime=0
2021-05-18 09:54:15.795 INFO  (qtp1472216456-52) [   ] o.a.s.s.HttpSolrCall [admin] webapp=null path=/admin/info/logging params={wt=json&_=1621331413447&since=0} status=0 QTime=0
2021-05-18 09:54:26.792 INFO  (qtp1472216456-22) [   ] o.a.s.s.HttpSolrCall [admin] webapp=null path=/admin/info/logging params={wt=json&_=1621331413447&since=0} status=0 QTime=0
2021-05-18 09:54:36.797 INFO  (qtp1472216456-52) [   ] o.a.s.s.HttpSolrCall [admin] webapp=null path=/admin/info/logging params={wt=json&_=1621331413447&since=0} status=0 QTime=0
2021-05-18 09:54:38.164 INFO  (qtp1472216456-22) [   ] o.a.s.s.HttpSolrCall [admin] webapp=null path=/admin/cores params={indexInfo=false&wt=json&_=1621331398345} status=0 QTime=0
2021-05-18 09:54:38.166 INFO  (qtp1472216456-25) [   x:db] o.a.s.c.S.Request [db]  webapp=/solr path=/replication params={wt=json&command=details&_=1621331403773} status=0 QTime=0
2021-05-18 09:54:38.170 INFO  (qtp1472216456-23) [   x:db] o.a.s.c.S.Request [db]  webapp=/solr path=/admin/luke params={numTerms=0&show=index&wt=json&_=1621331403772} status=0 QTime=1
2021-05-18 09:54:38.172 INFO  (qtp1472216456-53) [   ] o.a.s.s.HttpSolrCall [admin] webapp=null path=/admin/info/system params={wt=json&_=1621331398346} status=0 QTime=6
2021-05-18 09:54:38.174 INFO  (qtp1472216456-18) [   x:db] o.a.s.c.S.Request [db]  webapp=/solr path=/admin/ping params={action=status&wt=json&_=1621331398346&ts=1621331398346} status=503 QTime=0
2021-05-18 09:54:38.180 INFO  (qtp1472216456-24) [   x:db] o.a.s.c.S.Request [db]  webapp=/solr path=/admin/system params={wt=json&_=1621331403772} status=0 QTime=9
2021-05-18 09:54:38.870 INFO  (qtp1472216456-25) [   ] o.a.s.s.HttpSolrCall [admin] webapp=null path=/admin/cores params={indexInfo=false&wt=json&_=1621331398345} status=0 QTime=0
2021-05-18 09:54:38.871 INFO  (qtp1472216456-18) [   x:db] o.a.s.c.S.Request [db]  webapp=/solr path=/admin/mbeans params={cat=QUERY&wt=json&_=1621331404761} status=0 QTime=0
2021-05-18 09:54:38.880 INFO  (qtp1472216456-23) [   ] o.a.s.s.HttpSolrCall [admin] webapp=null path=/admin/info/system params={wt=json&_=1621331398346} status=0 QTime=9
2021-05-18 09:54:38.927 INFO  (qtp1472216456-53) [   ] o.a.s.s.HttpSolrCall [admin] webapp=null path=/admin/cores params={indexInfo=false&wt=json&_=1621331398345} status=0 QTime=0
2021-05-18 09:54:38.929 INFO  (qtp1472216456-24) [   x:db] o.a.s.c.S.Request [db]  webapp=/solr path=/admin/mbeans params={cat=QUERY&wt=json&_=1621331404761} status=0 QTime=0
2021-05-18 09:54:38.936 INFO  (qtp1472216456-23) [   ] o.a.s.s.HttpSolrCall [admin] webapp=null path=/admin/info/system params={wt=json&_=1621331398346} status=0 QTime=8
2021-05-18 09:54:38.937 INFO  (qtp1472216456-18) [   x:db] o.a.s.c.S.Request [db]  webapp=/solr path=/dataimport params={indent=on&wt=json&command=show-config&_=1621331404761} status=0 QTime=0
2021-05-18 09:54:38.977 INFO  (qtp1472216456-25) [   x:db] o.a.s.c.S.Request [db]  webapp=/solr path=/dataimport params={indent=on&wt=json&command=status&_=1621331404761} status=0 QTime=1
2021-05-18 09:54:40.866 INFO  (qtp1472216456-18) [   x:db] o.a.s.h.d.DataImporter Loading DIH Configuration: db-data-config.xml
2021-05-18 09:54:40.870 INFO  (qtp1472216456-18) [   x:db] o.a.s.h.d.DataImporter Data Configuration loaded successfully
2021-05-18 09:54:40.871 INFO  (Thread-18) [   ] o.a.s.h.d.DataImporter Starting Full Import
2021-05-18 09:54:40.871 INFO  (qtp1472216456-18) [   x:db] o.a.s.c.S.Request [db]  webapp=/solr path=/dataimport params={core=db&indent=on&commit=false&name=dataimport&clean=false&wt=json&command=full-import&_=1621331404761&verbose=false} status=0 QTime=6
2021-05-18 09:54:40.884 INFO  (Thread-18) [   ] o.a.s.h.d.SimplePropertiesWriter Read dataimport.properties
2021-05-18 09:54:40.888 INFO  (Thread-18) [   ] o.a.s.h.d.JdbcDataSource Creating a connection for entity post with URL: jdbc:mysql://localhost:3306/makble?useUnicode=true&characterEncoding=UTF-8
2021-05-18 09:54:40.891 INFO  (qtp1472216456-25) [   x:db] o.a.s.c.S.Request [db]  webapp=/solr path=/dataimport params={indent=on&wt=json&command=status&_=1621331404761} status=0 QTime=1
2021-05-18 09:54:40.950 ERROR (Thread-18) [   ] o.a.s.h.d.DocBuilder Exception while processing: post document : SolrInputDocument(fields: []):org.apache.solr.handler.dataimport.DataImportHandlerException: Unable to execute query: select * from post Processing Document # 1
	at org.apache.solr.handler.dataimport.DataImportHandlerException.wrapAndThrow(DataImportHandlerException.java:69)
	at org.apache.solr.handler.dataimport.JdbcDataSource$ResultSetIterator.<init>(JdbcDataSource.java:329)
	at org.apache.solr.handler.dataimport.JdbcDataSource.createResultSetIterator(JdbcDataSource.java:290)
	at org.apache.solr.handler.dataimport.JdbcDataSource.getData(JdbcDataSource.java:285)
	at org.apache.solr.handler.dataimport.JdbcDataSource.getData(JdbcDataSource.java:52)
	at org.apache.solr.handler.dataimport.SqlEntityProcessor.initQuery(SqlEntityProcessor.java:59)
	at org.apache.solr.handler.dataimport.SqlEntityProcessor.nextRow(SqlEntityProcessor.java:73)
	at org.apache.solr.handler.dataimport.EntityProcessorWrapper.nextRow(EntityProcessorWrapper.java:272)
	at org.apache.solr.handler.dataimport.DocBuilder.buildDocument(DocBuilder.java:496)
	at org.apache.solr.handler.dataimport.DocBuilder.buildDocument(DocBuilder.java:435)
	at org.apache.solr.handler.dataimport.DocBuilder.doFullDump(DocBuilder.java:350)
	at org.apache.solr.handler.dataimport.DocBuilder.execute(DocBuilder.java:235)
	at org.apache.solr.handler.dataimport.DataImporter.doFullImport(DataImporter.java:427)
	at org.apache.solr.handler.dataimport.DataImporter.runCmd(DataImporter.java:486)
	at org.apache.solr.handler.dataimport.DataImporter.lambda$runAsync$0(DataImporter.java:469)
	at java.base/java.lang.Thread.run(Thread.java:832)
Caused by: java.sql.SQLException: Access denied for user 'root'@'localhost'
	at com.mysql.cj.jdbc.exceptions.SQLError.createSQLException(SQLError.java:129)
	at com.mysql.cj.jdbc.exceptions.SQLExceptionsMapping.translateException(SQLExceptionsMapping.java:122)
	at com.mysql.cj.jdbc.ConnectionImpl.createNewIO(ConnectionImpl.java:833)
	at com.mysql.cj.jdbc.ConnectionImpl.<init>(ConnectionImpl.java:453)
	at com.mysql.cj.jdbc.ConnectionImpl.getInstance(ConnectionImpl.java:246)
	at com.mysql.cj.jdbc.NonRegisteringDriver.connect(NonRegisteringDriver.java:198)
	at org.apache.solr.handler.dataimport.JdbcDataSource$1.call(JdbcDataSource.java:194)
	at org.apache.solr.handler.dataimport.JdbcDataSource$1.call(JdbcDataSource.java:172)
	at org.apache.solr.handler.dataimport.JdbcDataSource.getConnection(JdbcDataSource.java:530)
	at org.apache.solr.handler.dataimport.JdbcDataSource$ResultSetIterator.<init>(JdbcDataSource.java:319)
	... 14 more

2021-05-18 09:54:40.950 INFO  (Thread-18) [   ] o.a.s.u.p.LogUpdateProcessorFactory [db]  webapp=/solr path=/dataimport params={core=db&indent=on&commit=false&name=dataimport&clean=false&wt=json&command=full-import&_=1621331404761&verbose=false} status=0 QTime=6{} 0 84
2021-05-18 09:54:40.950 ERROR (Thread-18) [   ] o.a.s.h.d.DataImporter Full Import failed:java.lang.RuntimeException: java.lang.RuntimeException: org.apache.solr.handler.dataimport.DataImportHandlerException: Unable to execute query: select * from post Processing Document # 1
	at org.apache.solr.handler.dataimport.DocBuilder.execute(DocBuilder.java:275)
	at org.apache.solr.handler.dataimport.DataImporter.doFullImport(DataImporter.java:427)
	at org.apache.solr.handler.dataimport.DataImporter.runCmd(DataImporter.java:486)
	at org.apache.solr.handler.dataimport.DataImporter.lambda$runAsync$0(DataImporter.java:469)
	at java.base/java.lang.Thread.run(Thread.java:832)
Caused by: java.lang.RuntimeException: org.apache.solr.handler.dataimport.DataImportHandlerException: Unable to execute query: select * from post Processing Document # 1
	at org.apache.solr.handler.dataimport.DocBuilder.buildDocument(DocBuilder.java:437)
	at org.apache.solr.handler.dataimport.DocBuilder.doFullDump(DocBuilder.java:350)
	at org.apache.solr.handler.dataimport.DocBuilder.execute(DocBuilder.java:235)
	... 4 more
Caused by: org.apache.solr.handler.dataimport.DataImportHandlerException: Unable to execute query: select * from post Processing Document # 1
	at org.apache.solr.handler.dataimport.DataImportHandlerException.wrapAndThrow(DataImportHandlerException.java:69)
	at org.apache.solr.handler.dataimport.JdbcDataSource$ResultSetIterator.<init>(JdbcDataSource.java:329)
	at org.apache.solr.handler.dataimport.JdbcDataSource.createResultSetIterator(JdbcDataSource.java:290)
	at org.apache.solr.handler.dataimport.JdbcDataSource.getData(JdbcDataSource.java:285)
	at org.apache.solr.handler.dataimport.JdbcDataSource.getData(JdbcDataSource.java:52)
	at org.apache.solr.handler.dataimport.SqlEntityProcessor.initQuery(SqlEntityProcessor.java:59)
	at org.apache.solr.handler.dataimport.SqlEntityProcessor.nextRow(SqlEntityProcessor.java:73)
	at org.apache.solr.handler.dataimport.EntityProcessorWrapper.nextRow(EntityProcessorWrapper.java:272)
	at org.apache.solr.handler.dataimport.DocBuilder.buildDocument(DocBuilder.java:496)
	at org.apache.solr.handler.dataimport.DocBuilder.buildDocument(DocBuilder.java:435)
	... 6 more
Caused by: java.sql.SQLException: Access denied for user 'root'@'localhost'
	at com.mysql.cj.jdbc.exceptions.SQLError.createSQLException(SQLError.java:129)
	at com.mysql.cj.jdbc.exceptions.SQLExceptionsMapping.translateException(SQLExceptionsMapping.java:122)
	at com.mysql.cj.jdbc.ConnectionImpl.createNewIO(ConnectionImpl.java:833)
	at com.mysql.cj.jdbc.ConnectionImpl.<init>(ConnectionImpl.java:453)
	at com.mysql.cj.jdbc.ConnectionImpl.getInstance(ConnectionImpl.java:246)
	at com.mysql.cj.jdbc.NonRegisteringDriver.connect(NonRegisteringDriver.java:198)
	at org.apache.solr.handler.dataimport.JdbcDataSource$1.call(JdbcDataSource.java:194)
	at org.apache.solr.handler.dataimport.JdbcDataSource$1.call(JdbcDataSource.java:172)
	at org.apache.solr.handler.dataimport.JdbcDataSource.getConnection(JdbcDataSource.java:530)
	at org.apache.solr.handler.dataimport.JdbcDataSource$ResultSetIterator.<init>(JdbcDataSource.java:319)
	... 14 more

2021-05-18 09:54:40.950 INFO  (Thread-18) [   ] o.a.s.u.DirectUpdateHandler2 start rollback{}
2021-05-18 09:54:40.955 INFO  (Thread-18) [   ] o.a.s.u.DefaultSolrCoreState New IndexWriter is ready to be used.
2021-05-18 09:54:40.955 INFO  (Thread-18) [   ] o.a.s.u.DirectUpdateHandler2 end_rollback
2021-05-18 09:54:44.400 INFO  (qtp1472216456-18) [   ] o.a.s.s.HttpSolrCall [admin] webapp=null path=/admin/cores params={indexInfo=false&wt=json&_=1621331398345} status=0 QTime=0
2021-05-18 09:54:44.402 INFO  (qtp1472216456-24) [   ] o.a.s.s.HttpSolrCall [admin] webapp=null path=/admin/info/logging params={wt=json&_=1621331413447&since=0} status=0 QTime=0
2021-05-18 09:54:44.408 INFO  (qtp1472216456-25) [   ] o.a.s.s.HttpSolrCall [admin] webapp=null path=/admin/info/system params={wt=json&_=1621331398346} status=0 QTime=8
2021-05-18 09:54:54.391 INFO  (qtp1472216456-23) [   ] o.a.s.s.HttpSolrCall [admin] webapp=null path=/admin/info/logging params={wt=json&_=1621331413447&since=0} status=0 QTime=0
2021-05-18 09:55:04.392 INFO  (qtp1472216456-25) [   ] o.a.s.s.HttpSolrCall [admin] webapp=null path=/admin/info/logging params={wt=json&_=1621331413447&since=0} status=0 QTime=0
2021-05-18 09:55:14.393 INFO  (qtp1472216456-23) [   ] o.a.s.s.HttpSolrCall [admin] webapp=null path=/admin/info/logging params={wt=json&_=1621331413447&since=0} status=0 QTime=0
2021-05-18 09:55:24.396 INFO  (qtp1472216456-25) [   ] o.a.s.s.HttpSolrCall [admin] webapp=null path=/admin/info/logging params={wt=json&_=1621331413447&since=0} status=0 QTime=0
2021-05-18 09:55:34.393 INFO  (qtp1472216456-23) [   ] o.a.s.s.HttpSolrCall [admin] webapp=null path=/admin/info/logging params={wt=json&_=1621331413447&since=0} status=0 QTime=0
2021-05-18 09:55:44.394 INFO  (qtp1472216456-25) [   ] o.a.s.s.HttpSolrCall [admin] webapp=null path=/admin/info/logging params={wt=json&_=1621331413447&since=0} status=0 QTime=0
2021-05-18 09:55:54.394 INFO  (qtp1472216456-23) [   ] o.a.s.s.HttpSolrCall [admin] webapp=null path=/admin/info/logging params={wt=json&_=1621331413447&since=0} status=0 QTime=0
2021-05-18 09:56:04.397 INFO  (qtp1472216456-25) [   ] o.a.s.s.HttpSolrCall [admin] webapp=null path=/admin/info/logging params={wt=json&_=1621331413447&since=0} status=0 QTime=0
2021-05-18 09:56:14.396 INFO  (qtp1472216456-23) [   ] o.a.s.s.HttpSolrCall [admin] webapp=null path=/admin/info/logging params={wt=json&_=1621331413447&since=0} status=0 QTime=0
2021-05-18 09:56:24.398 INFO  (qtp1472216456-25) [   ] o.a.s.s.HttpSolrCall [admin] webapp=null path=/admin/info/logging params={wt=json&_=1621331413447&since=0} status=0 QTime=0
2021-05-18 09:56:34.399 INFO  (qtp1472216456-23) [   ] o.a.s.s.HttpSolrCall [admin] webapp=null path=/admin/info/logging params={wt=json&_=1621331413447&since=0} status=0 QTime=0
2021-05-18 09:56:44.400 INFO  (qtp1472216456-25) [   ] o.a.s.s.HttpSolrCall [admin] webapp=null path=/admin/info/logging params={wt=json&_=1621331413447&since=0} status=0 QTime=0
2021-05-18 09:56:54.400 INFO  (qtp1472216456-25) [   ] o.a.s.s.HttpSolrCall [admin] webapp=null path=/admin/info/logging params={wt=json&_=1621331413447&since=0} status=0 QTime=0
2021-05-18 09:57:04.401 INFO  (qtp1472216456-23) [   ] o.a.s.s.HttpSolrCall [admin] webapp=null path=/admin/info/logging params={wt=json&_=1621331413447&since=0} status=0 QTime=0
2021-05-18 09:57:14.403 INFO  (qtp1472216456-25) [   ] o.a.s.s.HttpSolrCall [admin] webapp=null path=/admin/info/logging params={wt=json&_=1621331413447&since=0} status=0 QTime=0
2021-05-18 09:57:24.404 INFO  (qtp1472216456-23) [   ] o.a.s.s.HttpSolrCall [admin] webapp=null path=/admin/info/logging params={wt=json&_=1621331413447&since=0} status=0 QTime=0
2021-05-18 09:57:34.405 INFO  (qtp1472216456-25) [   ] o.a.s.s.HttpSolrCall [admin] webapp=null path=/admin/info/logging params={wt=json&_=1621331413447&since=0} status=0 QTime=0
2021-05-18 09:57:44.405 INFO  (qtp1472216456-23) [   ] o.a.s.s.HttpSolrCall [admin] webapp=null path=/admin/info/logging params={wt=json&_=1621331413447&since=0} status=0 QTime=0
2021-05-18 09:57:54.406 INFO  (qtp1472216456-25) [   ] o.a.s.s.HttpSolrCall [admin] webapp=null path=/admin/info/logging params={wt=json&_=1621331413447&since=0} status=0 QTime=0
2021-05-18 09:58:04.407 INFO  (qtp1472216456-23) [   ] o.a.s.s.HttpSolrCall [admin] webapp=null path=/admin/info/logging params={wt=json&_=1621331413447&since=0} status=0 QTime=0
2021-05-18 09:58:14.408 INFO  (qtp1472216456-25) [   ] o.a.s.s.HttpSolrCall [admin] webapp=null path=/admin/info/logging params={wt=json&_=1621331413447&since=0} status=0 QTime=0
2021-05-18 09:58:24.408 INFO  (qtp1472216456-23) [   ] o.a.s.s.HttpSolrCall [admin] webapp=null path=/admin/info/logging params={wt=json&_=1621331413447&since=0} status=0 QTime=0
2021-05-18 09:58:34.409 INFO  (qtp1472216456-25) [   ] o.a.s.s.HttpSolrCall [admin] webapp=null path=/admin/info/logging params={wt=json&_=1621331413447&since=0} status=0 QTime=0
2021-05-18 09:58:44.410 INFO  (qtp1472216456-23) [   ] o.a.s.s.HttpSolrCall [admin] webapp=null path=/admin/info/logging params={wt=json&_=1621331413447&since=0} status=0 QTime=0
2021-05-18 09:58:54.796 INFO  (qtp1472216456-25) [   ] o.a.s.s.HttpSolrCall [admin] webapp=null path=/admin/info/logging params={wt=json&_=1621331413447&since=0} status=0 QTime=0
2021-05-18 09:59:05.795 INFO  (qtp1472216456-23) [   ] o.a.s.s.HttpSolrCall [admin] webapp=null path=/admin/info/logging params={wt=json&_=1621331413447&since=0} status=0 QTime=0
2021-05-18 09:59:15.793 INFO  (qtp1472216456-25) [   ] o.a.s.s.HttpSolrCall [admin] webapp=null path=/admin/info/logging params={wt=json&_=1621331413447&since=0} status=0 QTime=0
2021-05-18 09:59:23.709 INFO  (qtp1472216456-23) [   ] o.a.s.s.HttpSolrCall [admin] webapp=null path=/admin/cores params={indexInfo=false&wt=json&_=1621331398345} status=0 QTime=0
2021-05-18 09:59:23.721 INFO  (qtp1472216456-18) [   ] o.a.s.s.HttpSolrCall [admin] webapp=null path=/admin/info/system params={wt=json&_=1621331398346} status=0 QTime=7
2021-05-18 09:59:23.732 INFO  (qtp1472216456-23) [   ] o.a.s.s.HttpSolrCall [admin] webapp=null path=/admin/info/system params={wt=json&_=1621331398346} status=0 QTime=8
2021-05-18 12:59:59.317 INFO  (ShutdownMonitor) [   ] o.e.j.s.AbstractConnector Stopped ServerConnector@6399551e{HTTP/1.1, (http/1.1, h2c)}{0.0.0.0:8983}
2021-05-18 12:59:59.317 INFO  (ShutdownMonitor) [   ] o.e.j.s.session node0 Stopped scavenging
2021-05-18 12:59:59.319 INFO  (ShutdownMonitor) [   ] o.a.s.c.CoreContainer Shutting down CoreContainer instance=1272744797
2021-05-18 12:59:59.321 INFO  (coreCloseExecutor-43-thread-1) [   ] o.a.s.c.SolrCore [atom]  CLOSING SolrCore org.apache.solr.core.SolrCore@4d8a2395
2021-05-18 12:59:59.321 INFO  (coreCloseExecutor-43-thread-2) [   ] o.a.s.c.SolrCore [tika]  CLOSING SolrCore org.apache.solr.core.SolrCore@72842d26
2021-05-18 12:59:59.321 INFO  (coreCloseExecutor-43-thread-2) [   ] o.a.s.m.SolrMetricManager Closing metric reporters for registry=solr.core.tika tag=SolrCore@72842d26
2021-05-18 12:59:59.321 INFO  (coreCloseExecutor-43-thread-3) [   ] o.a.s.c.SolrCore [solr]  CLOSING SolrCore org.apache.solr.core.SolrCore@5041dd36
2021-05-18 12:59:59.321 INFO  (coreCloseExecutor-43-thread-4) [   ] o.a.s.c.SolrCore [db]  CLOSING SolrCore org.apache.solr.core.SolrCore@4320119
2021-05-18 12:59:59.321 INFO  (coreCloseExecutor-43-thread-5) [   ] o.a.s.c.SolrCore [mail]  CLOSING SolrCore org.apache.solr.core.SolrCore@761f1e3f
2021-05-18 12:59:59.321 INFO  (coreCloseExecutor-43-thread-2) [   ] o.a.s.m.r.SolrJmxReporter Closing reporter [org.apache.solr.metrics.reporters.SolrJmxReporter@339b9f5d: rootName = null, domain = solr.core.tika, service url = null, agent id = null] for registry solr.core.tika/com.codahale.metrics.MetricRegistry@61c6e986
2021-05-18 12:59:59.336 INFO  (coreCloseExecutor-43-thread-1) [   ] o.a.s.m.SolrMetricManager Closing metric reporters for registry=solr.core.atom tag=SolrCore@4d8a2395
2021-05-18 12:59:59.336 INFO  (coreCloseExecutor-43-thread-1) [   ] o.a.s.m.r.SolrJmxReporter Closing reporter [org.apache.solr.metrics.reporters.SolrJmxReporter@2c2ab2a8: rootName = null, domain = solr.core.atom, service url = null, agent id = null] for registry solr.core.atom/com.codahale.metrics.MetricRegistry@2af726d5
2021-05-18 12:59:59.342 INFO  (coreCloseExecutor-43-thread-2) [   ] o.a.s.u.DirectUpdateHandler2 Committing on IndexWriter.close()  ... SKIPPED (unnecessary).
2021-05-18 12:59:59.352 INFO  (coreCloseExecutor-43-thread-3) [   ] o.a.s.m.SolrMetricManager Closing metric reporters for registry=solr.core.solr tag=SolrCore@5041dd36
2021-05-18 12:59:59.352 INFO  (coreCloseExecutor-43-thread-3) [   ] o.a.s.m.r.SolrJmxReporter Closing reporter [org.apache.solr.metrics.reporters.SolrJmxReporter@198d2576: rootName = null, domain = solr.core.solr, service url = null, agent id = null] for registry solr.core.solr/com.codahale.metrics.MetricRegistry@44057f40
2021-05-18 12:59:59.356 INFO  (coreCloseExecutor-43-thread-1) [   ] o.a.s.u.DirectUpdateHandler2 Committing on IndexWriter.close()  ... SKIPPED (unnecessary).
2021-05-18 12:59:59.364 INFO  (coreCloseExecutor-43-thread-4) [   ] o.a.s.m.SolrMetricManager Closing metric reporters for registry=solr.core.db tag=SolrCore@4320119
2021-05-18 12:59:59.364 INFO  (coreCloseExecutor-43-thread-4) [   ] o.a.s.m.r.SolrJmxReporter Closing reporter [org.apache.solr.metrics.reporters.SolrJmxReporter@47af174e: rootName = null, domain = solr.core.db, service url = null, agent id = null] for registry solr.core.db/com.codahale.metrics.MetricRegistry@1044200a
2021-05-18 12:59:59.369 INFO  (coreCloseExecutor-43-thread-3) [   ] o.a.s.u.DirectUpdateHandler2 Committing on IndexWriter.close()  ... SKIPPED (unnecessary).
2021-05-18 12:59:59.377 INFO  (coreCloseExecutor-43-thread-5) [   ] o.a.s.m.SolrMetricManager Closing metric reporters for registry=solr.core.mail tag=SolrCore@761f1e3f
2021-05-18 12:59:59.377 INFO  (coreCloseExecutor-43-thread-5) [   ] o.a.s.m.r.SolrJmxReporter Closing reporter [org.apache.solr.metrics.reporters.SolrJmxReporter@3a038d93: rootName = null, domain = solr.core.mail, service url = null, agent id = null] for registry solr.core.mail/com.codahale.metrics.MetricRegistry@cb90f96
2021-05-18 12:59:59.382 INFO  (coreCloseExecutor-43-thread-4) [   ] o.a.s.u.DirectUpdateHandler2 Committing on IndexWriter.close()  ... SKIPPED (unnecessary).
2021-05-18 12:59:59.392 INFO  (coreCloseExecutor-43-thread-5) [   ] o.a.s.u.DirectUpdateHandler2 Committing on IndexWriter.close()  ... SKIPPED (unnecessary).
2021-05-18 12:59:59.397 INFO  (ShutdownMonitor) [   ] o.a.s.m.SolrMetricManager Closing metric reporters for registry=solr.node tag=null
2021-05-18 12:59:59.397 INFO  (ShutdownMonitor) [   ] o.a.s.m.r.SolrJmxReporter Closing reporter [org.apache.solr.metrics.reporters.SolrJmxReporter@52f57666: rootName = null, domain = solr.node, service url = null, agent id = null] for registry solr.node/com.codahale.metrics.MetricRegistry@16b5a7c9
2021-05-18 12:59:59.399 INFO  (ShutdownMonitor) [   ] o.a.s.m.SolrMetricManager Closing metric reporters for registry=solr.jvm tag=null
2021-05-18 12:59:59.399 INFO  (ShutdownMonitor) [   ] o.a.s.m.r.SolrJmxReporter Closing reporter [org.apache.solr.metrics.reporters.SolrJmxReporter@1e9469b8: rootName = null, domain = solr.jvm, service url = null, agent id = null] for registry solr.jvm/com.codahale.metrics.MetricRegistry@388e2427
2021-05-18 12:59:59.400 INFO  (ShutdownMonitor) [   ] o.a.s.m.SolrMetricManager Closing metric reporters for registry=solr.jetty tag=null
2021-05-18 12:59:59.401 INFO  (ShutdownMonitor) [   ] o.a.s.m.r.SolrJmxReporter Closing reporter [org.apache.solr.metrics.reporters.SolrJmxReporter@5a08efdc: rootName = null, domain = solr.jetty, service url = null, agent id = null] for registry solr.jetty/com.codahale.metrics.MetricRegistry@26cfbf4f
2021-05-18 12:59:59.410 INFO  (ShutdownMonitor) [   ] o.e.j.s.h.ContextHandler Stopped o.e.j.w.WebAppContext@5b40ceb{/solr,null,STOPPED}{/home/altyriss/MEGAsync/Informatique/Stage Server/solr-8.8.2/server/solr-webapp/webapp}
