2021-05-18 08:41:28.981 INFO  (main) [   ] o.e.j.u.log Logging initialized @1559ms to org.eclipse.jetty.util.log.Slf4jLog
2021-05-18 08:41:29.232 INFO  (main) [   ] o.e.j.s.Server jetty-9.4.34.v20201102; built: 2020-11-02T14:15:39.302Z; git: e46af88704a893fc12cb0e3bf46e2c7b48a009e7; jvm 14.0.2+12-Ubuntu-120.04
2021-05-18 08:41:29.260 INFO  (main) [   ] o.e.j.d.p.ScanningAppProvider Deployment monitor [file:///home/altyriss/MEGAsync/Informatique/Stage%20Server/solr-8.8.2/server/contexts/] at interval 0
2021-05-18 08:41:29.619 INFO  (main) [   ] o.e.j.w.StandardDescriptorProcessor NO JSP Support for /solr, did not find org.apache.jasper.servlet.JspServlet
2021-05-18 08:41:29.631 INFO  (main) [   ] o.e.j.s.session DefaultSessionIdManager workerName=node0
2021-05-18 08:41:29.632 INFO  (main) [   ] o.e.j.s.session No SessionScavenger set, using defaults
2021-05-18 08:41:29.634 INFO  (main) [   ] o.e.j.s.session node0 Scavenging every 660000ms
2021-05-18 08:41:29.714 INFO  (main) [   ] o.a.s.s.SolrDispatchFilter Using logger factory org.apache.logging.slf4j.Log4jLoggerFactory
2021-05-18 08:41:29.721 INFO  (main) [   ] o.a.s.s.SolrDispatchFilter  ___      _       Welcome to Apache Solr™ version 8.8.2
2021-05-18 08:41:29.721 INFO  (main) [   ] o.a.s.s.SolrDispatchFilter / __| ___| |_ _   Starting in standalone mode on port 8983
2021-05-18 08:41:29.721 INFO  (main) [   ] o.a.s.s.SolrDispatchFilter \__ \/ _ \ | '_|  Install dir: /home/altyriss/MEGAsync/Informatique/Stage Server/solr-8.8.2
2021-05-18 08:41:29.721 INFO  (main) [   ] o.a.s.s.SolrDispatchFilter |___/\___/_|_|    Start time: 2021-05-18T08:41:29.721608Z
2021-05-18 08:41:29.745 INFO  (main) [   ] o.a.s.c.SolrPaths Using system property solr.solr.home: /home/altyriss/MEGAsync/Informatique/Stage Server/solr-8.8.2/example/techproducts/solr
2021-05-18 08:41:29.746 INFO  (main) [   ] o.a.s.c.SolrXmlConfig Loading container configuration from /home/altyriss/MEGAsync/Informatique/Stage Server/solr-8.8.2/example/techproducts/solr/solr.xml
2021-05-18 08:41:29.871 INFO  (main) [   ] o.a.s.c.SolrXmlConfig MBean server found: com.sun.jmx.mbeanserver.JmxMBeanServer@1530c739, but no JMX reporters were configured - adding default JMX reporter.
2021-05-18 08:41:30.477 INFO  (main) [   ] o.a.s.h.c.HttpShardHandlerFactory Host whitelist initialized: WhitelistHostChecker [whitelistHosts=null, whitelistHostCheckingEnabled=true]
2021-05-18 08:41:30.678 WARN  (main) [   ] o.e.j.u.s.S.config Trusting all certificates configured for Client@7e94d093[provider=null,keyStore=null,trustStore=null]
2021-05-18 08:41:30.678 WARN  (main) [   ] o.e.j.u.s.S.config No Client EndPointIdentificationAlgorithm configured for Client@7e94d093[provider=null,keyStore=null,trustStore=null]
2021-05-18 08:41:30.871 WARN  (main) [   ] o.e.j.u.s.S.config Trusting all certificates configured for Client@93f432e[provider=null,keyStore=null,trustStore=null]
2021-05-18 08:41:30.871 WARN  (main) [   ] o.e.j.u.s.S.config No Client EndPointIdentificationAlgorithm configured for Client@93f432e[provider=null,keyStore=null,trustStore=null]
2021-05-18 08:41:30.937 WARN  (main) [   ] o.a.s.c.CoreContainer Not all security plugins configured!  authentication=disabled authorization=disabled.  Solr is only as secure as you make it. Consider configuring authentication/authorization before exposing Solr to users internal or external.  See https://s.apache.org/solrsecurity for more info
2021-05-18 08:41:31.195 INFO  (main) [   ] o.a.s.c.TransientSolrCoreCacheDefault Allocating transient cache for 2147483647 transient cores
2021-05-18 08:41:31.201 INFO  (main) [   ] o.a.s.h.a.MetricsHistoryHandler No .system collection, keeping metrics history in memory.
2021-05-18 08:41:31.313 INFO  (main) [   ] o.a.s.m.r.SolrJmxReporter JMX monitoring for 'solr.node' (registry 'solr.node') enabled at server: com.sun.jmx.mbeanserver.JmxMBeanServer@1530c739
2021-05-18 08:41:31.314 INFO  (main) [   ] o.a.s.m.r.SolrJmxReporter JMX monitoring for 'solr.jvm' (registry 'solr.jvm') enabled at server: com.sun.jmx.mbeanserver.JmxMBeanServer@1530c739
2021-05-18 08:41:31.324 INFO  (main) [   ] o.a.s.m.r.SolrJmxReporter JMX monitoring for 'solr.jetty' (registry 'solr.jetty') enabled at server: com.sun.jmx.mbeanserver.JmxMBeanServer@1530c739
2021-05-18 08:41:31.366 INFO  (main) [   ] o.a.s.c.CorePropertiesLocator Found 0 core definitions underneath /home/altyriss/MEGAsync/Informatique/Stage Server/solr-8.8.2/example/techproducts/solr
2021-05-18 08:41:31.447 INFO  (main) [   ] o.e.j.s.h.ContextHandler Started o.e.j.w.WebAppContext@4bef0fe3{/solr,file:///home/altyriss/MEGAsync/Informatique/Stage%20Server/solr-8.8.2/server/solr-webapp/webapp/,AVAILABLE}{/home/altyriss/MEGAsync/Informatique/Stage Server/solr-8.8.2/server/solr-webapp/webapp}
2021-05-18 08:41:31.458 INFO  (main) [   ] o.e.j.s.AbstractConnector Started ServerConnector@93cf163{HTTP/1.1, (http/1.1, h2c)}{0.0.0.0:8983}
2021-05-18 08:41:31.458 INFO  (main) [   ] o.e.j.s.Server Started @4040ms
2021-05-18 08:41:33.000 INFO  (qtp1037854997-24) [   ] o.a.s.s.HttpSolrCall [admin] webapp=null path=/admin/info/system params={wt=json} status=0 QTime=42
2021-05-18 08:41:33.090 INFO  (qtp1037854997-19) [   x:techproducts] o.a.s.s.HttpSolrCall [admin] webapp=null path=/admin/cores params={core=techproducts&action=STATUS&wt=json} status=0 QTime=1
2021-05-18 08:41:33.119 INFO  (qtp1037854997-20) [   ] o.a.s.s.HttpSolrCall [admin] webapp=null path=/admin/info/system params={wt=json} status=0 QTime=15
2021-05-18 08:41:33.142 INFO  (qtp1037854997-17) [   ] o.a.s.s.HttpSolrCall [admin] webapp=null path=/admin/info/system params={wt=json} status=0 QTime=10
2021-05-18 08:41:33.151 INFO  (qtp1037854997-23) [   x:techproducts] o.a.s.s.HttpSolrCall [admin] webapp=null path=/admin/cores params={core=techproducts&action=STATUS&wt=json} status=0 QTime=0
2021-05-18 08:41:33.183 INFO  (qtp1037854997-24) [   x:techproducts] o.a.s.h.a.CoreAdminOperation core create command name=techproducts&action=CREATE&instanceDir=techproducts&wt=json
2021-05-18 08:41:33.251 INFO  (qtp1037854997-24) [   x:techproducts] o.a.s.c.SolrResourceLoader Added 57 libs to classloader, from paths: [/home/altyriss/MEGAsync/Informatique/Stage%20Server/solr-8.8.2/contrib/extraction/lib, /home/altyriss/MEGAsync/Informatique/Stage%20Server/solr-8.8.2/contrib/langid/lib, /home/altyriss/MEGAsync/Informatique/Stage%20Server/solr-8.8.2/contrib/velocity/lib, /home/altyriss/MEGAsync/Informatique/Stage%20Server/solr-8.8.2/dist]
2021-05-18 08:41:33.523 INFO  (qtp1037854997-24) [   x:techproducts] o.a.s.c.SolrConfig Using Lucene MatchVersion: 8.8.2
2021-05-18 08:41:33.567 INFO  (qtp1037854997-24) [   x:techproducts] o.a.s.u.SolrIndexConfig IndexWriter infoStream solr logging is enabled
2021-05-18 08:41:33.715 INFO  (qtp1037854997-24) [   x:techproducts] o.a.s.s.IndexSchema Schema name=example
2021-05-18 08:41:34.141 INFO  (qtp1037854997-24) [   x:techproducts] o.a.s.r.RestManager Registered ManagedResource impl org.apache.solr.rest.schema.analysis.ManagedWordSetResource for path /schema/analysis/stopwords/english
2021-05-18 08:41:34.142 INFO  (qtp1037854997-24) [   x:techproducts] o.a.s.r.RestManager Registered ManagedResource impl org.apache.solr.rest.schema.analysis.ManagedSynonymGraphFilterFactory$SynonymManager for path /schema/analysis/synonyms/english
2021-05-18 08:41:34.142 INFO  (qtp1037854997-24) [   x:techproducts] o.a.s.r.RestManager Added observer of type org.apache.solr.rest.schema.analysis.ManagedStopFilterFactory to existing ManagedResource /schema/analysis/stopwords/english
2021-05-18 08:41:34.142 INFO  (qtp1037854997-24) [   x:techproducts] o.a.s.r.RestManager Added observer of type org.apache.solr.rest.schema.analysis.ManagedSynonymGraphFilterFactory to existing ManagedResource /schema/analysis/synonyms/english
2021-05-18 08:41:34.157 INFO  (qtp1037854997-24) [   x:techproducts] o.a.s.s.IndexSchema Loaded schema example/1.6 with uniqueid field id
2021-05-18 08:41:34.158 INFO  (qtp1037854997-24) [   x:techproducts] o.a.s.r.RestManager Added observer of type org.apache.solr.rest.schema.analysis.ManagedStopFilterFactory to existing ManagedResource /schema/analysis/stopwords/english
2021-05-18 08:41:34.158 INFO  (qtp1037854997-24) [   x:techproducts] o.a.s.r.RestManager Added observer of type org.apache.solr.rest.schema.analysis.ManagedSynonymGraphFilterFactory to existing ManagedResource /schema/analysis/synonyms/english
2021-05-18 08:41:34.158 INFO  (qtp1037854997-24) [   x:techproducts] o.a.s.r.RestManager Added observer of type org.apache.solr.rest.schema.analysis.ManagedStopFilterFactory to existing ManagedResource /schema/analysis/stopwords/english
2021-05-18 08:41:34.158 INFO  (qtp1037854997-24) [   x:techproducts] o.a.s.r.RestManager Added observer of type org.apache.solr.rest.schema.analysis.ManagedSynonymGraphFilterFactory to existing ManagedResource /schema/analysis/synonyms/english
2021-05-18 08:41:34.232 INFO  (qtp1037854997-24) [   x:techproducts] o.a.s.c.CoreContainer Creating SolrCore 'techproducts' using configuration from instancedir /home/altyriss/MEGAsync/Informatique/Stage Server/solr-8.8.2/example/techproducts/solr/techproducts, trusted=true
2021-05-18 08:41:34.247 INFO  (qtp1037854997-24) [   x:techproducts] o.a.s.m.r.SolrJmxReporter JMX monitoring for 'solr.core.techproducts' (registry 'solr.core.techproducts') enabled at server: com.sun.jmx.mbeanserver.JmxMBeanServer@1530c739
2021-05-18 08:41:34.264 INFO  (qtp1037854997-24) [   x:techproducts] o.a.s.c.SolrCore [[techproducts] ] Opening new SolrCore at [/home/altyriss/MEGAsync/Informatique/Stage Server/solr-8.8.2/example/techproducts/solr/techproducts], dataDir=[/home/altyriss/MEGAsync/Informatique/Stage Server/solr-8.8.2/example/techproducts/solr/techproducts/data/]
2021-05-18 08:41:34.384 INFO  (qtp1037854997-24) [   x:techproducts] o.a.s.r.XSLTResponseWriter xsltCacheLifetimeSeconds=5
2021-05-18 08:41:34.858 INFO  (qtp1037854997-24) [   x:techproducts] o.a.s.u.UpdateHandler Using UpdateLog implementation: org.apache.solr.update.UpdateLog
2021-05-18 08:41:34.858 INFO  (qtp1037854997-24) [   x:techproducts] o.a.s.u.UpdateLog Initializing UpdateLog: dataDir= defaultSyncLevel=FLUSH numRecordsToKeep=100 maxNumLogsToKeep=10 numVersionBuckets=65536
2021-05-18 08:41:34.872 INFO  (qtp1037854997-24) [   x:techproducts] o.a.s.u.CommitTracker Hard AutoCommit: if uncommitted for 15000ms; 
2021-05-18 08:41:34.872 INFO  (qtp1037854997-24) [   x:techproducts] o.a.s.u.CommitTracker Soft AutoCommit: disabled
2021-05-18 08:41:34.934 INFO  (qtp1037854997-24) [   x:techproducts] o.a.s.r.ManagedResourceStorage File-based storage initialized to use dir: /home/altyriss/MEGAsync/Informatique/Stage Server/solr-8.8.2/example/techproducts/solr/techproducts/conf
2021-05-18 08:41:34.936 INFO  (qtp1037854997-24) [   x:techproducts] o.a.s.r.ManagedResourceStorage Loaded LinkedHashMap at path _rest_managed.json using file:dir=/home/altyriss/MEGAsync/Informatique/Stage Server/solr-8.8.2/example/techproducts/solr/techproducts/conf
2021-05-18 08:41:34.936 INFO  (qtp1037854997-24) [   x:techproducts] o.a.s.r.ManagedResource Loaded initArgs {} for /rest/managed
2021-05-18 08:41:34.937 INFO  (qtp1037854997-24) [   x:techproducts] o.a.s.r.ManagedResourceStorage Loaded LinkedHashMap at path _schema_analysis_stopwords_english.json using file:dir=/home/altyriss/MEGAsync/Informatique/Stage Server/solr-8.8.2/example/techproducts/solr/techproducts/conf
2021-05-18 08:41:34.937 INFO  (qtp1037854997-24) [   x:techproducts] o.a.s.r.ManagedResource Loaded initArgs {ignoreCase=true} for /schema/analysis/stopwords/english
2021-05-18 08:41:34.938 INFO  (qtp1037854997-24) [   x:techproducts] o.a.s.r.s.a.ManagedWordSetResource Loaded 35 words for /schema/analysis/stopwords/english
2021-05-18 08:41:34.938 INFO  (qtp1037854997-24) [   x:techproducts] o.a.s.r.ManagedResource Notified 2 observers of /schema/analysis/stopwords/english
2021-05-18 08:41:34.938 INFO  (qtp1037854997-24) [   x:techproducts] o.a.s.r.ManagedResourceStorage Loaded LinkedHashMap at path _schema_analysis_synonyms_english.json using file:dir=/home/altyriss/MEGAsync/Informatique/Stage Server/solr-8.8.2/example/techproducts/solr/techproducts/conf
2021-05-18 08:41:34.938 INFO  (qtp1037854997-24) [   x:techproducts] o.a.s.r.ManagedResource Loaded initArgs {ignoreCase=true,format=solr} for /schema/analysis/synonyms/english
2021-05-18 08:41:34.939 INFO  (qtp1037854997-24) [   x:techproducts] o.a.s.r.s.a.ManagedSynonymGraphFilterFactory Loaded 3 synonym mappings for /schema/analysis/synonyms/english
2021-05-18 08:41:34.941 INFO  (qtp1037854997-24) [   x:techproducts] o.a.s.r.ManagedResource Notified 2 observers of /schema/analysis/synonyms/english
2021-05-18 08:41:34.955 INFO  (qtp1037854997-24) [   x:techproducts] o.a.s.h.c.SpellCheckComponent Initializing spell checkers
2021-05-18 08:41:34.964 INFO  (qtp1037854997-24) [   x:techproducts] o.a.s.s.DirectSolrSpellChecker init: {name=default,field=text,classname=solr.DirectSolrSpellChecker,distanceMeasure=internal,accuracy=0.5,maxEdits=2,minPrefix=1,maxInspections=5,minQueryLength=4,maxQueryFrequency=0.01}
2021-05-18 08:41:34.975 INFO  (qtp1037854997-24) [   x:techproducts] o.a.s.h.c.SuggestComponent Initializing SuggestComponent
2021-05-18 08:41:34.978 INFO  (qtp1037854997-24) [   x:techproducts] o.a.s.s.s.SolrSuggester init: {name=mySuggester,lookupImpl=FuzzyLookupFactory,dictionaryImpl=DocumentDictionaryFactory,field=cat,weightField=price,suggestAnalyzerFieldType=string,buildOnStartup=false}
2021-05-18 08:41:35.000 INFO  (qtp1037854997-24) [   x:techproducts] o.a.s.s.s.SolrSuggester Dictionary loaded with params: {name=mySuggester,lookupImpl=FuzzyLookupFactory,dictionaryImpl=DocumentDictionaryFactory,field=cat,weightField=price,suggestAnalyzerFieldType=string,buildOnStartup=false}
2021-05-18 08:41:35.001 INFO  (qtp1037854997-24) [   x:techproducts] o.a.s.h.c.QueryElevationComponent Loading QueryElevation from: /home/altyriss/MEGAsync/Informatique/Stage Server/solr-8.8.2/example/techproducts/solr/techproducts/conf/elevate.xml
2021-05-18 08:41:35.017 INFO  (qtp1037854997-24) [   x:techproducts] o.a.s.h.ReplicationHandler Commits will be reserved for 10000 ms
2021-05-18 08:41:35.022 INFO  (qtp1037854997-24) [   x:techproducts] o.a.s.u.UpdateLog Could not find max version in index or recent updates, using new clock 1700084889704988672
2021-05-18 08:41:35.029 INFO  (qtp1037854997-24) [   ] o.a.s.s.HttpSolrCall [admin] webapp=null path=/admin/cores params={name=techproducts&action=CREATE&instanceDir=techproducts&wt=json} status=0 QTime=1846
2021-05-18 08:41:35.138 INFO  (searcherExecutor-15-thread-1-processing-x:techproducts) [   x:techproducts] o.a.s.c.S.Request [techproducts]  webapp=null path=null params={q=static+firstSearcher+warming+in+solrconfig.xml&distrib=false&event=firstSearcher} hits=0 status=0 QTime=107
2021-05-18 08:41:35.139 INFO  (searcherExecutor-15-thread-1-processing-x:techproducts) [   x:techproducts] o.a.s.c.QuerySenderListener QuerySenderListener done.
2021-05-18 08:41:35.139 INFO  (searcherExecutor-15-thread-1-processing-x:techproducts) [   x:techproducts] o.a.s.h.c.SpellCheckComponent Loading spell index for spellchecker: default
2021-05-18 08:41:35.139 INFO  (searcherExecutor-15-thread-1-processing-x:techproducts) [   x:techproducts] o.a.s.h.c.SpellCheckComponent Loading spell index for spellchecker: wordbreak
2021-05-18 08:41:35.149 INFO  (searcherExecutor-15-thread-1-processing-x:techproducts) [   x:techproducts] o.a.s.c.SolrCore [techproducts]  Registered new searcher autowarm time: 0 ms
2021-05-18 08:41:35.299 INFO  (qtp1037854997-24) [   x:techproducts] o.a.s.u.p.LogUpdateProcessorFactory [techproducts]  webapp=/solr path=/update params={}{add=[3007WFP (1700084889859129344)]} 0 235
2021-05-18 08:41:35.324 INFO  (qtp1037854997-25) [   x:techproducts] o.a.s.u.p.LogUpdateProcessorFactory [techproducts]  webapp=/solr path=/update params={}{add=[GB18030TEST (1700084890017464320)]} 0 14
2021-05-18 08:41:35.347 INFO  (qtp1037854997-24) [   x:techproducts] o.a.s.u.p.LogUpdateProcessorFactory [techproducts]  webapp=/solr path=/update params={}{add=[TWINX2048-3200PRO (1700084890026901504), VS1GB400C3 (1700084890039484416), VDBDB1A16 (1700084890042630144)]} 0 19
2021-05-18 08:41:35.362 INFO  (qtp1037854997-25) [   x:techproducts] o.a.s.u.p.LogUpdateProcessorFactory [techproducts]  webapp=/solr path=/update params={}{add=[SP2514N (1700084890052067328), 6H500F0 (1700084890057310208)]} 0 10
2021-05-18 08:41:35.372 INFO  (qtp1037854997-24) [   x:techproducts] o.a.s.u.p.LogUpdateProcessorFactory [techproducts]  webapp=/solr path=/update params={}{add=[0579B002 (1700084890067795968)]} 0 6
2021-05-18 08:41:35.387 INFO  (qtp1037854997-25) [   x:techproducts] o.a.s.u.p.LogUpdateProcessorFactory [techproducts]  webapp=/solr path=/update params={}{add=[EN7800GTX/2DHTV/256M (1700084890079330304), 100-435805 (1700084890084573184)]} 0 10
2021-05-18 08:41:35.393 INFO  (qtp1037854997-24) [   x:techproducts] o.a.s.u.p.LogUpdateProcessorFactory [techproducts]  webapp=/solr path=/update params={}{add=[VA902B (1700084890091913216)]} 0 2
2021-05-18 08:41:35.402 INFO  (qtp1037854997-25) [   x:techproducts] o.a.s.u.p.LogUpdateProcessorFactory [techproducts]  webapp=/solr path=/update params={}{add=[MA147LL/A (1700084890099253248)]} 0 5
2021-05-18 08:41:35.413 INFO  (qtp1037854997-24) [   x:techproducts] o.a.s.u.p.LogUpdateProcessorFactory [techproducts]  webapp=/solr path=/update params={}{add=[F8V7067-APL-KIT (1700084890108690432), IW-02 (1700084890111836160)]} 0 7
2021-05-18 08:41:35.423 INFO  (qtp1037854997-25) [   x:techproducts] o.a.s.u.p.LogUpdateProcessorFactory [techproducts]  webapp=/solr path=/update params={}{add=[USD (1700084890120224768), EUR (1700084890121273344), GBP (1700084890123370496), NOK (1700084890124419072)]} 0 6
2021-05-18 08:41:35.435 INFO  (qtp1037854997-24) [   x:techproducts] o.a.s.u.p.LogUpdateProcessorFactory [techproducts]  webapp=/solr path=/update params={}{add=[UTF8TEST (1700084890132807680)]} 0 8
2021-05-18 08:41:35.448 INFO  (qtp1037854997-25) [   x:techproducts] o.a.s.u.p.LogUpdateProcessorFactory [techproducts]  webapp=/solr path=/update params={}{add=[adata (1700084890143293440), apple (1700084890145390592), asus (1700084890145390593), ati (1700084890146439168), belkin (1700084890147487744), canon (1700084890147487745), corsair (1700084890148536320), dell (1700084890149584896), maxtor (1700084890150633472), samsung (1700084890150633473), ... (11 adds)]} 0 9
2021-05-18 08:41:35.458 INFO  (qtp1037854997-24) [   x:techproducts] o.a.s.u.p.LogUpdateProcessorFactory [techproducts]  webapp=/solr path=/update params={}{add=[9885A004 (1700084890157973504)]} 0 5
2021-05-18 08:41:35.467 INFO  (qtp1037854997-25) [   x:techproducts] o.a.s.u.p.LogUpdateProcessorFactory [techproducts]  webapp=/solr path=/update params={}{add=[SOLR1000 (1700084890167410688)]} 0 5
2021-05-18 08:41:35.736 INFO  (searcherExecutor-15-thread-1-processing-x:techproducts) [   x:techproducts] o.a.s.c.QuerySenderListener QuerySenderListener done.
2021-05-18 08:41:35.749 INFO  (searcherExecutor-15-thread-1-processing-x:techproducts) [   x:techproducts] o.a.s.c.SolrCore [techproducts]  Registered new searcher autowarm time: 3 ms
2021-05-18 08:41:35.757 INFO  (qtp1037854997-24) [   x:techproducts] o.a.s.u.p.LogUpdateProcessorFactory [techproducts]  webapp=/solr path=/update params={commit=true}{commit=} 0 287
2021-05-18 08:41:41.506 INFO  (qtp1037854997-18) [   ] o.a.s.s.HttpSolrCall [admin] webapp=null path=/admin/cores params={indexInfo=false&wt=json&_=1621327301390} status=0 QTime=0
2021-05-18 08:41:41.515 INFO  (qtp1037854997-23) [   ] o.a.s.s.HttpSolrCall [admin] webapp=null path=/admin/info/system params={wt=json&_=1621327301391} status=0 QTime=8
2021-05-18 08:41:41.530 INFO  (qtp1037854997-22) [   ] o.a.s.s.HttpSolrCall [admin] webapp=null path=/admin/info/system params={wt=json&_=1621327301391} status=0 QTime=10
2021-05-18 08:41:57.066 INFO  (qtp1037854997-23) [   ] o.a.s.s.HttpSolrCall [admin] webapp=null path=/admin/cores params={indexInfo=false&wt=json&_=1621327301390} status=0 QTime=0
2021-05-18 08:41:57.071 INFO  (qtp1037854997-26) [   ] o.a.s.s.HttpSolrCall [admin] webapp=null path=/admin/info/logging params={wt=json&_=1621327317056&since=0} status=0 QTime=2
2021-05-18 08:41:57.081 INFO  (qtp1037854997-25) [   ] o.a.s.s.HttpSolrCall [admin] webapp=null path=/admin/info/system params={wt=json&_=1621327301391} status=0 QTime=13
2021-05-18 08:41:58.974 INFO  (qtp1037854997-18) [   ] o.a.s.s.HttpSolrCall [admin] webapp=null path=/admin/cores params={indexInfo=false&wt=json&_=1621327301390} status=0 QTime=0
2021-05-18 08:41:58.994 INFO  (qtp1037854997-22) [   ] o.a.s.s.HttpSolrCall [admin] webapp=null path=/admin/info/logging params={wt=json&_=1621327317056} status=0 QTime=16
2021-05-18 08:41:58.996 INFO  (qtp1037854997-19) [   ] o.a.s.s.HttpSolrCall [admin] webapp=null path=/admin/info/system params={wt=json&_=1621327301391} status=0 QTime=18
2021-05-18 08:42:02.834 INFO  (qtp1037854997-26) [   ] o.a.s.s.HttpSolrCall [admin] webapp=null path=/admin/cores params={indexInfo=false&wt=json&_=1621327301390} status=0 QTime=0
2021-05-18 08:42:02.844 INFO  (qtp1037854997-25) [   ] o.a.s.s.HttpSolrCall [admin] webapp=null path=/admin/cores params={wt=json&_=1621327301390} status=0 QTime=8
2021-05-18 08:42:02.856 INFO  (qtp1037854997-18) [   ] o.a.s.s.HttpSolrCall [admin] webapp=null path=/admin/info/system params={wt=json&_=1621327301391} status=0 QTime=20
2021-05-18 08:42:02.922 INFO  (qtp1037854997-19) [   ] o.a.s.s.HttpSolrCall [admin] webapp=null path=/admin/cores params={indexInfo=false&wt=json&_=1621327301390} status=0 QTime=0
2021-05-18 08:42:02.927 INFO  (qtp1037854997-22) [   ] o.a.s.s.HttpSolrCall [admin] webapp=null path=/admin/cores params={wt=json&_=1621327301390} status=0 QTime=3
2021-05-18 08:42:02.936 INFO  (qtp1037854997-23) [   ] o.a.s.s.HttpSolrCall [admin] webapp=null path=/admin/info/system params={wt=json&_=1621327301391} status=0 QTime=12
2021-05-18 08:42:16.344 INFO  (qtp1037854997-25) [   ] o.a.s.s.HttpSolrCall [admin] webapp=null path=/admin/cores params={indexInfo=false&wt=json&_=1621327301390} status=0 QTime=0
2021-05-18 08:42:16.386 INFO  (qtp1037854997-26) [   ] o.a.s.s.HttpSolrCall [admin] webapp=null path=/admin/info/system params={wt=json&_=1621327301391} status=0 QTime=41
2021-05-18 08:42:16.406 INFO  (qtp1037854997-18) [   ] o.a.s.s.HttpSolrCall [admin] webapp=null path=/admin/info/threads params={wt=json&_=1621327336334} status=0 QTime=60
2021-05-18 08:42:19.084 INFO  (qtp1037854997-19) [   ] o.a.s.s.HttpSolrCall [admin] webapp=null path=/admin/cores params={indexInfo=false&wt=json&_=1621327301390} status=0 QTime=0
2021-05-18 08:42:19.099 INFO  (qtp1037854997-22) [   ] o.a.s.s.HttpSolrCall [admin] webapp=null path=/admin/info/properties params={wt=json&_=1621327339076} status=0 QTime=0
2021-05-18 08:42:19.108 INFO  (qtp1037854997-18) [   ] o.a.s.s.HttpSolrCall [admin] webapp=null path=/admin/info/system params={wt=json&_=1621327301391} status=0 QTime=14
2021-05-18 08:42:21.151 INFO  (qtp1037854997-19) [   ] o.a.s.s.HttpSolrCall [admin] webapp=null path=/admin/cores params={indexInfo=false&wt=json&_=1621327301390} status=0 QTime=0
2021-05-18 08:42:21.158 INFO  (qtp1037854997-23) [   ] o.a.s.s.HttpSolrCall [admin] webapp=null path=/admin/cores params={wt=json&_=1621327301390} status=0 QTime=2
2021-05-18 08:42:21.165 INFO  (qtp1037854997-26) [   ] o.a.s.s.HttpSolrCall [admin] webapp=null path=/admin/info/system params={wt=json&_=1621327301391} status=0 QTime=11
2021-05-18 08:42:21.211 INFO  (qtp1037854997-19) [   ] o.a.s.s.HttpSolrCall [admin] webapp=null path=/admin/cores params={indexInfo=false&wt=json&_=1621327301390} status=0 QTime=0
2021-05-18 08:42:21.221 INFO  (qtp1037854997-26) [   ] o.a.s.s.HttpSolrCall [admin] webapp=null path=/admin/cores params={wt=json&_=1621327301390} status=0 QTime=1
2021-05-18 08:42:21.233 INFO  (qtp1037854997-23) [   ] o.a.s.s.HttpSolrCall [admin] webapp=null path=/admin/info/system params={wt=json&_=1621327301391} status=0 QTime=12
2021-05-18 08:42:51.265 INFO  (ShutdownMonitor) [   ] o.e.j.s.AbstractConnector Stopped ServerConnector@93cf163{HTTP/1.1, (http/1.1, h2c)}{0.0.0.0:8983}
2021-05-18 08:42:51.265 INFO  (ShutdownMonitor) [   ] o.e.j.s.session node0 Stopped scavenging
2021-05-18 08:42:51.267 INFO  (ShutdownMonitor) [   ] o.a.s.c.CoreContainer Shutting down CoreContainer instance=665512315
2021-05-18 08:42:51.268 INFO  (coreCloseExecutor-21-thread-1) [   ] o.a.s.c.SolrCore [techproducts]  CLOSING SolrCore org.apache.solr.core.SolrCore@2412dccb
2021-05-18 08:42:51.269 INFO  (coreCloseExecutor-21-thread-1) [   ] o.a.s.m.SolrMetricManager Closing metric reporters for registry=solr.core.techproducts tag=SolrCore@2412dccb
2021-05-18 08:42:51.269 INFO  (coreCloseExecutor-21-thread-1) [   ] o.a.s.m.r.SolrJmxReporter Closing reporter [org.apache.solr.metrics.reporters.SolrJmxReporter@6b1d88ab: rootName = null, domain = solr.core.techproducts, service url = null, agent id = null] for registry solr.core.techproducts/com.codahale.metrics.MetricRegistry@33fa9c39
2021-05-18 08:42:51.295 INFO  (coreCloseExecutor-21-thread-1) [   ] o.a.s.u.DirectUpdateHandler2 Committing on IndexWriter.close()  ... SKIPPED (unnecessary).
2021-05-18 08:42:51.307 INFO  (ShutdownMonitor) [   ] o.a.s.m.SolrMetricManager Closing metric reporters for registry=solr.node tag=null
2021-05-18 08:42:51.308 INFO  (ShutdownMonitor) [   ] o.a.s.m.r.SolrJmxReporter Closing reporter [org.apache.solr.metrics.reporters.SolrJmxReporter@7a583586: rootName = null, domain = solr.node, service url = null, agent id = null] for registry solr.node/com.codahale.metrics.MetricRegistry@1a580476
2021-05-18 08:42:51.316 INFO  (ShutdownMonitor) [   ] o.a.s.m.SolrMetricManager Closing metric reporters for registry=solr.jvm tag=null
2021-05-18 08:42:51.316 INFO  (ShutdownMonitor) [   ] o.a.s.m.r.SolrJmxReporter Closing reporter [org.apache.solr.metrics.reporters.SolrJmxReporter@5c5d6175: rootName = null, domain = solr.jvm, service url = null, agent id = null] for registry solr.jvm/com.codahale.metrics.MetricRegistry@4c98170c
2021-05-18 08:42:51.320 INFO  (ShutdownMonitor) [   ] o.a.s.m.SolrMetricManager Closing metric reporters for registry=solr.jetty tag=null
2021-05-18 08:42:51.320 INFO  (ShutdownMonitor) [   ] o.a.s.m.r.SolrJmxReporter Closing reporter [org.apache.solr.metrics.reporters.SolrJmxReporter@7544ac86: rootName = null, domain = solr.jetty, service url = null, agent id = null] for registry solr.jetty/com.codahale.metrics.MetricRegistry@44dd9fe1
2021-05-18 08:42:51.334 INFO  (ShutdownMonitor) [   ] o.e.j.s.h.ContextHandler Stopped o.e.j.w.WebAppContext@4bef0fe3{/solr,null,STOPPED}{/home/altyriss/MEGAsync/Informatique/Stage Server/solr-8.8.2/server/solr-webapp/webapp}
