2021-05-31 14:33:40.284 INFO  (main) [   ] o.e.j.u.log Logging initialized @1616ms to org.eclipse.jetty.util.log.Slf4jLog
2021-05-31 14:33:40.528 INFO  (main) [   ] o.e.j.s.Server jetty-9.4.34.v20201102; built: 2020-11-02T14:15:39.302Z; git: e46af88704a893fc12cb0e3bf46e2c7b48a009e7; jvm 14.0.2+12-Ubuntu-120.04
2021-05-31 14:33:40.551 INFO  (main) [   ] o.e.j.d.p.ScanningAppProvider Deployment monitor [file:///home/altyriss/MEGAsync/Informatique/Stage_Server/html_local/solr/server/contexts/] at interval 0
2021-05-31 14:33:40.974 INFO  (main) [   ] o.e.j.w.StandardDescriptorProcessor NO JSP Support for /solr, did not find org.apache.jasper.servlet.JspServlet
2021-05-31 14:33:40.993 INFO  (main) [   ] o.e.j.s.session DefaultSessionIdManager workerName=node0
2021-05-31 14:33:40.993 INFO  (main) [   ] o.e.j.s.session No SessionScavenger set, using defaults
2021-05-31 14:33:40.996 INFO  (main) [   ] o.e.j.s.session node0 Scavenging every 660000ms
2021-05-31 14:33:41.088 INFO  (main) [   ] o.a.s.s.SolrDispatchFilter Using logger factory org.apache.logging.slf4j.Log4jLoggerFactory
2021-05-31 14:33:41.094 INFO  (main) [   ] o.a.s.s.SolrDispatchFilter  ___      _       Welcome to Apache Solr™ version 8.8.2
2021-05-31 14:33:41.094 INFO  (main) [   ] o.a.s.s.SolrDispatchFilter / __| ___| |_ _   Starting in standalone mode on port 8983
2021-05-31 14:33:41.094 INFO  (main) [   ] o.a.s.s.SolrDispatchFilter \__ \/ _ \ | '_|  Install dir: /home/altyriss/MEGAsync/Informatique/Stage_Server/html_local/solr
2021-05-31 14:33:41.094 INFO  (main) [   ] o.a.s.s.SolrDispatchFilter |___/\___/_|_|    Start time: 2021-05-31T14:33:41.094795Z
2021-05-31 14:33:41.113 INFO  (main) [   ] o.a.s.c.SolrPaths Using system property solr.solr.home: /home/altyriss/MEGAsync/Informatique/Stage_Server/html_local/solr/server/solr
2021-05-31 14:33:41.113 INFO  (main) [   ] o.a.s.c.SolrXmlConfig Loading container configuration from /home/altyriss/MEGAsync/Informatique/Stage_Server/html_local/solr/server/solr/solr.xml
2021-05-31 14:33:41.216 INFO  (main) [   ] o.a.s.c.SolrXmlConfig MBean server found: com.sun.jmx.mbeanserver.JmxMBeanServer@1ca3b418, but no JMX reporters were configured - adding default JMX reporter.
2021-05-31 14:33:41.974 INFO  (main) [   ] o.a.s.h.c.HttpShardHandlerFactory Host whitelist initialized: WhitelistHostChecker [whitelistHosts=null, whitelistHostCheckingEnabled=true]
2021-05-31 14:33:42.182 WARN  (main) [   ] o.e.j.u.s.S.config Trusting all certificates configured for Client@64412d34[provider=null,keyStore=null,trustStore=null]
2021-05-31 14:33:42.183 WARN  (main) [   ] o.e.j.u.s.S.config No Client EndPointIdentificationAlgorithm configured for Client@64412d34[provider=null,keyStore=null,trustStore=null]
2021-05-31 14:33:42.379 WARN  (main) [   ] o.e.j.u.s.S.config Trusting all certificates configured for Client@4422dd48[provider=null,keyStore=null,trustStore=null]
2021-05-31 14:33:42.379 WARN  (main) [   ] o.e.j.u.s.S.config No Client EndPointIdentificationAlgorithm configured for Client@4422dd48[provider=null,keyStore=null,trustStore=null]
2021-05-31 14:33:42.448 INFO  (main) [   ] o.a.s.c.CoreContainer Initializing authorization plugin: solr.RuleBasedAuthorizationPlugin
2021-05-31 14:33:42.465 INFO  (main) [   ] o.a.s.c.CoreContainer Initializing authentication plugin: solr.BasicAuthPlugin
2021-05-31 14:33:42.475 WARN  (main) [   ] o.a.s.c.CoreContainer Solr authentication is enabled, but SSL is off.  Consider enabling SSL to protect user credentials and data with encryption.
2021-05-31 14:33:42.677 INFO  (main) [   ] o.a.s.c.TransientSolrCoreCacheDefault Allocating transient cache for 2147483647 transient cores
2021-05-31 14:33:42.681 INFO  (main) [   ] o.a.s.h.a.MetricsHistoryHandler No .system collection, keeping metrics history in memory.
2021-05-31 14:33:42.800 INFO  (main) [   ] o.a.s.m.r.SolrJmxReporter JMX monitoring for 'solr.node' (registry 'solr.node') enabled at server: com.sun.jmx.mbeanserver.JmxMBeanServer@1ca3b418
2021-05-31 14:33:42.801 INFO  (main) [   ] o.a.s.m.r.SolrJmxReporter JMX monitoring for 'solr.jvm' (registry 'solr.jvm') enabled at server: com.sun.jmx.mbeanserver.JmxMBeanServer@1ca3b418
2021-05-31 14:33:42.808 INFO  (main) [   ] o.a.s.m.r.SolrJmxReporter JMX monitoring for 'solr.jetty' (registry 'solr.jetty') enabled at server: com.sun.jmx.mbeanserver.JmxMBeanServer@1ca3b418
2021-05-31 14:33:42.860 INFO  (main) [   ] o.a.s.c.CorePropertiesLocator Found 4 core definitions underneath /home/altyriss/MEGAsync/Informatique/Stage_Server/html_local/solr/server/solr
2021-05-31 14:33:42.861 INFO  (main) [   ] o.a.s.c.CorePropertiesLocator Cores are: [products_test_shard1_replica_n1, first_test_core, nutch, gerbeaud_sample]
2021-05-31 14:33:42.876 ERROR (coreContainerWorkExecutor-2-thread-1) [   ] o.a.s.c.CoreContainer Error waiting for SolrCore to be loaded on startup => java.util.concurrent.ExecutionException: org.apache.solr.common.SolrException: Unable to create core [products_test_shard1_replica_n1]
	at java.base/java.util.concurrent.FutureTask.report(FutureTask.java:122)
java.util.concurrent.ExecutionException: org.apache.solr.common.SolrException: Unable to create core [products_test_shard1_replica_n1]
	at java.util.concurrent.FutureTask.report(FutureTask.java:122) ~[?:?]
	at java.util.concurrent.FutureTask.get(FutureTask.java:191) ~[?:?]
	at org.apache.solr.core.CoreContainer.lambda$load$12(CoreContainer.java:882) ~[?:?]
	at com.codahale.metrics.InstrumentedExecutorService$InstrumentedRunnable.run(InstrumentedExecutorService.java:180) ~[metrics-core-4.1.5.jar:4.1.5]
	at java.util.concurrent.Executors$RunnableAdapter.call(Executors.java:515) ~[?:?]
	at java.util.concurrent.FutureTask.run(FutureTask.java:264) ~[?:?]
	at org.apache.solr.common.util.ExecutorUtil$MDCAwareThreadPoolExecutor.lambda$execute$0(ExecutorUtil.java:218) ~[?:?]
	at java.util.concurrent.ThreadPoolExecutor.runWorker(ThreadPoolExecutor.java:1130) ~[?:?]
	at java.util.concurrent.ThreadPoolExecutor$Worker.run(ThreadPoolExecutor.java:630) ~[?:?]
	at java.lang.Thread.run(Thread.java:832) [?:?]
Caused by: org.apache.solr.common.SolrException: Unable to create core [products_test_shard1_replica_n1]
	at org.apache.solr.core.CoreContainer.createFromDescriptor(CoreContainer.java:1459) ~[?:?]
	at org.apache.solr.core.CoreContainer.lambda$load$11(CoreContainer.java:853) ~[?:?]
	at com.codahale.metrics.InstrumentedExecutorService$InstrumentedCallable.call(InstrumentedExecutorService.java:202) ~[metrics-core-4.1.5.jar:4.1.5]
	... 5 more
Caused by: org.apache.solr.common.SolrException: Could not load conf for core products_test_shard1_replica_n1: Error loading solr config from /home/altyriss/MEGAsync/Informatique/Stage_Server/html_local/solr/server/solr/products_test_shard1_replica_n1/conf/solrconfig.xml
	at org.apache.solr.core.ConfigSetService.loadConfigSet(ConfigSetService.java:100) ~[?:?]
	at org.apache.solr.core.CoreContainer.createFromDescriptor(CoreContainer.java:1432) ~[?:?]
	at org.apache.solr.core.CoreContainer.lambda$load$11(CoreContainer.java:853) ~[?:?]
	at com.codahale.metrics.InstrumentedExecutorService$InstrumentedCallable.call(InstrumentedExecutorService.java:202) ~[metrics-core-4.1.5.jar:4.1.5]
	... 5 more
Caused by: org.apache.solr.common.SolrException: Error loading solr config from /home/altyriss/MEGAsync/Informatique/Stage_Server/html_local/solr/server/solr/products_test_shard1_replica_n1/conf/solrconfig.xml
	at org.apache.solr.core.SolrConfig.readFromResourceLoader(SolrConfig.java:159) ~[?:?]
	at org.apache.solr.core.ConfigSetService.createSolrConfig(ConfigSetService.java:123) ~[?:?]
	at org.apache.solr.core.ConfigSetService.loadConfigSet(ConfigSetService.java:95) ~[?:?]
	at org.apache.solr.core.CoreContainer.createFromDescriptor(CoreContainer.java:1432) ~[?:?]
	at org.apache.solr.core.CoreContainer.lambda$load$11(CoreContainer.java:853) ~[?:?]
	at com.codahale.metrics.InstrumentedExecutorService$InstrumentedCallable.call(InstrumentedExecutorService.java:202) ~[metrics-core-4.1.5.jar:4.1.5]
	... 5 more
Caused by: org.apache.solr.core.SolrResourceNotFoundException: Can't find resource 'solrconfig.xml' in classpath or '/home/altyriss/MEGAsync/Informatique/Stage_Server/html_local/solr/server/solr/products_test_shard1_replica_n1'
	at org.apache.solr.core.SolrResourceLoader.openResource(SolrResourceLoader.java:402) ~[?:?]
	at org.apache.solr.core.XmlConfigFile.<init>(XmlConfigFile.java:118) ~[?:?]
	at org.apache.solr.core.SolrConfig.<init>(SolrConfig.java:175) ~[?:?]
	at org.apache.solr.core.SolrConfig.readFromResourceLoader(SolrConfig.java:151) ~[?:?]
	at org.apache.solr.core.ConfigSetService.createSolrConfig(ConfigSetService.java:123) ~[?:?]
	at org.apache.solr.core.ConfigSetService.loadConfigSet(ConfigSetService.java:95) ~[?:?]
	at org.apache.solr.core.CoreContainer.createFromDescriptor(CoreContainer.java:1432) ~[?:?]
	at org.apache.solr.core.CoreContainer.lambda$load$11(CoreContainer.java:853) ~[?:?]
	at com.codahale.metrics.InstrumentedExecutorService$InstrumentedCallable.call(InstrumentedExecutorService.java:202) ~[metrics-core-4.1.5.jar:4.1.5]
	... 5 more
2021-05-31 14:33:42.946 INFO  (coreLoadExecutor-13-thread-3) [   x:nutch] o.a.s.c.SolrConfig Using Lucene MatchVersion: 8.8.2
2021-05-31 14:33:42.946 INFO  (coreLoadExecutor-13-thread-2) [   x:first_test_core] o.a.s.c.SolrConfig Using Lucene MatchVersion: 8.8.2
2021-05-31 14:33:42.946 INFO  (coreLoadExecutor-13-thread-1) [   x:gerbeaud_sample] o.a.s.c.SolrConfig Using Lucene MatchVersion: 8.8.2
2021-05-31 14:33:42.986 INFO  (main) [   ] o.e.j.s.h.ContextHandler Started o.e.j.w.WebAppContext@41925502{/solr,file:///home/altyriss/MEGAsync/Informatique/Stage_Server/html_local/solr/server/solr-webapp/webapp/,AVAILABLE}{/home/altyriss/MEGAsync/Informatique/Stage_Server/html_local/solr/server/solr-webapp/webapp}
2021-05-31 14:33:43.031 INFO  (main) [   ] o.e.j.s.AbstractConnector Started ServerConnector@2d6764b2{HTTP/1.1, (http/1.1, h2c)}{0.0.0.0:8983}
2021-05-31 14:33:43.034 INFO  (main) [   ] o.e.j.s.Server Started @4368ms
2021-05-31 14:33:43.256 INFO  (coreLoadExecutor-13-thread-1) [   x:gerbeaud_sample] o.a.s.s.IndexSchema Schema name=example
2021-05-31 14:33:43.267 INFO  (coreLoadExecutor-13-thread-3) [   x:nutch] o.a.s.s.IndexSchema Schema name=nutch
2021-05-31 14:33:43.298 INFO  (coreLoadExecutor-13-thread-2) [   x:first_test_core] o.a.s.s.IndexSchema Schema name=default-config
2021-05-31 14:33:43.335 WARN  (coreLoadExecutor-13-thread-3) [   x:nutch] o.a.s.D.s.TrieDateField Solr loaded a deprecated plugin/analysis class [solr.TrieDateField]. Please consult documentation how to replace it accordingly.
2021-05-31 14:33:43.338 WARN  (coreLoadExecutor-13-thread-3) [   x:nutch] o.a.s.D.s.TrieDoubleField Solr loaded a deprecated plugin/analysis class [solr.TrieDoubleField]. Please consult documentation how to replace it accordingly.
2021-05-31 14:33:43.342 WARN  (coreLoadExecutor-13-thread-3) [   x:nutch] o.a.s.D.s.TrieFloatField Solr loaded a deprecated plugin/analysis class [solr.TrieFloatField]. Please consult documentation how to replace it accordingly.
2021-05-31 14:33:43.345 WARN  (coreLoadExecutor-13-thread-3) [   x:nutch] o.a.s.D.s.TrieIntField Solr loaded a deprecated plugin/analysis class [solr.TrieIntField]. Please consult documentation how to replace it accordingly.
2021-05-31 14:33:43.350 WARN  (coreLoadExecutor-13-thread-3) [   x:nutch] o.a.s.D.s.LatLonType Solr loaded a deprecated plugin/analysis class [solr.LatLonType]. Please consult documentation how to replace it accordingly.
2021-05-31 14:33:43.352 WARN  (coreLoadExecutor-13-thread-3) [   x:nutch] o.a.s.D.s.TrieLongField Solr loaded a deprecated plugin/analysis class [solr.TrieLongField]. Please consult documentation how to replace it accordingly.
2021-05-31 14:33:43.454 WARN  (coreLoadExecutor-13-thread-3) [   x:nutch] o.a.s.D.s.SynonymFilterFactory Solr loaded a deprecated plugin/analysis class [solr.SynonymFilterFactory]. Please consult documentation how to replace it accordingly.
2021-05-31 14:33:43.458 WARN  (coreLoadExecutor-13-thread-3) [   x:nutch] o.a.s.D.s.WordDelimiterFilterFactory Solr loaded a deprecated plugin/analysis class [solr.WordDelimiterFilterFactory]. Please consult documentation how to replace it accordingly.
2021-05-31 14:33:43.527 INFO  (coreLoadExecutor-13-thread-1) [   x:gerbeaud_sample] o.a.s.s.IndexSchema Loaded schema example/1.5 with uniqueid field meta_reference
2021-05-31 14:33:43.528 INFO  (coreLoadExecutor-13-thread-1) [   x:gerbeaud_sample] o.a.s.c.CoreContainer Creating SolrCore 'gerbeaud_sample' using configuration from instancedir /home/altyriss/MEGAsync/Informatique/Stage_Server/html_local/solr/server/solr/gerbeaud_sample, trusted=true
2021-05-31 14:33:43.571 INFO  (coreLoadExecutor-13-thread-1) [   x:gerbeaud_sample] o.a.s.m.r.SolrJmxReporter JMX monitoring for 'solr.core.gerbeaud_sample' (registry 'solr.core.gerbeaud_sample') enabled at server: com.sun.jmx.mbeanserver.JmxMBeanServer@1ca3b418
2021-05-31 14:33:43.593 INFO  (coreLoadExecutor-13-thread-1) [   x:gerbeaud_sample] o.a.s.c.SolrCore [[gerbeaud_sample] ] Opening new SolrCore at [/home/altyriss/MEGAsync/Informatique/Stage_Server/html_local/solr/server/solr/gerbeaud_sample], dataDir=[/home/altyriss/MEGAsync/Informatique/Stage_Server/html_local/solr/server/solr/gerbeaud_sample/data/]
2021-05-31 14:33:43.643 INFO  (coreLoadExecutor-13-thread-3) [   x:nutch] o.a.s.s.IndexSchema Loaded schema nutch/1.5 with uniqueid field id
2021-05-31 14:33:43.668 INFO  (coreLoadExecutor-13-thread-3) [   x:nutch] o.a.s.c.CoreContainer Creating SolrCore 'nutch' using configuration from instancedir /home/altyriss/MEGAsync/Informatique/Stage_Server/html_local/solr/server/solr/nutch, trusted=true
2021-05-31 14:33:43.669 INFO  (coreLoadExecutor-13-thread-3) [   x:nutch] o.a.s.m.r.SolrJmxReporter JMX monitoring for 'solr.core.nutch' (registry 'solr.core.nutch') enabled at server: com.sun.jmx.mbeanserver.JmxMBeanServer@1ca3b418
2021-05-31 14:33:43.670 INFO  (coreLoadExecutor-13-thread-3) [   x:nutch] o.a.s.c.SolrCore [[nutch] ] Opening new SolrCore at [/home/altyriss/MEGAsync/Informatique/Stage_Server/html_local/solr/server/solr/nutch], dataDir=[/home/altyriss/MEGAsync/Informatique/Stage_Server/html_local/solr/server/solr/nutch/data/]
2021-05-31 14:33:43.789 INFO  (coreLoadExecutor-13-thread-2) [   x:first_test_core] o.a.s.s.IndexSchema Loaded schema default-config/1.6 with uniqueid field id
2021-05-31 14:33:43.840 INFO  (coreLoadExecutor-13-thread-2) [   x:first_test_core] o.a.s.c.CoreContainer Creating SolrCore 'first_test_core' using configuration from instancedir /home/altyriss/MEGAsync/Informatique/Stage_Server/html_local/solr/server/solr/first_test_core, trusted=true
2021-05-31 14:33:43.841 INFO  (coreLoadExecutor-13-thread-2) [   x:first_test_core] o.a.s.m.r.SolrJmxReporter JMX monitoring for 'solr.core.first_test_core' (registry 'solr.core.first_test_core') enabled at server: com.sun.jmx.mbeanserver.JmxMBeanServer@1ca3b418
2021-05-31 14:33:43.841 INFO  (coreLoadExecutor-13-thread-2) [   x:first_test_core] o.a.s.c.SolrCore [[first_test_core] ] Opening new SolrCore at [/home/altyriss/MEGAsync/Informatique/Stage_Server/html_local/solr/server/solr/first_test_core], dataDir=[/home/altyriss/MEGAsync/Informatique/Stage_Server/html_local/solr/server/solr/first_test_core/data/]
2021-05-31 14:33:44.600 INFO  (coreLoadExecutor-13-thread-1) [   x:gerbeaud_sample] o.a.s.u.UpdateHandler Using UpdateLog implementation: org.apache.solr.update.UpdateLog
2021-05-31 14:33:44.600 INFO  (coreLoadExecutor-13-thread-3) [   x:nutch] o.a.s.u.UpdateHandler Using UpdateLog implementation: org.apache.solr.update.UpdateLog
2021-05-31 14:33:44.600 INFO  (coreLoadExecutor-13-thread-2) [   x:first_test_core] o.a.s.u.UpdateHandler Using UpdateLog implementation: org.apache.solr.update.UpdateLog
2021-05-31 14:33:44.600 INFO  (coreLoadExecutor-13-thread-3) [   x:nutch] o.a.s.u.UpdateLog Initializing UpdateLog: dataDir= defaultSyncLevel=FLUSH numRecordsToKeep=100 maxNumLogsToKeep=10 numVersionBuckets=65536
2021-05-31 14:33:44.600 INFO  (coreLoadExecutor-13-thread-2) [   x:first_test_core] o.a.s.u.UpdateLog Initializing UpdateLog: dataDir= defaultSyncLevel=FLUSH numRecordsToKeep=100 maxNumLogsToKeep=10 numVersionBuckets=65536
2021-05-31 14:33:44.601 INFO  (coreLoadExecutor-13-thread-1) [   x:gerbeaud_sample] o.a.s.u.UpdateLog Initializing UpdateLog: dataDir= defaultSyncLevel=FLUSH numRecordsToKeep=100 maxNumLogsToKeep=10 numVersionBuckets=65536
2021-05-31 14:33:44.620 INFO  (coreLoadExecutor-13-thread-2) [   x:first_test_core] o.a.s.u.CommitTracker Hard AutoCommit: if uncommitted for 15000ms; 
2021-05-31 14:33:44.620 INFO  (coreLoadExecutor-13-thread-2) [   x:first_test_core] o.a.s.u.CommitTracker Soft AutoCommit: disabled
2021-05-31 14:33:44.669 INFO  (coreLoadExecutor-13-thread-1) [   x:gerbeaud_sample] o.a.s.u.CommitTracker Hard AutoCommit: if uncommitted for 15000ms; 
2021-05-31 14:33:44.672 INFO  (coreLoadExecutor-13-thread-3) [   x:nutch] o.a.s.u.CommitTracker Hard AutoCommit: if uncommitted for 15000ms; 
2021-05-31 14:33:44.678 INFO  (coreLoadExecutor-13-thread-1) [   x:gerbeaud_sample] o.a.s.u.CommitTracker Soft AutoCommit: disabled
2021-05-31 14:33:44.678 INFO  (coreLoadExecutor-13-thread-3) [   x:nutch] o.a.s.u.CommitTracker Soft AutoCommit: disabled
2021-05-31 14:33:44.857 INFO  (coreLoadExecutor-13-thread-2) [   x:first_test_core] o.a.s.r.ManagedResourceStorage File-based storage initialized to use dir: /home/altyriss/MEGAsync/Informatique/Stage_Server/html_local/solr/server/solr/first_test_core/conf
2021-05-31 14:33:44.878 INFO  (coreLoadExecutor-13-thread-3) [   x:nutch] o.a.s.r.ManagedResourceStorage File-based storage initialized to use dir: /home/altyriss/MEGAsync/Informatique/Stage_Server/html_local/solr/server/solr/nutch/conf
2021-05-31 14:33:44.878 INFO  (coreLoadExecutor-13-thread-1) [   x:gerbeaud_sample] o.a.s.r.ManagedResourceStorage File-based storage initialized to use dir: /home/altyriss/MEGAsync/Informatique/Stage_Server/html_local/solr/server/solr/gerbeaud_sample/conf
2021-05-31 14:33:44.881 INFO  (coreLoadExecutor-13-thread-3) [   x:nutch] o.a.s.h.c.SpellCheckComponent Initializing spell checkers
2021-05-31 14:33:44.881 INFO  (coreLoadExecutor-13-thread-1) [   x:gerbeaud_sample] o.a.s.h.c.SpellCheckComponent Initializing spell checkers
2021-05-31 14:33:44.881 INFO  (coreLoadExecutor-13-thread-2) [   x:first_test_core] o.a.s.h.c.SpellCheckComponent Initializing spell checkers
2021-05-31 14:33:44.893 INFO  (coreLoadExecutor-13-thread-1) [   x:gerbeaud_sample] o.a.s.s.DirectSolrSpellChecker init: {name=default,field=_text_,classname=solr.DirectSolrSpellChecker,distanceMeasure=internal,accuracy=0.5,maxEdits=2,minPrefix=1,maxInspections=5,minQueryLength=4,maxQueryFrequency=0.01}
2021-05-31 14:33:44.893 INFO  (coreLoadExecutor-13-thread-2) [   x:first_test_core] o.a.s.s.DirectSolrSpellChecker init: {name=default,field=_text_,classname=solr.DirectSolrSpellChecker,distanceMeasure=internal,accuracy=0.5,maxEdits=2,minPrefix=1,maxInspections=5,minQueryLength=4,maxQueryFrequency=0.01}
2021-05-31 14:33:44.893 INFO  (coreLoadExecutor-13-thread-3) [   x:nutch] o.a.s.s.DirectSolrSpellChecker init: {name=default,field=_text_,classname=solr.DirectSolrSpellChecker,distanceMeasure=internal,accuracy=0.5,maxEdits=2,minPrefix=1,maxInspections=5,minQueryLength=4,maxQueryFrequency=0.01}
2021-05-31 14:33:44.904 INFO  (coreLoadExecutor-13-thread-1) [   x:gerbeaud_sample] o.a.s.h.c.SuggestComponent Initializing SuggestComponent
2021-05-31 14:33:44.908 INFO  (coreLoadExecutor-13-thread-1) [   x:gerbeaud_sample] o.a.s.s.s.SolrSuggester init: {name=mySuggester,lookupImpl=FuzzyLookupFactory,dictionaryImpl=DocumentDictionaryFactory,field=title,weightField=summary,suggestAnalyzerFieldType=string,buildOnStartup=false,buildOnCommit=false}
2021-05-31 14:33:44.912 INFO  (coreLoadExecutor-13-thread-2) [   x:first_test_core] o.a.s.h.ReplicationHandler Commits will be reserved for 10000 ms
2021-05-31 14:33:44.914 INFO  (coreLoadExecutor-13-thread-3) [   x:nutch] o.a.s.h.ReplicationHandler Commits will be reserved for 10000 ms
2021-05-31 14:33:44.920 INFO  (coreLoadExecutor-13-thread-2) [   x:first_test_core] o.a.s.u.UpdateLog Could not find max version in index or recent updates, using new clock 1701284806572113920
2021-05-31 14:33:44.929 INFO  (searcherExecutor-19-thread-1-processing-x:first_test_core) [   x:first_test_core] o.a.s.c.QuerySenderListener QuerySenderListener done.
2021-05-31 14:33:44.929 INFO  (searcherExecutor-19-thread-1-processing-x:first_test_core) [   x:first_test_core] o.a.s.h.c.SpellCheckComponent Loading spell index for spellchecker: default
2021-05-31 14:33:44.940 INFO  (coreLoadExecutor-13-thread-1) [   x:gerbeaud_sample] o.a.s.s.s.SolrSuggester Dictionary loaded with params: {name=mySuggester,lookupImpl=FuzzyLookupFactory,dictionaryImpl=DocumentDictionaryFactory,field=title,weightField=summary,suggestAnalyzerFieldType=string,buildOnStartup=false,buildOnCommit=false}
2021-05-31 14:33:44.941 INFO  (coreLoadExecutor-13-thread-1) [   x:gerbeaud_sample] o.a.s.h.ReplicationHandler Commits will be reserved for 10000 ms
2021-05-31 14:33:44.942 INFO  (searcherExecutor-19-thread-1-processing-x:first_test_core) [   x:first_test_core] o.a.s.c.SolrCore [first_test_core]  Registered new searcher autowarm time: 0 ms
2021-05-31 14:33:44.953 INFO  (searcherExecutor-15-thread-1-processing-x:gerbeaud_sample) [   x:gerbeaud_sample] o.a.s.c.QuerySenderListener QuerySenderListener done.
2021-05-31 14:33:44.953 INFO  (searcherExecutor-15-thread-1-processing-x:gerbeaud_sample) [   x:gerbeaud_sample] o.a.s.h.c.SpellCheckComponent Loading spell index for spellchecker: default
2021-05-31 14:33:44.958 INFO  (searcherExecutor-17-thread-1-processing-x:nutch) [   x:nutch] o.a.s.c.QuerySenderListener QuerySenderListener done.
2021-05-31 14:33:44.959 INFO  (searcherExecutor-17-thread-1-processing-x:nutch) [   x:nutch] o.a.s.h.c.SpellCheckComponent Loading spell index for spellchecker: default
2021-05-31 14:33:44.959 INFO  (searcherExecutor-15-thread-1-processing-x:gerbeaud_sample) [   x:gerbeaud_sample] o.a.s.c.SolrCore [gerbeaud_sample]  Registered new searcher autowarm time: 0 ms
2021-05-31 14:33:44.965 INFO  (searcherExecutor-17-thread-1-processing-x:nutch) [   x:nutch] o.a.s.c.SolrCore [nutch]  Registered new searcher autowarm time: 0 ms
2021-05-31 14:33:47.453 INFO  (qtp888557915-23) [   ] o.a.s.s.HttpSolrCall [admin] webapp=null path=/admin/cores params={indexInfo=false&wt=json&_=1622471627345} status=0 QTime=11
2021-05-31 14:33:47.478 INFO  (qtp888557915-19) [   ] o.a.s.s.HttpSolrCall [admin] webapp=null path=/admin/info/system params={wt=json&_=1622471627345} status=0 QTime=36
2021-05-31 14:33:47.503 INFO  (qtp888557915-26) [   ] o.a.s.s.HttpSolrCall [admin] webapp=null path=/admin/info/system params={wt=json&_=1622471627345} status=0 QTime=13
2021-06-01 07:38:38.674 INFO  (qtp888557915-22) [   ] o.a.s.s.HttpSolrCall [admin] webapp=null path=/admin/cores params={indexInfo=false&wt=json&_=1622533118552} status=0 QTime=2
2021-06-01 07:38:38.687 INFO  (qtp888557915-17) [   ] o.a.s.s.HttpSolrCall [admin] webapp=null path=/admin/info/system params={wt=json&_=1622533118554} status=0 QTime=11
2021-06-01 07:38:38.704 INFO  (qtp888557915-19) [   ] o.a.s.s.HttpSolrCall [admin] webapp=null path=/admin/info/system params={wt=json&_=1622533118554} status=0 QTime=11
2021-06-01 07:54:11.424 INFO  (qtp888557915-17) [   ] o.a.s.s.HttpSolrCall [admin] webapp=null path=/admin/cores params={indexInfo=false&wt=json&_=1622533118552} status=0 QTime=2
2021-06-01 07:54:11.433 INFO  (qtp888557915-22) [   x:gerbeaud_sample] o.a.s.c.S.Request [gerbeaud_sample]  webapp=/solr path=/replication params={wt=json&command=details&_=1622534051399} status=0 QTime=5
2021-06-01 07:54:11.442 INFO  (qtp888557915-23) [   ] o.a.s.s.HttpSolrCall [admin] webapp=null path=/admin/info/system params={wt=json&_=1622533118554} status=0 QTime=15
2021-06-01 07:54:11.453 INFO  (qtp888557915-26) [   x:gerbeaud_sample] o.a.s.c.S.Request [gerbeaud_sample]  webapp=/solr path=/admin/luke params={numTerms=0&show=index&wt=json&_=1622534051398} status=0 QTime=29
2021-06-01 07:54:11.455 INFO  (qtp888557915-17) [   x:gerbeaud_sample] o.a.s.c.S.Request [gerbeaud_sample]  webapp=/solr path=/admin/ping params={action=status&wt=json&_=1622533118554&ts=1622533118554} status=503 QTime=2
2021-06-01 07:54:11.462 INFO  (qtp888557915-25) [   x:gerbeaud_sample] o.a.s.c.S.Request [gerbeaud_sample]  webapp=/solr path=/admin/system params={wt=json&_=1622534051399} status=0 QTime=11
2021-06-01 07:54:13.632 INFO  (qtp888557915-23) [   ] o.a.s.s.HttpSolrCall [admin] webapp=null path=/admin/cores params={indexInfo=false&wt=json&_=1622533118552} status=0 QTime=0
2021-06-01 07:54:13.643 INFO  (qtp888557915-25) [   ] o.a.s.s.HttpSolrCall [admin] webapp=null path=/admin/info/system params={wt=json&_=1622533118554} status=0 QTime=11
2021-06-01 07:54:14.556 INFO  (qtp888557915-17) [   x:gerbeaud_sample] o.a.s.c.S.Request [gerbeaud_sample]  webapp=/solr path=/select params={q=*:*&_=1622534053574} hits=125 status=0 QTime=58
2021-06-01 07:54:26.804 INFO  (qtp888557915-25) [   x:gerbeaud_sample] o.a.s.c.S.Request [gerbeaud_sample]  webapp=/solr path=/select params={q=meta_reference:4&_=1622534053574} hits=0 status=0 QTime=15
2021-06-01 07:54:33.084 INFO  (qtp888557915-17) [   x:gerbeaud_sample] o.a.s.c.S.Request [gerbeaud_sample]  webapp=/solr path=/select params={q=meta_reference:A4&_=1622534053574} hits=1 status=0 QTime=21
2021-06-01 07:54:36.927 INFO  (qtp888557915-25) [   x:gerbeaud_sample] o.a.s.c.S.Request [gerbeaud_sample]  webapp=/solr path=/select params={q=meta_reference:A4,A6&_=1622534053574} hits=0 status=0 QTime=2
2021-06-01 07:54:40.464 INFO  (qtp888557915-17) [   x:gerbeaud_sample] o.a.s.c.S.Request [gerbeaud_sample]  webapp=/solr path=/select params={q=meta_reference:A4%2BA6&_=1622534053574} hits=0 status=0 QTime=2
2021-06-01 07:54:44.492 ERROR (qtp888557915-25) [   x:gerbeaud_sample] o.a.s.h.RequestHandlerBase org.apache.solr.common.SolrException: undefined field _text_
	at org.apache.solr.schema.IndexSchema.getDynamicFieldType(IndexSchema.java:1316)
	at org.apache.solr.schema.IndexSchema$SolrQueryAnalyzer.getWrappedAnalyzer(IndexSchema.java:492)
	at org.apache.lucene.analysis.DelegatingAnalyzerWrapper$DelegatingReuseStrategy.getReusableComponents(DelegatingAnalyzerWrapper.java:86)
	at org.apache.lucene.analysis.Analyzer.tokenStream(Analyzer.java:192)
	at org.apache.lucene.util.QueryBuilder.createFieldQuery(QueryBuilder.java:262)
	at org.apache.solr.parser.SolrQueryParserBase.newFieldQuery(SolrQueryParserBase.java:534)
	at org.apache.solr.parser.QueryParser.newFieldQuery(QueryParser.java:62)
	at org.apache.solr.parser.SolrQueryParserBase.getFieldQuery(SolrQueryParserBase.java:1109)
	at org.apache.solr.parser.SolrQueryParserBase.handleBareTokenQuery(SolrQueryParserBase.java:832)
	at org.apache.solr.parser.QueryParser.Term(QueryParser.java:421)
	at org.apache.solr.parser.QueryParser.Clause(QueryParser.java:278)
	at org.apache.solr.parser.QueryParser.Query(QueryParser.java:222)
	at org.apache.solr.parser.QueryParser.TopLevelQuery(QueryParser.java:131)
	at org.apache.solr.parser.SolrQueryParserBase.parse(SolrQueryParserBase.java:270)
	at org.apache.solr.search.LuceneQParser.parse(LuceneQParser.java:49)
	at org.apache.solr.search.QParser.getQuery(QParser.java:174)
	at org.apache.solr.handler.component.QueryComponent.prepare(QueryComponent.java:162)
	at org.apache.solr.handler.component.SearchHandler.handleRequestBody(SearchHandler.java:332)
	at org.apache.solr.handler.RequestHandlerBase.handleRequest(RequestHandlerBase.java:216)
	at org.apache.solr.core.SolrCore.execute(SolrCore.java:2646)
	at org.apache.solr.servlet.HttpSolrCall.execute(HttpSolrCall.java:794)
	at org.apache.solr.servlet.HttpSolrCall.call(HttpSolrCall.java:567)
	at org.apache.solr.servlet.SolrDispatchFilter.doFilter(SolrDispatchFilter.java:427)
	at org.apache.solr.servlet.SolrDispatchFilter.doFilter(SolrDispatchFilter.java:357)
	at org.eclipse.jetty.servlet.FilterHolder.doFilter(FilterHolder.java:201)
	at org.eclipse.jetty.servlet.ServletHandler$Chain.doFilter(ServletHandler.java:1601)
	at org.eclipse.jetty.servlet.ServletHandler.doHandle(ServletHandler.java:548)
	at org.eclipse.jetty.server.handler.ScopedHandler.handle(ScopedHandler.java:143)
	at org.eclipse.jetty.security.SecurityHandler.handle(SecurityHandler.java:602)
	at org.eclipse.jetty.server.handler.HandlerWrapper.handle(HandlerWrapper.java:127)
	at org.eclipse.jetty.server.handler.ScopedHandler.nextHandle(ScopedHandler.java:235)
	at org.eclipse.jetty.server.session.SessionHandler.doHandle(SessionHandler.java:1612)
	at org.eclipse.jetty.server.handler.ScopedHandler.nextHandle(ScopedHandler.java:233)
	at org.eclipse.jetty.server.handler.ContextHandler.doHandle(ContextHandler.java:1434)
	at org.eclipse.jetty.server.handler.ScopedHandler.nextScope(ScopedHandler.java:188)
	at org.eclipse.jetty.servlet.ServletHandler.doScope(ServletHandler.java:501)
	at org.eclipse.jetty.server.session.SessionHandler.doScope(SessionHandler.java:1582)
	at org.eclipse.jetty.server.handler.ScopedHandler.nextScope(ScopedHandler.java:186)
	at org.eclipse.jetty.server.handler.ContextHandler.doScope(ContextHandler.java:1349)
	at org.eclipse.jetty.server.handler.ScopedHandler.handle(ScopedHandler.java:141)
	at org.eclipse.jetty.server.handler.ContextHandlerCollection.handle(ContextHandlerCollection.java:191)
	at org.eclipse.jetty.server.handler.InetAccessHandler.handle(InetAccessHandler.java:177)
	at org.eclipse.jetty.server.handler.HandlerCollection.handle(HandlerCollection.java:146)
	at org.eclipse.jetty.server.handler.HandlerWrapper.handle(HandlerWrapper.java:127)
	at org.eclipse.jetty.rewrite.handler.RewriteHandler.handle(RewriteHandler.java:322)
	at org.eclipse.jetty.server.handler.HandlerWrapper.handle(HandlerWrapper.java:127)
	at org.eclipse.jetty.server.Server.handle(Server.java:516)
	at org.eclipse.jetty.server.HttpChannel.lambda$handle$1(HttpChannel.java:383)
	at org.eclipse.jetty.server.HttpChannel.dispatch(HttpChannel.java:556)
	at org.eclipse.jetty.server.HttpChannel.handle(HttpChannel.java:375)
	at org.eclipse.jetty.server.HttpConnection.onFillable(HttpConnection.java:273)
	at org.eclipse.jetty.io.AbstractConnection$ReadCallback.succeeded(AbstractConnection.java:311)
	at org.eclipse.jetty.io.FillInterest.fillable(FillInterest.java:105)
	at org.eclipse.jetty.io.ChannelEndPoint$1.run(ChannelEndPoint.java:104)
	at org.eclipse.jetty.util.thread.strategy.EatWhatYouKill.runTask(EatWhatYouKill.java:336)
	at org.eclipse.jetty.util.thread.strategy.EatWhatYouKill.doProduce(EatWhatYouKill.java:313)
	at org.eclipse.jetty.util.thread.strategy.EatWhatYouKill.tryProduce(EatWhatYouKill.java:171)
	at org.eclipse.jetty.util.thread.strategy.EatWhatYouKill.run(EatWhatYouKill.java:129)
	at org.eclipse.jetty.util.thread.ReservedThreadExecutor$ReservedThread.run(ReservedThreadExecutor.java:375)
	at org.eclipse.jetty.util.thread.QueuedThreadPool.runJob(QueuedThreadPool.java:773)
	at org.eclipse.jetty.util.thread.QueuedThreadPool$Runner.run(QueuedThreadPool.java:905)
	at java.base/java.lang.Thread.run(Thread.java:832)

2021-06-01 07:54:44.493 INFO  (qtp888557915-25) [   x:gerbeaud_sample] o.a.s.c.S.Request [gerbeaud_sample]  webapp=/solr path=/select params={q=meta_reference:A4+OR+A6&_=1622534053574} status=400 QTime=5
2021-06-01 07:54:53.275 ERROR (qtp888557915-17) [   x:gerbeaud_sample] o.a.s.h.RequestHandlerBase org.apache.solr.common.SolrException: undefined field _text_
	at org.apache.solr.schema.IndexSchema.getDynamicFieldType(IndexSchema.java:1316)
	at org.apache.solr.schema.IndexSchema$SolrQueryAnalyzer.getWrappedAnalyzer(IndexSchema.java:492)
	at org.apache.lucene.analysis.DelegatingAnalyzerWrapper$DelegatingReuseStrategy.getReusableComponents(DelegatingAnalyzerWrapper.java:86)
	at org.apache.lucene.analysis.Analyzer.tokenStream(Analyzer.java:192)
	at org.apache.lucene.util.QueryBuilder.createFieldQuery(QueryBuilder.java:262)
	at org.apache.solr.parser.SolrQueryParserBase.newFieldQuery(SolrQueryParserBase.java:534)
	at org.apache.solr.parser.QueryParser.newFieldQuery(QueryParser.java:62)
	at org.apache.solr.parser.SolrQueryParserBase.getFieldQuery(SolrQueryParserBase.java:1180)
	at org.apache.solr.parser.QueryParser.MultiTerm(QueryParser.java:593)
	at org.apache.solr.parser.QueryParser.Query(QueryParser.java:199)
	at org.apache.solr.parser.QueryParser.TopLevelQuery(QueryParser.java:131)
	at org.apache.solr.parser.SolrQueryParserBase.parse(SolrQueryParserBase.java:270)
	at org.apache.solr.search.LuceneQParser.parse(LuceneQParser.java:49)
	at org.apache.solr.search.QParser.getQuery(QParser.java:174)
	at org.apache.solr.handler.component.QueryComponent.prepare(QueryComponent.java:162)
	at org.apache.solr.handler.component.SearchHandler.handleRequestBody(SearchHandler.java:332)
	at org.apache.solr.handler.RequestHandlerBase.handleRequest(RequestHandlerBase.java:216)
	at org.apache.solr.core.SolrCore.execute(SolrCore.java:2646)
	at org.apache.solr.servlet.HttpSolrCall.execute(HttpSolrCall.java:794)
	at org.apache.solr.servlet.HttpSolrCall.call(HttpSolrCall.java:567)
	at org.apache.solr.servlet.SolrDispatchFilter.doFilter(SolrDispatchFilter.java:427)
	at org.apache.solr.servlet.SolrDispatchFilter.doFilter(SolrDispatchFilter.java:357)
	at org.eclipse.jetty.servlet.FilterHolder.doFilter(FilterHolder.java:201)
	at org.eclipse.jetty.servlet.ServletHandler$Chain.doFilter(ServletHandler.java:1601)
	at org.eclipse.jetty.servlet.ServletHandler.doHandle(ServletHandler.java:548)
	at org.eclipse.jetty.server.handler.ScopedHandler.handle(ScopedHandler.java:143)
	at org.eclipse.jetty.security.SecurityHandler.handle(SecurityHandler.java:602)
	at org.eclipse.jetty.server.handler.HandlerWrapper.handle(HandlerWrapper.java:127)
	at org.eclipse.jetty.server.handler.ScopedHandler.nextHandle(ScopedHandler.java:235)
	at org.eclipse.jetty.server.session.SessionHandler.doHandle(SessionHandler.java:1612)
	at org.eclipse.jetty.server.handler.ScopedHandler.nextHandle(ScopedHandler.java:233)
	at org.eclipse.jetty.server.handler.ContextHandler.doHandle(ContextHandler.java:1434)
	at org.eclipse.jetty.server.handler.ScopedHandler.nextScope(ScopedHandler.java:188)
	at org.eclipse.jetty.servlet.ServletHandler.doScope(ServletHandler.java:501)
	at org.eclipse.jetty.server.session.SessionHandler.doScope(SessionHandler.java:1582)
	at org.eclipse.jetty.server.handler.ScopedHandler.nextScope(ScopedHandler.java:186)
	at org.eclipse.jetty.server.handler.ContextHandler.doScope(ContextHandler.java:1349)
	at org.eclipse.jetty.server.handler.ScopedHandler.handle(ScopedHandler.java:141)
	at org.eclipse.jetty.server.handler.ContextHandlerCollection.handle(ContextHandlerCollection.java:191)
	at org.eclipse.jetty.server.handler.InetAccessHandler.handle(InetAccessHandler.java:177)
	at org.eclipse.jetty.server.handler.HandlerCollection.handle(HandlerCollection.java:146)
	at org.eclipse.jetty.server.handler.HandlerWrapper.handle(HandlerWrapper.java:127)
	at org.eclipse.jetty.rewrite.handler.RewriteHandler.handle(RewriteHandler.java:322)
	at org.eclipse.jetty.server.handler.HandlerWrapper.handle(HandlerWrapper.java:127)
	at org.eclipse.jetty.server.Server.handle(Server.java:516)
	at org.eclipse.jetty.server.HttpChannel.lambda$handle$1(HttpChannel.java:383)
	at org.eclipse.jetty.server.HttpChannel.dispatch(HttpChannel.java:556)
	at org.eclipse.jetty.server.HttpChannel.handle(HttpChannel.java:375)
	at org.eclipse.jetty.server.HttpConnection.onFillable(HttpConnection.java:273)
	at org.eclipse.jetty.io.AbstractConnection$ReadCallback.succeeded(AbstractConnection.java:311)
	at org.eclipse.jetty.io.FillInterest.fillable(FillInterest.java:105)
	at org.eclipse.jetty.io.ChannelEndPoint$1.run(ChannelEndPoint.java:104)
	at org.eclipse.jetty.util.thread.strategy.EatWhatYouKill.runTask(EatWhatYouKill.java:336)
	at org.eclipse.jetty.util.thread.strategy.EatWhatYouKill.doProduce(EatWhatYouKill.java:313)
	at org.eclipse.jetty.util.thread.strategy.EatWhatYouKill.tryProduce(EatWhatYouKill.java:171)
	at org.eclipse.jetty.util.thread.strategy.EatWhatYouKill.run(EatWhatYouKill.java:129)
	at org.eclipse.jetty.util.thread.ReservedThreadExecutor$ReservedThread.run(ReservedThreadExecutor.java:375)
	at org.eclipse.jetty.util.thread.QueuedThreadPool.runJob(QueuedThreadPool.java:773)
	at org.eclipse.jetty.util.thread.QueuedThreadPool$Runner.run(QueuedThreadPool.java:905)
	at java.base/java.lang.Thread.run(Thread.java:832)

2021-06-01 07:54:53.276 INFO  (qtp888557915-17) [   x:gerbeaud_sample] o.a.s.c.S.Request [gerbeaud_sample]  webapp=/solr path=/select params={q=meta_reference:A4+|+A6&_=1622534053574} status=400 QTime=2
2021-06-01 07:54:57.240 ERROR (qtp888557915-25) [   x:gerbeaud_sample] o.a.s.h.RequestHandlerBase org.apache.solr.common.SolrException: undefined field _text_
	at org.apache.solr.schema.IndexSchema.getDynamicFieldType(IndexSchema.java:1316)
	at org.apache.solr.schema.IndexSchema$SolrQueryAnalyzer.getWrappedAnalyzer(IndexSchema.java:492)
	at org.apache.lucene.analysis.DelegatingAnalyzerWrapper$DelegatingReuseStrategy.getReusableComponents(DelegatingAnalyzerWrapper.java:86)
	at org.apache.lucene.analysis.Analyzer.tokenStream(Analyzer.java:192)
	at org.apache.lucene.util.QueryBuilder.createFieldQuery(QueryBuilder.java:262)
	at org.apache.solr.parser.SolrQueryParserBase.newFieldQuery(SolrQueryParserBase.java:534)
	at org.apache.solr.parser.QueryParser.newFieldQuery(QueryParser.java:62)
	at org.apache.solr.parser.SolrQueryParserBase.getFieldQuery(SolrQueryParserBase.java:1109)
	at org.apache.solr.parser.SolrQueryParserBase.handleBareTokenQuery(SolrQueryParserBase.java:832)
	at org.apache.solr.parser.QueryParser.Term(QueryParser.java:421)
	at org.apache.solr.parser.QueryParser.Clause(QueryParser.java:278)
	at org.apache.solr.parser.QueryParser.Query(QueryParser.java:222)
	at org.apache.solr.parser.QueryParser.TopLevelQuery(QueryParser.java:131)
	at org.apache.solr.parser.SolrQueryParserBase.parse(SolrQueryParserBase.java:270)
	at org.apache.solr.search.LuceneQParser.parse(LuceneQParser.java:49)
	at org.apache.solr.search.QParser.getQuery(QParser.java:174)
	at org.apache.solr.handler.component.QueryComponent.prepare(QueryComponent.java:162)
	at org.apache.solr.handler.component.SearchHandler.handleRequestBody(SearchHandler.java:332)
	at org.apache.solr.handler.RequestHandlerBase.handleRequest(RequestHandlerBase.java:216)
	at org.apache.solr.core.SolrCore.execute(SolrCore.java:2646)
	at org.apache.solr.servlet.HttpSolrCall.execute(HttpSolrCall.java:794)
	at org.apache.solr.servlet.HttpSolrCall.call(HttpSolrCall.java:567)
	at org.apache.solr.servlet.SolrDispatchFilter.doFilter(SolrDispatchFilter.java:427)
	at org.apache.solr.servlet.SolrDispatchFilter.doFilter(SolrDispatchFilter.java:357)
	at org.eclipse.jetty.servlet.FilterHolder.doFilter(FilterHolder.java:201)
	at org.eclipse.jetty.servlet.ServletHandler$Chain.doFilter(ServletHandler.java:1601)
	at org.eclipse.jetty.servlet.ServletHandler.doHandle(ServletHandler.java:548)
	at org.eclipse.jetty.server.handler.ScopedHandler.handle(ScopedHandler.java:143)
	at org.eclipse.jetty.security.SecurityHandler.handle(SecurityHandler.java:602)
	at org.eclipse.jetty.server.handler.HandlerWrapper.handle(HandlerWrapper.java:127)
	at org.eclipse.jetty.server.handler.ScopedHandler.nextHandle(ScopedHandler.java:235)
	at org.eclipse.jetty.server.session.SessionHandler.doHandle(SessionHandler.java:1612)
	at org.eclipse.jetty.server.handler.ScopedHandler.nextHandle(ScopedHandler.java:233)
	at org.eclipse.jetty.server.handler.ContextHandler.doHandle(ContextHandler.java:1434)
	at org.eclipse.jetty.server.handler.ScopedHandler.nextScope(ScopedHandler.java:188)
	at org.eclipse.jetty.servlet.ServletHandler.doScope(ServletHandler.java:501)
	at org.eclipse.jetty.server.session.SessionHandler.doScope(SessionHandler.java:1582)
	at org.eclipse.jetty.server.handler.ScopedHandler.nextScope(ScopedHandler.java:186)
	at org.eclipse.jetty.server.handler.ContextHandler.doScope(ContextHandler.java:1349)
	at org.eclipse.jetty.server.handler.ScopedHandler.handle(ScopedHandler.java:141)
	at org.eclipse.jetty.server.handler.ContextHandlerCollection.handle(ContextHandlerCollection.java:191)
	at org.eclipse.jetty.server.handler.InetAccessHandler.handle(InetAccessHandler.java:177)
	at org.eclipse.jetty.server.handler.HandlerCollection.handle(HandlerCollection.java:146)
	at org.eclipse.jetty.server.handler.HandlerWrapper.handle(HandlerWrapper.java:127)
	at org.eclipse.jetty.rewrite.handler.RewriteHandler.handle(RewriteHandler.java:322)
	at org.eclipse.jetty.server.handler.HandlerWrapper.handle(HandlerWrapper.java:127)
	at org.eclipse.jetty.server.Server.handle(Server.java:516)
	at org.eclipse.jetty.server.HttpChannel.lambda$handle$1(HttpChannel.java:383)
	at org.eclipse.jetty.server.HttpChannel.dispatch(HttpChannel.java:556)
	at org.eclipse.jetty.server.HttpChannel.handle(HttpChannel.java:375)
	at org.eclipse.jetty.server.HttpConnection.onFillable(HttpConnection.java:273)
	at org.eclipse.jetty.io.AbstractConnection$ReadCallback.succeeded(AbstractConnection.java:311)
	at org.eclipse.jetty.io.FillInterest.fillable(FillInterest.java:105)
	at org.eclipse.jetty.io.ChannelEndPoint$1.run(ChannelEndPoint.java:104)
	at org.eclipse.jetty.util.thread.strategy.EatWhatYouKill.runTask(EatWhatYouKill.java:336)
	at org.eclipse.jetty.util.thread.strategy.EatWhatYouKill.doProduce(EatWhatYouKill.java:313)
	at org.eclipse.jetty.util.thread.strategy.EatWhatYouKill.tryProduce(EatWhatYouKill.java:171)
	at org.eclipse.jetty.util.thread.strategy.EatWhatYouKill.run(EatWhatYouKill.java:129)
	at org.eclipse.jetty.util.thread.ReservedThreadExecutor$ReservedThread.run(ReservedThreadExecutor.java:375)
	at org.eclipse.jetty.util.thread.QueuedThreadPool.runJob(QueuedThreadPool.java:773)
	at org.eclipse.jetty.util.thread.QueuedThreadPool$Runner.run(QueuedThreadPool.java:905)
	at java.base/java.lang.Thread.run(Thread.java:832)

2021-06-01 07:54:57.240 INFO  (qtp888557915-25) [   x:gerbeaud_sample] o.a.s.c.S.Request [gerbeaud_sample]  webapp=/solr path=/select params={q=meta_reference:A4+||+A6&_=1622534053574} status=400 QTime=3
2021-06-01 07:55:02.202 INFO  (qtp888557915-17) [   x:gerbeaud_sample] o.a.s.c.S.Request [gerbeaud_sample]  webapp=/solr path=/select params={q=meta_reference:A4,A6&_=1622534053574} hits=0 status=0 QTime=1
2021-06-01 07:58:57.478 ERROR (qtp888557915-18) [   x:gerbeaud_sample] o.a.s.h.RequestHandlerBase org.apache.solr.common.SolrException: undefined field _text_
	at org.apache.solr.schema.IndexSchema.getDynamicFieldType(IndexSchema.java:1316)
	at org.apache.solr.schema.IndexSchema$SolrQueryAnalyzer.getWrappedAnalyzer(IndexSchema.java:492)
	at org.apache.lucene.analysis.DelegatingAnalyzerWrapper$DelegatingReuseStrategy.getReusableComponents(DelegatingAnalyzerWrapper.java:86)
	at org.apache.lucene.analysis.Analyzer.tokenStream(Analyzer.java:192)
	at org.apache.lucene.util.QueryBuilder.createFieldQuery(QueryBuilder.java:262)
	at org.apache.solr.parser.SolrQueryParserBase.newFieldQuery(SolrQueryParserBase.java:534)
	at org.apache.solr.parser.QueryParser.newFieldQuery(QueryParser.java:62)
	at org.apache.solr.parser.SolrQueryParserBase.getFieldQuery(SolrQueryParserBase.java:1109)
	at org.apache.solr.parser.SolrQueryParserBase.handleBareTokenQuery(SolrQueryParserBase.java:832)
	at org.apache.solr.parser.QueryParser.Term(QueryParser.java:421)
	at org.apache.solr.parser.QueryParser.Clause(QueryParser.java:278)
	at org.apache.solr.parser.QueryParser.Query(QueryParser.java:222)
	at org.apache.solr.parser.QueryParser.TopLevelQuery(QueryParser.java:131)
	at org.apache.solr.parser.SolrQueryParserBase.parse(SolrQueryParserBase.java:270)
	at org.apache.solr.search.LuceneQParser.parse(LuceneQParser.java:49)
	at org.apache.solr.search.QParser.getQuery(QParser.java:174)
	at org.apache.solr.handler.component.QueryComponent.prepare(QueryComponent.java:162)
	at org.apache.solr.handler.component.SearchHandler.handleRequestBody(SearchHandler.java:332)
	at org.apache.solr.handler.RequestHandlerBase.handleRequest(RequestHandlerBase.java:216)
	at org.apache.solr.core.SolrCore.execute(SolrCore.java:2646)
	at org.apache.solr.servlet.HttpSolrCall.execute(HttpSolrCall.java:794)
	at org.apache.solr.servlet.HttpSolrCall.call(HttpSolrCall.java:567)
	at org.apache.solr.servlet.SolrDispatchFilter.doFilter(SolrDispatchFilter.java:427)
	at org.apache.solr.servlet.SolrDispatchFilter.doFilter(SolrDispatchFilter.java:357)
	at org.eclipse.jetty.servlet.FilterHolder.doFilter(FilterHolder.java:201)
	at org.eclipse.jetty.servlet.ServletHandler$Chain.doFilter(ServletHandler.java:1601)
	at org.eclipse.jetty.servlet.ServletHandler.doHandle(ServletHandler.java:548)
	at org.eclipse.jetty.server.handler.ScopedHandler.handle(ScopedHandler.java:143)
	at org.eclipse.jetty.security.SecurityHandler.handle(SecurityHandler.java:602)
	at org.eclipse.jetty.server.handler.HandlerWrapper.handle(HandlerWrapper.java:127)
	at org.eclipse.jetty.server.handler.ScopedHandler.nextHandle(ScopedHandler.java:235)
	at org.eclipse.jetty.server.session.SessionHandler.doHandle(SessionHandler.java:1612)
	at org.eclipse.jetty.server.handler.ScopedHandler.nextHandle(ScopedHandler.java:233)
	at org.eclipse.jetty.server.handler.ContextHandler.doHandle(ContextHandler.java:1434)
	at org.eclipse.jetty.server.handler.ScopedHandler.nextScope(ScopedHandler.java:188)
	at org.eclipse.jetty.servlet.ServletHandler.doScope(ServletHandler.java:501)
	at org.eclipse.jetty.server.session.SessionHandler.doScope(SessionHandler.java:1582)
	at org.eclipse.jetty.server.handler.ScopedHandler.nextScope(ScopedHandler.java:186)
	at org.eclipse.jetty.server.handler.ContextHandler.doScope(ContextHandler.java:1349)
	at org.eclipse.jetty.server.handler.ScopedHandler.handle(ScopedHandler.java:141)
	at org.eclipse.jetty.server.handler.ContextHandlerCollection.handle(ContextHandlerCollection.java:191)
	at org.eclipse.jetty.server.handler.InetAccessHandler.handle(InetAccessHandler.java:177)
	at org.eclipse.jetty.server.handler.HandlerCollection.handle(HandlerCollection.java:146)
	at org.eclipse.jetty.server.handler.HandlerWrapper.handle(HandlerWrapper.java:127)
	at org.eclipse.jetty.rewrite.handler.RewriteHandler.handle(RewriteHandler.java:322)
	at org.eclipse.jetty.server.handler.HandlerWrapper.handle(HandlerWrapper.java:127)
	at org.eclipse.jetty.server.Server.handle(Server.java:516)
	at org.eclipse.jetty.server.HttpChannel.lambda$handle$1(HttpChannel.java:383)
	at org.eclipse.jetty.server.HttpChannel.dispatch(HttpChannel.java:556)
	at org.eclipse.jetty.server.HttpChannel.handle(HttpChannel.java:375)
	at org.eclipse.jetty.server.HttpConnection.onFillable(HttpConnection.java:273)
	at org.eclipse.jetty.io.AbstractConnection$ReadCallback.succeeded(AbstractConnection.java:311)
	at org.eclipse.jetty.io.FillInterest.fillable(FillInterest.java:105)
	at org.eclipse.jetty.io.ChannelEndPoint$1.run(ChannelEndPoint.java:104)
	at org.eclipse.jetty.util.thread.strategy.EatWhatYouKill.runTask(EatWhatYouKill.java:336)
	at org.eclipse.jetty.util.thread.strategy.EatWhatYouKill.doProduce(EatWhatYouKill.java:313)
	at org.eclipse.jetty.util.thread.strategy.EatWhatYouKill.tryProduce(EatWhatYouKill.java:171)
	at org.eclipse.jetty.util.thread.strategy.EatWhatYouKill.run(EatWhatYouKill.java:129)
	at org.eclipse.jetty.util.thread.ReservedThreadExecutor$ReservedThread.run(ReservedThreadExecutor.java:375)
	at org.eclipse.jetty.util.thread.QueuedThreadPool.runJob(QueuedThreadPool.java:773)
	at org.eclipse.jetty.util.thread.QueuedThreadPool$Runner.run(QueuedThreadPool.java:905)
	at java.base/java.lang.Thread.run(Thread.java:832)

2021-06-01 07:58:57.478 INFO  (qtp888557915-18) [   x:gerbeaud_sample] o.a.s.c.S.Request [gerbeaud_sample]  webapp=/solr path=/select params={q=meta_reference:A4+A6&_=1622534053574} status=400 QTime=2
2021-06-01 08:01:17.669 INFO  (qtp888557915-26) [   x:gerbeaud_sample] o.a.s.c.S.Request [gerbeaud_sample]  webapp=/solr path=/select params={q=meta_reference:A4&wt=json} hits=1 status=0 QTime=1
2021-06-01 08:01:17.686 INFO  (qtp888557915-19) [   x:gerbeaud_sample] o.a.s.c.S.Request [gerbeaud_sample]  webapp=/solr path=/select params={q=meta_reference:A6&wt=json} hits=1 status=0 QTime=4
2021-06-01 08:01:17.698 INFO  (qtp888557915-23) [   x:gerbeaud_sample] o.a.s.c.S.Request [gerbeaud_sample]  webapp=/solr path=/select params={q=meta_reference:A7&wt=json} hits=1 status=0 QTime=1
2021-06-01 08:01:17.706 INFO  (qtp888557915-19) [   x:gerbeaud_sample] o.a.s.c.S.Request [gerbeaud_sample]  webapp=/solr path=/select params={q=meta_reference:A8&wt=json} hits=1 status=0 QTime=1
2021-06-01 08:01:17.712 INFO  (qtp888557915-23) [   x:gerbeaud_sample] o.a.s.c.S.Request [gerbeaud_sample]  webapp=/solr path=/select params={q=meta_reference:A9&wt=json} hits=1 status=0 QTime=1
2021-06-01 08:01:17.718 INFO  (qtp888557915-19) [   x:gerbeaud_sample] o.a.s.c.S.Request [gerbeaud_sample]  webapp=/solr path=/select params={q=meta_reference:A10&wt=json} hits=1 status=0 QTime=1
2021-06-01 08:01:17.725 INFO  (qtp888557915-23) [   x:gerbeaud_sample] o.a.s.c.S.Request [gerbeaud_sample]  webapp=/solr path=/select params={q=meta_reference:F1&wt=json} hits=1 status=0 QTime=1
2021-06-01 08:01:17.731 INFO  (qtp888557915-19) [   x:gerbeaud_sample] o.a.s.c.S.Request [gerbeaud_sample]  webapp=/solr path=/select params={q=meta_reference:F2&wt=json} hits=1 status=0 QTime=1
2021-06-01 08:01:17.739 INFO  (qtp888557915-23) [   x:gerbeaud_sample] o.a.s.c.S.Request [gerbeaud_sample]  webapp=/solr path=/select params={q=meta_reference:F3&wt=json} hits=1 status=0 QTime=1
2021-06-01 08:01:17.745 INFO  (qtp888557915-19) [   x:gerbeaud_sample] o.a.s.c.S.Request [gerbeaud_sample]  webapp=/solr path=/select params={q=meta_reference:F4&wt=json} hits=1 status=0 QTime=1
2021-06-01 08:01:17.752 INFO  (qtp888557915-23) [   x:gerbeaud_sample] o.a.s.c.S.Request [gerbeaud_sample]  webapp=/solr path=/select params={q=meta_reference:F5&wt=json} hits=1 status=0 QTime=1
2021-06-01 08:01:17.758 INFO  (qtp888557915-19) [   x:gerbeaud_sample] o.a.s.c.S.Request [gerbeaud_sample]  webapp=/solr path=/select params={q=meta_reference:F6&wt=json} hits=1 status=0 QTime=1
2021-06-01 08:01:17.764 INFO  (qtp888557915-23) [   x:gerbeaud_sample] o.a.s.c.S.Request [gerbeaud_sample]  webapp=/solr path=/select params={q=meta_reference:F7&wt=json} hits=1 status=0 QTime=1
2021-06-01 08:01:17.772 INFO  (qtp888557915-19) [   x:gerbeaud_sample] o.a.s.c.S.Request [gerbeaud_sample]  webapp=/solr path=/select params={q=meta_reference:F8&wt=json} hits=1 status=0 QTime=1
2021-06-01 08:01:17.779 INFO  (qtp888557915-23) [   x:gerbeaud_sample] o.a.s.c.S.Request [gerbeaud_sample]  webapp=/solr path=/select params={q=meta_reference:F9&wt=json} hits=0 status=0 QTime=1
2021-06-01 08:01:17.785 INFO  (qtp888557915-19) [   x:gerbeaud_sample] o.a.s.c.S.Request [gerbeaud_sample]  webapp=/solr path=/select params={q=meta_reference:F10&wt=json} hits=0 status=0 QTime=1
2021-06-01 08:01:17.791 INFO  (qtp888557915-23) [   x:gerbeaud_sample] o.a.s.c.S.Request [gerbeaud_sample]  webapp=/solr path=/select params={q=meta_reference:X1&wt=json} hits=1 status=0 QTime=1
2021-06-01 08:01:17.798 INFO  (qtp888557915-19) [   x:gerbeaud_sample] o.a.s.c.S.Request [gerbeaud_sample]  webapp=/solr path=/select params={q=meta_reference:X2&wt=json} hits=1 status=0 QTime=1
2021-06-01 08:01:17.804 INFO  (qtp888557915-23) [   x:gerbeaud_sample] o.a.s.c.S.Request [gerbeaud_sample]  webapp=/solr path=/select params={q=meta_reference:X3&wt=json} hits=1 status=0 QTime=1
2021-06-01 08:01:17.810 INFO  (qtp888557915-19) [   x:gerbeaud_sample] o.a.s.c.S.Request [gerbeaud_sample]  webapp=/solr path=/select params={q=meta_reference:X4&wt=json} hits=1 status=0 QTime=1
2021-06-01 08:01:17.816 INFO  (qtp888557915-23) [   x:gerbeaud_sample] o.a.s.c.S.Request [gerbeaud_sample]  webapp=/solr path=/select params={q=meta_reference:X5&wt=json} hits=1 status=0 QTime=1
2021-06-01 08:01:17.822 INFO  (qtp888557915-19) [   x:gerbeaud_sample] o.a.s.c.S.Request [gerbeaud_sample]  webapp=/solr path=/select params={q=meta_reference:X6&wt=json} hits=1 status=0 QTime=1
2021-06-01 08:01:17.828 INFO  (qtp888557915-23) [   x:gerbeaud_sample] o.a.s.c.S.Request [gerbeaud_sample]  webapp=/solr path=/select params={q=meta_reference:X7&wt=json} hits=1 status=0 QTime=1
2021-06-01 08:01:17.834 INFO  (qtp888557915-19) [   x:gerbeaud_sample] o.a.s.c.S.Request [gerbeaud_sample]  webapp=/solr path=/select params={q=meta_reference:X8&wt=json} hits=1 status=0 QTime=1
2021-06-01 08:01:17.840 INFO  (qtp888557915-23) [   x:gerbeaud_sample] o.a.s.c.S.Request [gerbeaud_sample]  webapp=/solr path=/select params={q=meta_reference:X9&wt=json} hits=1 status=0 QTime=1
2021-06-01 08:01:17.845 INFO  (qtp888557915-19) [   x:gerbeaud_sample] o.a.s.c.S.Request [gerbeaud_sample]  webapp=/solr path=/select params={q=meta_reference:X10&wt=json} hits=0 status=0 QTime=0
2021-06-01 08:01:17.850 INFO  (qtp888557915-23) [   x:gerbeaud_sample] o.a.s.c.S.Request [gerbeaud_sample]  webapp=/solr path=/select params={q=meta_reference:L1&wt=json} hits=0 status=0 QTime=1
2021-06-01 08:01:17.855 INFO  (qtp888557915-19) [   x:gerbeaud_sample] o.a.s.c.S.Request [gerbeaud_sample]  webapp=/solr path=/select params={q=meta_reference:L2&wt=json} hits=0 status=0 QTime=0
2021-06-01 08:01:17.860 INFO  (qtp888557915-23) [   x:gerbeaud_sample] o.a.s.c.S.Request [gerbeaud_sample]  webapp=/solr path=/select params={q=meta_reference:L3&wt=json} hits=0 status=0 QTime=1
2021-06-01 08:01:17.865 INFO  (qtp888557915-19) [   x:gerbeaud_sample] o.a.s.c.S.Request [gerbeaud_sample]  webapp=/solr path=/select params={q=meta_reference:L4&wt=json} hits=0 status=0 QTime=0
2021-06-01 08:01:17.869 INFO  (qtp888557915-23) [   x:gerbeaud_sample] o.a.s.c.S.Request [gerbeaud_sample]  webapp=/solr path=/select params={q=meta_reference:L5&wt=json} hits=0 status=0 QTime=1
2021-06-01 08:01:17.875 INFO  (qtp888557915-19) [   x:gerbeaud_sample] o.a.s.c.S.Request [gerbeaud_sample]  webapp=/solr path=/select params={q=meta_reference:L6&wt=json} hits=0 status=0 QTime=0
2021-06-01 08:01:17.879 INFO  (qtp888557915-23) [   x:gerbeaud_sample] o.a.s.c.S.Request [gerbeaud_sample]  webapp=/solr path=/select params={q=meta_reference:L7&wt=json} hits=0 status=0 QTime=0
2021-06-01 08:01:17.884 INFO  (qtp888557915-19) [   x:gerbeaud_sample] o.a.s.c.S.Request [gerbeaud_sample]  webapp=/solr path=/select params={q=meta_reference:L8&wt=json} hits=0 status=0 QTime=0
2021-06-01 08:01:17.889 INFO  (qtp888557915-23) [   x:gerbeaud_sample] o.a.s.c.S.Request [gerbeaud_sample]  webapp=/solr path=/select params={q=meta_reference:L9&wt=json} hits=1 status=0 QTime=0
2021-06-01 08:01:17.894 INFO  (qtp888557915-19) [   x:gerbeaud_sample] o.a.s.c.S.Request [gerbeaud_sample]  webapp=/solr path=/select params={q=meta_reference:L10&wt=json} hits=0 status=0 QTime=0
2021-06-01 08:01:17.992 INFO  (qtp888557915-23) [   x:gerbeaud_sample] o.a.s.u.p.LogUpdateProcessorFactory [gerbeaud_sample]  webapp=/solr path=/update params={commit=true}{deleteByQuery=meta_reference:(A 4 ,   A 6 ,   A 7 ,   A 8 ,   A 9 ,   A 1 0 ,   F 1 ,   F 2 ,   F 3 ,   F 4 ,   F 5 ,   F 6 ,   F 7 ,   F 8 ,   X 1 ,   X 2 ,   X 3 ,   X 4 ,   X 5 ,   X 6 ,   X 7 ,   X 8 ,   X 9 ,   L 9 ,  ) (-1701350712754044928),commit=} 0 94
2021-06-01 08:01:18.341 INFO  (searcherExecutor-15-thread-1-processing-x:gerbeaud_sample) [   x:gerbeaud_sample] o.a.s.c.QuerySenderListener QuerySenderListener done.
2021-06-01 08:01:18.354 INFO  (searcherExecutor-15-thread-1-processing-x:gerbeaud_sample) [   x:gerbeaud_sample] o.a.s.c.SolrCore [gerbeaud_sample]  Registered new searcher autowarm time: 8 ms
2021-06-01 08:01:18.383 INFO  (qtp888557915-19) [   x:gerbeaud_sample] o.a.s.u.p.LogUpdateProcessorFactory [gerbeaud_sample]  webapp=/solr path=/update params={commit=true}{add=[A4 (1701350712812765184), A6 (1701350712866242560), A7 (1701350712870436864), A8 (1701350712873582592), A9 (1701350712875679744), A10 (1701350712878825472), F1 (1701350712880922624), F2 (1701350712885116928), F3 (1701350712888262656), F4 (1701350712891408384), ... (36 adds)],commit=} 0 382
2021-06-01 08:01:35.025 INFO  (qtp888557915-20) [   x:gerbeaud_sample] o.a.s.c.S.Request [gerbeaud_sample]  webapp=/solr path=/select params={q=*:*&_=1622534053574} hits=137 status=0 QTime=2
2021-06-01 08:01:43.054 INFO  (qtp888557915-22) [   x:gerbeaud_sample] o.a.s.c.S.Request [gerbeaud_sample]  webapp=/solr path=/select params={q=*:*&rows=100&_=1622534053574} hits=137 status=0 QTime=2
2021-06-01 08:02:02.574 INFO  (qtp888557915-20) [   x:gerbeaud_sample] o.a.s.c.S.Request [gerbeaud_sample]  webapp=/solr path=/select params={q=meta_reference:X1&rows=10&_=1622534053574} hits=1 status=0 QTime=3
2021-06-01 08:02:18.778 INFO  (qtp888557915-25) [   x:gerbeaud_sample] o.a.s.c.S.Request [gerbeaud_sample]  webapp=/solr path=/select params={q=meta_reference:A4&wt=json} hits=1 status=0 QTime=2
2021-06-01 08:02:18.793 INFO  (qtp888557915-20) [   x:gerbeaud_sample] o.a.s.c.S.Request [gerbeaud_sample]  webapp=/solr path=/select params={q=meta_reference:A6&wt=json} hits=1 status=0 QTime=2
2021-06-01 08:02:18.806 INFO  (qtp888557915-25) [   x:gerbeaud_sample] o.a.s.c.S.Request [gerbeaud_sample]  webapp=/solr path=/select params={q=meta_reference:A7&wt=json} hits=1 status=0 QTime=2
2021-06-01 08:02:18.814 INFO  (qtp888557915-20) [   x:gerbeaud_sample] o.a.s.c.S.Request [gerbeaud_sample]  webapp=/solr path=/select params={q=meta_reference:A8&wt=json} hits=1 status=0 QTime=0
2021-06-01 08:02:18.820 INFO  (qtp888557915-25) [   x:gerbeaud_sample] o.a.s.c.S.Request [gerbeaud_sample]  webapp=/solr path=/select params={q=meta_reference:A9&wt=json} hits=1 status=0 QTime=1
2021-06-01 08:02:18.826 INFO  (qtp888557915-20) [   x:gerbeaud_sample] o.a.s.c.S.Request [gerbeaud_sample]  webapp=/solr path=/select params={q=meta_reference:A10&wt=json} hits=1 status=0 QTime=1
2021-06-01 08:02:18.831 INFO  (qtp888557915-25) [   x:gerbeaud_sample] o.a.s.c.S.Request [gerbeaud_sample]  webapp=/solr path=/select params={q=meta_reference:F1&wt=json} hits=1 status=0 QTime=0
2021-06-01 08:02:18.838 INFO  (qtp888557915-20) [   x:gerbeaud_sample] o.a.s.c.S.Request [gerbeaud_sample]  webapp=/solr path=/select params={q=meta_reference:F2&wt=json} hits=1 status=0 QTime=1
2021-06-01 08:02:18.843 INFO  (qtp888557915-25) [   x:gerbeaud_sample] o.a.s.c.S.Request [gerbeaud_sample]  webapp=/solr path=/select params={q=meta_reference:F3&wt=json} hits=1 status=0 QTime=0
2021-06-01 08:02:18.849 INFO  (qtp888557915-20) [   x:gerbeaud_sample] o.a.s.c.S.Request [gerbeaud_sample]  webapp=/solr path=/select params={q=meta_reference:F4&wt=json} hits=1 status=0 QTime=1
2021-06-01 08:02:18.854 INFO  (qtp888557915-25) [   x:gerbeaud_sample] o.a.s.c.S.Request [gerbeaud_sample]  webapp=/solr path=/select params={q=meta_reference:F5&wt=json} hits=1 status=0 QTime=0
2021-06-01 08:02:18.860 INFO  (qtp888557915-20) [   x:gerbeaud_sample] o.a.s.c.S.Request [gerbeaud_sample]  webapp=/solr path=/select params={q=meta_reference:F6&wt=json} hits=1 status=0 QTime=1
2021-06-01 08:02:18.865 INFO  (qtp888557915-25) [   x:gerbeaud_sample] o.a.s.c.S.Request [gerbeaud_sample]  webapp=/solr path=/select params={q=meta_reference:F7&wt=json} hits=1 status=0 QTime=0
2021-06-01 08:02:18.871 INFO  (qtp888557915-20) [   x:gerbeaud_sample] o.a.s.c.S.Request [gerbeaud_sample]  webapp=/solr path=/select params={q=meta_reference:F8&wt=json} hits=1 status=0 QTime=0
2021-06-01 08:02:18.876 INFO  (qtp888557915-25) [   x:gerbeaud_sample] o.a.s.c.S.Request [gerbeaud_sample]  webapp=/solr path=/select params={q=meta_reference:F9&wt=json} hits=1 status=0 QTime=0
2021-06-01 08:02:18.882 INFO  (qtp888557915-20) [   x:gerbeaud_sample] o.a.s.c.S.Request [gerbeaud_sample]  webapp=/solr path=/select params={q=meta_reference:F10&wt=json} hits=1 status=0 QTime=1
2021-06-01 08:02:18.887 INFO  (qtp888557915-25) [   x:gerbeaud_sample] o.a.s.c.S.Request [gerbeaud_sample]  webapp=/solr path=/select params={q=meta_reference:X1&wt=json} hits=1 status=0 QTime=0
2021-06-01 08:02:18.892 INFO  (qtp888557915-20) [   x:gerbeaud_sample] o.a.s.c.S.Request [gerbeaud_sample]  webapp=/solr path=/select params={q=meta_reference:X2&wt=json} hits=1 status=0 QTime=1
2021-06-01 08:02:18.897 INFO  (qtp888557915-25) [   x:gerbeaud_sample] o.a.s.c.S.Request [gerbeaud_sample]  webapp=/solr path=/select params={q=meta_reference:X3&wt=json} hits=1 status=0 QTime=0
2021-06-01 08:02:18.902 INFO  (qtp888557915-20) [   x:gerbeaud_sample] o.a.s.c.S.Request [gerbeaud_sample]  webapp=/solr path=/select params={q=meta_reference:X4&wt=json} hits=1 status=0 QTime=0
2021-06-01 08:02:18.907 INFO  (qtp888557915-25) [   x:gerbeaud_sample] o.a.s.c.S.Request [gerbeaud_sample]  webapp=/solr path=/select params={q=meta_reference:X5&wt=json} hits=1 status=0 QTime=0
2021-06-01 08:02:18.913 INFO  (qtp888557915-20) [   x:gerbeaud_sample] o.a.s.c.S.Request [gerbeaud_sample]  webapp=/solr path=/select params={q=meta_reference:X6&wt=json} hits=1 status=0 QTime=1
2021-06-01 08:02:18.918 INFO  (qtp888557915-25) [   x:gerbeaud_sample] o.a.s.c.S.Request [gerbeaud_sample]  webapp=/solr path=/select params={q=meta_reference:X7&wt=json} hits=1 status=0 QTime=0
2021-06-01 08:02:18.923 INFO  (qtp888557915-20) [   x:gerbeaud_sample] o.a.s.c.S.Request [gerbeaud_sample]  webapp=/solr path=/select params={q=meta_reference:X8&wt=json} hits=1 status=0 QTime=1
2021-06-01 08:02:18.929 INFO  (qtp888557915-25) [   x:gerbeaud_sample] o.a.s.c.S.Request [gerbeaud_sample]  webapp=/solr path=/select params={q=meta_reference:X9&wt=json} hits=1 status=0 QTime=0
2021-06-01 08:02:18.934 INFO  (qtp888557915-20) [   x:gerbeaud_sample] o.a.s.c.S.Request [gerbeaud_sample]  webapp=/solr path=/select params={q=meta_reference:X10&wt=json} hits=1 status=0 QTime=0
2021-06-01 08:02:18.939 INFO  (qtp888557915-25) [   x:gerbeaud_sample] o.a.s.c.S.Request [gerbeaud_sample]  webapp=/solr path=/select params={q=meta_reference:L1&wt=json} hits=1 status=0 QTime=0
2021-06-01 08:02:18.944 INFO  (qtp888557915-20) [   x:gerbeaud_sample] o.a.s.c.S.Request [gerbeaud_sample]  webapp=/solr path=/select params={q=meta_reference:L2&wt=json} hits=1 status=0 QTime=1
2021-06-01 08:02:18.949 INFO  (qtp888557915-25) [   x:gerbeaud_sample] o.a.s.c.S.Request [gerbeaud_sample]  webapp=/solr path=/select params={q=meta_reference:L3&wt=json} hits=1 status=0 QTime=0
2021-06-01 08:02:18.954 INFO  (qtp888557915-20) [   x:gerbeaud_sample] o.a.s.c.S.Request [gerbeaud_sample]  webapp=/solr path=/select params={q=meta_reference:L4&wt=json} hits=1 status=0 QTime=0
2021-06-01 08:02:18.959 INFO  (qtp888557915-25) [   x:gerbeaud_sample] o.a.s.c.S.Request [gerbeaud_sample]  webapp=/solr path=/select params={q=meta_reference:L5&wt=json} hits=1 status=0 QTime=0
2021-06-01 08:02:18.964 INFO  (qtp888557915-20) [   x:gerbeaud_sample] o.a.s.c.S.Request [gerbeaud_sample]  webapp=/solr path=/select params={q=meta_reference:L6&wt=json} hits=1 status=0 QTime=1
2021-06-01 08:02:18.968 INFO  (qtp888557915-25) [   x:gerbeaud_sample] o.a.s.c.S.Request [gerbeaud_sample]  webapp=/solr path=/select params={q=meta_reference:L7&wt=json} hits=1 status=0 QTime=0
2021-06-01 08:02:18.974 INFO  (qtp888557915-20) [   x:gerbeaud_sample] o.a.s.c.S.Request [gerbeaud_sample]  webapp=/solr path=/select params={q=meta_reference:L8&wt=json} hits=1 status=0 QTime=1
2021-06-01 08:02:18.978 INFO  (qtp888557915-25) [   x:gerbeaud_sample] o.a.s.c.S.Request [gerbeaud_sample]  webapp=/solr path=/select params={q=meta_reference:L9&wt=json} hits=1 status=0 QTime=0
2021-06-01 08:02:18.984 INFO  (qtp888557915-20) [   x:gerbeaud_sample] o.a.s.c.S.Request [gerbeaud_sample]  webapp=/solr path=/select params={q=meta_reference:L10&wt=json} hits=1 status=0 QTime=1
2021-06-01 08:02:18.996 INFO  (qtp888557915-25) [   x:gerbeaud_sample] o.a.s.u.p.LogUpdateProcessorFactory [gerbeaud_sample]  webapp=/solr path=/update params={commit=true}{deleteByQuery=meta_reference:(A 4 ,   A 6 ,   A 7 ,   A 8 ,   A 9 ,   A 1 0 ,   F 1 ,   F 2 ,   F 3 ,   F 4 ,   F 5 ,   F 6 ,   F 7 ,   F 8 ,   F 9 ,   F 1 0 ,   X 1 ,   X 2 ,   X 3 ,   X 4 ,   X 5 ,   X 6 ,   X 7 ,   X 8 ,   X 9 ,   X 1 0 ,   L 1 ,   L 2 ,   L 3 ,   L 4 ,   L 5 ,   L 6 ,   L 7 ,   L 8 ,   L 9 ,   L 1 0 ,  ) (-1701350776754929664),commit=} 0 7
2021-06-01 08:02:19.162 INFO  (searcherExecutor-15-thread-1-processing-x:gerbeaud_sample) [   x:gerbeaud_sample] o.a.s.c.QuerySenderListener QuerySenderListener done.
2021-06-01 08:02:19.167 INFO  (searcherExecutor-15-thread-1-processing-x:gerbeaud_sample) [   x:gerbeaud_sample] o.a.s.c.SolrCore [gerbeaud_sample]  Registered new searcher autowarm time: 0 ms
2021-06-01 08:02:19.175 INFO  (qtp888557915-20) [   x:gerbeaud_sample] o.a.s.u.p.LogUpdateProcessorFactory [gerbeaud_sample]  webapp=/solr path=/update params={commit=true}{add=[A4 (1701350776769609728), A6 (1701350776773804032), A7 (1701350776775901184), A8 (1701350776779046912), A9 (1701350776781144064), A10 (1701350776782192640), F1 (1701350776784289792), F2 (1701350776786386944), F3 (1701350776788484096), F4 (1701350776790581248), ... (36 adds)],commit=} 0 173
2021-06-01 08:02:24.648 INFO  (qtp888557915-22) [   x:gerbeaud_sample] o.a.s.c.S.Request [gerbeaud_sample]  webapp=/solr path=/select params={q=meta_reference:X1&rows=10&_=1622534053574} hits=1 status=0 QTime=2
2021-06-01 08:02:26.631 INFO  (qtp888557915-25) [   ] o.a.s.s.HttpSolrCall [admin] webapp=null path=/admin/cores params={indexInfo=false&wt=json&_=1622534546471} status=0 QTime=0
2021-06-01 08:02:26.648 INFO  (qtp888557915-23) [   ] o.a.s.s.HttpSolrCall [admin] webapp=null path=/admin/info/system params={wt=json&_=1622534546472} status=0 QTime=14
2021-06-01 08:02:30.064 INFO  (qtp888557915-48) [   ] o.a.s.s.HttpSolrCall [admin] webapp=null path=/admin/cores params={indexInfo=false&wt=json&_=1622534546471} status=0 QTime=0
2021-06-01 08:02:30.067 INFO  (qtp888557915-19) [   x:gerbeaud_sample] o.a.s.c.S.Request [gerbeaud_sample]  webapp=/solr path=/admin/luke params={numTerms=0&show=index&wt=json&_=1622534550048} status=0 QTime=1
2021-06-01 08:02:30.075 INFO  (qtp888557915-22) [   ] o.a.s.s.HttpSolrCall [admin] webapp=null path=/admin/info/system params={wt=json&_=1622534546472} status=0 QTime=11
2021-06-01 08:02:30.079 INFO  (qtp888557915-18) [   x:gerbeaud_sample] o.a.s.c.S.Request [gerbeaud_sample]  webapp=/solr path=/replication params={wt=json&command=details&_=1622534550049} status=0 QTime=1
2021-06-01 08:02:30.089 INFO  (qtp888557915-23) [   x:gerbeaud_sample] o.a.s.c.S.Request [gerbeaud_sample]  webapp=/solr path=/admin/system params={wt=json&_=1622534550048} status=0 QTime=10
2021-06-01 08:02:30.098 INFO  (qtp888557915-19) [   x:gerbeaud_sample] o.a.s.c.S.Request [gerbeaud_sample]  webapp=/solr path=/admin/ping params={action=status&wt=json&_=1622534546472&ts=1622534546472} status=503 QTime=0
2021-06-01 08:02:31.976 INFO  (qtp888557915-23) [   ] o.a.s.s.HttpSolrCall [admin] webapp=null path=/admin/cores params={indexInfo=false&wt=json&_=1622534546471} status=0 QTime=0
2021-06-01 08:02:31.985 INFO  (qtp888557915-48) [   ] o.a.s.s.HttpSolrCall [admin] webapp=null path=/admin/info/system params={wt=json&_=1622534546472} status=0 QTime=8
2021-06-01 08:02:38.754 INFO  (qtp888557915-18) [   x:gerbeaud_sample] o.a.s.c.S.Request [gerbeaud_sample]  webapp=/solr path=/select params={q=meta_reference:X1&_=1622534546580} hits=1 status=0 QTime=1
2021-06-01 08:49:49.318 INFO  (qtp888557915-17) [   x:gerbeaud_sample] o.a.s.c.S.Request [gerbeaud_sample]  webapp=/solr path=/select params={q=meta_reference:A31&wt=json} hits=0 status=0 QTime=2
2021-06-01 08:49:49.330 INFO  (qtp888557915-25) [   x:gerbeaud_sample] o.a.s.c.S.Request [gerbeaud_sample]  webapp=/solr path=/select params={q=meta_reference:A844&wt=json} hits=0 status=0 QTime=1
2021-06-01 08:49:49.339 INFO  (qtp888557915-51) [   x:gerbeaud_sample] o.a.s.c.S.Request [gerbeaud_sample]  webapp=/solr path=/select params={q=meta_reference:A47&wt=json} hits=1 status=0 QTime=1
2021-06-01 08:49:49.349 INFO  (qtp888557915-25) [   x:gerbeaud_sample] o.a.s.c.S.Request [gerbeaud_sample]  webapp=/solr path=/select params={q=meta_reference:A307&wt=json} hits=0 status=0 QTime=1
2021-06-01 08:49:49.356 INFO  (qtp888557915-51) [   x:gerbeaud_sample] o.a.s.c.S.Request [gerbeaud_sample]  webapp=/solr path=/select params={q=meta_reference:A180&wt=json} hits=0 status=0 QTime=0
2021-06-01 08:49:49.361 INFO  (qtp888557915-25) [   x:gerbeaud_sample] o.a.s.c.S.Request [gerbeaud_sample]  webapp=/solr path=/select params={q=meta_reference:A1601&wt=json} hits=0 status=0 QTime=0
2021-06-01 08:49:49.366 INFO  (qtp888557915-51) [   x:gerbeaud_sample] o.a.s.c.S.Request [gerbeaud_sample]  webapp=/solr path=/select params={q=meta_reference:A1150&wt=json} hits=0 status=0 QTime=0
2021-06-01 08:49:49.370 INFO  (qtp888557915-25) [   x:gerbeaud_sample] o.a.s.c.S.Request [gerbeaud_sample]  webapp=/solr path=/select params={q=meta_reference:A1274&wt=json} hits=0 status=0 QTime=0
2021-06-01 08:49:49.375 INFO  (qtp888557915-51) [   x:gerbeaud_sample] o.a.s.c.S.Request [gerbeaud_sample]  webapp=/solr path=/select params={q=meta_reference:A847&wt=json} hits=0 status=0 QTime=0
2021-06-01 08:49:49.380 INFO  (qtp888557915-25) [   x:gerbeaud_sample] o.a.s.c.S.Request [gerbeaud_sample]  webapp=/solr path=/select params={q=meta_reference:A255&wt=json} hits=0 status=0 QTime=0
2021-06-01 08:49:49.385 INFO  (qtp888557915-51) [   x:gerbeaud_sample] o.a.s.c.S.Request [gerbeaud_sample]  webapp=/solr path=/select params={q=meta_reference:F2012&wt=json} hits=0 status=0 QTime=0
2021-06-01 08:49:49.389 INFO  (qtp888557915-25) [   x:gerbeaud_sample] o.a.s.c.S.Request [gerbeaud_sample]  webapp=/solr path=/select params={q=meta_reference:F2338&wt=json} hits=0 status=0 QTime=0
2021-06-01 08:49:49.394 INFO  (qtp888557915-51) [   x:gerbeaud_sample] o.a.s.c.S.Request [gerbeaud_sample]  webapp=/solr path=/select params={q=meta_reference:F1218&wt=json} hits=0 status=0 QTime=0
2021-06-01 08:49:49.399 INFO  (qtp888557915-25) [   x:gerbeaud_sample] o.a.s.c.S.Request [gerbeaud_sample]  webapp=/solr path=/select params={q=meta_reference:F1216&wt=json} hits=0 status=0 QTime=0
2021-06-01 08:49:49.404 INFO  (qtp888557915-51) [   x:gerbeaud_sample] o.a.s.c.S.Request [gerbeaud_sample]  webapp=/solr path=/select params={q=meta_reference:F1270&wt=json} hits=0 status=0 QTime=0
2021-06-01 08:49:49.408 INFO  (qtp888557915-25) [   x:gerbeaud_sample] o.a.s.c.S.Request [gerbeaud_sample]  webapp=/solr path=/select params={q=meta_reference:F1947&wt=json} hits=0 status=0 QTime=0
2021-06-01 08:49:49.413 INFO  (qtp888557915-51) [   x:gerbeaud_sample] o.a.s.c.S.Request [gerbeaud_sample]  webapp=/solr path=/select params={q=meta_reference:F1181&wt=json} hits=0 status=0 QTime=0
2021-06-01 08:49:49.417 INFO  (qtp888557915-25) [   x:gerbeaud_sample] o.a.s.c.S.Request [gerbeaud_sample]  webapp=/solr path=/select params={q=meta_reference:F1629&wt=json} hits=0 status=0 QTime=0
2021-06-01 08:49:49.422 INFO  (qtp888557915-51) [   x:gerbeaud_sample] o.a.s.c.S.Request [gerbeaud_sample]  webapp=/solr path=/select params={q=meta_reference:F1985&wt=json} hits=0 status=0 QTime=0
2021-06-01 08:49:49.426 INFO  (qtp888557915-25) [   x:gerbeaud_sample] o.a.s.c.S.Request [gerbeaud_sample]  webapp=/solr path=/select params={q=meta_reference:F1927&wt=json} hits=0 status=0 QTime=0
2021-06-01 08:49:49.431 INFO  (qtp888557915-51) [   x:gerbeaud_sample] o.a.s.c.S.Request [gerbeaud_sample]  webapp=/solr path=/select params={q=meta_reference:X81&wt=json} hits=0 status=0 QTime=0
2021-06-01 08:49:49.435 INFO  (qtp888557915-25) [   x:gerbeaud_sample] o.a.s.c.S.Request [gerbeaud_sample]  webapp=/solr path=/select params={q=meta_reference:X60&wt=json} hits=0 status=0 QTime=0
2021-06-01 08:49:49.439 INFO  (qtp888557915-51) [   x:gerbeaud_sample] o.a.s.c.S.Request [gerbeaud_sample]  webapp=/solr path=/select params={q=meta_reference:X80&wt=json} hits=0 status=0 QTime=0
2021-06-01 08:49:49.444 INFO  (qtp888557915-25) [   x:gerbeaud_sample] o.a.s.c.S.Request [gerbeaud_sample]  webapp=/solr path=/select params={q=meta_reference:X18&wt=json} hits=0 status=0 QTime=0
2021-06-01 08:49:49.448 INFO  (qtp888557915-51) [   x:gerbeaud_sample] o.a.s.c.S.Request [gerbeaud_sample]  webapp=/solr path=/select params={q=meta_reference:X71&wt=json} hits=0 status=0 QTime=0
2021-06-01 08:49:49.453 INFO  (qtp888557915-25) [   x:gerbeaud_sample] o.a.s.c.S.Request [gerbeaud_sample]  webapp=/solr path=/select params={q=meta_reference:X62&wt=json} hits=1 status=0 QTime=0
2021-06-01 08:49:49.457 INFO  (qtp888557915-51) [   x:gerbeaud_sample] o.a.s.c.S.Request [gerbeaud_sample]  webapp=/solr path=/select params={q=meta_reference:X6&wt=json} hits=1 status=0 QTime=0
2021-06-01 08:49:49.462 INFO  (qtp888557915-25) [   x:gerbeaud_sample] o.a.s.c.S.Request [gerbeaud_sample]  webapp=/solr path=/select params={q=meta_reference:X23&wt=json} hits=1 status=0 QTime=0
2021-06-01 08:49:49.467 INFO  (qtp888557915-51) [   x:gerbeaud_sample] o.a.s.c.S.Request [gerbeaud_sample]  webapp=/solr path=/select params={q=meta_reference:X73&wt=json} hits=0 status=0 QTime=0
2021-06-01 08:49:49.471 INFO  (qtp888557915-25) [   x:gerbeaud_sample] o.a.s.c.S.Request [gerbeaud_sample]  webapp=/solr path=/select params={q=meta_reference:X89&wt=json} hits=0 status=0 QTime=0
2021-06-01 08:49:49.475 INFO  (qtp888557915-51) [   x:gerbeaud_sample] o.a.s.c.S.Request [gerbeaud_sample]  webapp=/solr path=/select params={q=meta_reference:L4&wt=json} hits=1 status=0 QTime=0
2021-06-01 08:49:49.479 INFO  (qtp888557915-25) [   x:gerbeaud_sample] o.a.s.c.S.Request [gerbeaud_sample]  webapp=/solr path=/select params={q=meta_reference:L254&wt=json} hits=0 status=0 QTime=0
2021-06-01 08:49:49.483 INFO  (qtp888557915-51) [   x:gerbeaud_sample] o.a.s.c.S.Request [gerbeaud_sample]  webapp=/solr path=/select params={q=meta_reference:L147&wt=json} hits=0 status=0 QTime=0
2021-06-01 08:49:49.487 INFO  (qtp888557915-25) [   x:gerbeaud_sample] o.a.s.c.S.Request [gerbeaud_sample]  webapp=/solr path=/select params={q=meta_reference:L338&wt=json} hits=0 status=0 QTime=0
2021-06-01 08:49:49.492 INFO  (qtp888557915-51) [   x:gerbeaud_sample] o.a.s.c.S.Request [gerbeaud_sample]  webapp=/solr path=/select params={q=meta_reference:L58&wt=json} hits=0 status=0 QTime=0
2021-06-01 08:49:49.496 INFO  (qtp888557915-25) [   x:gerbeaud_sample] o.a.s.c.S.Request [gerbeaud_sample]  webapp=/solr path=/select params={q=meta_reference:L297&wt=json} hits=0 status=0 QTime=0
2021-06-01 08:49:49.500 INFO  (qtp888557915-51) [   x:gerbeaud_sample] o.a.s.c.S.Request [gerbeaud_sample]  webapp=/solr path=/select params={q=meta_reference:L34&wt=json} hits=0 status=0 QTime=0
2021-06-01 08:49:49.504 INFO  (qtp888557915-25) [   x:gerbeaud_sample] o.a.s.c.S.Request [gerbeaud_sample]  webapp=/solr path=/select params={q=meta_reference:L89&wt=json} hits=1 status=0 QTime=0
2021-06-01 08:49:49.508 INFO  (qtp888557915-51) [   x:gerbeaud_sample] o.a.s.c.S.Request [gerbeaud_sample]  webapp=/solr path=/select params={q=meta_reference:L185&wt=json} hits=0 status=0 QTime=0
2021-06-01 08:49:49.513 INFO  (qtp888557915-25) [   x:gerbeaud_sample] o.a.s.c.S.Request [gerbeaud_sample]  webapp=/solr path=/select params={q=meta_reference:L34&wt=json} hits=0 status=0 QTime=0
2021-06-01 08:49:49.517 INFO  (qtp888557915-51) [   x:gerbeaud_sample] o.a.s.c.S.Request [gerbeaud_sample]  webapp=/solr path=/select params={q=meta_reference:S634&wt=json} hits=1 status=0 QTime=0
2021-06-01 08:49:49.523 INFO  (qtp888557915-25) [   x:gerbeaud_sample] o.a.s.c.S.Request [gerbeaud_sample]  webapp=/solr path=/select params={q=meta_reference:S661&wt=json} hits=0 status=0 QTime=0
2021-06-01 08:49:49.528 INFO  (qtp888557915-51) [   x:gerbeaud_sample] o.a.s.c.S.Request [gerbeaud_sample]  webapp=/solr path=/select params={q=meta_reference:S590&wt=json} hits=1 status=0 QTime=0
2021-06-01 08:49:49.534 INFO  (qtp888557915-25) [   x:gerbeaud_sample] o.a.s.c.S.Request [gerbeaud_sample]  webapp=/solr path=/select params={q=meta_reference:S644&wt=json} hits=0 status=0 QTime=0
2021-06-01 08:49:49.539 INFO  (qtp888557915-51) [   x:gerbeaud_sample] o.a.s.c.S.Request [gerbeaud_sample]  webapp=/solr path=/select params={q=meta_reference:S657&wt=json} hits=1 status=0 QTime=0
2021-06-01 08:49:49.546 INFO  (qtp888557915-25) [   x:gerbeaud_sample] o.a.s.c.S.Request [gerbeaud_sample]  webapp=/solr path=/select params={q=meta_reference:S602&wt=json} hits=0 status=0 QTime=1
2021-06-01 08:49:49.550 INFO  (qtp888557915-51) [   x:gerbeaud_sample] o.a.s.c.S.Request [gerbeaud_sample]  webapp=/solr path=/select params={q=meta_reference:S631&wt=json} hits=0 status=0 QTime=0
2021-06-01 08:49:49.554 INFO  (qtp888557915-25) [   x:gerbeaud_sample] o.a.s.c.S.Request [gerbeaud_sample]  webapp=/solr path=/select params={q=meta_reference:S646&wt=json} hits=0 status=0 QTime=0
2021-06-01 08:49:49.558 INFO  (qtp888557915-51) [   x:gerbeaud_sample] o.a.s.c.S.Request [gerbeaud_sample]  webapp=/solr path=/select params={q=meta_reference:S597&wt=json} hits=0 status=0 QTime=0
2021-06-01 08:49:49.562 INFO  (qtp888557915-25) [   x:gerbeaud_sample] o.a.s.c.S.Request [gerbeaud_sample]  webapp=/solr path=/select params={q=meta_reference:S629&wt=json} hits=0 status=0 QTime=0
2021-06-01 08:49:49.573 INFO  (qtp888557915-51) [   x:gerbeaud_sample] o.a.s.u.p.LogUpdateProcessorFactory [gerbeaud_sample]  webapp=/solr path=/update params={commit=true}{deleteByQuery=meta_reference:(A 4 7 ,   X 6 2 ,   X 6 ,   X 2 3 ,   L 4 ,   L 8 9 ,   S 6 3 4 ,   S 5 9 0 ,   S 6 5 7 ,  ) (-1701353765802606592),commit=} 0 5
2021-06-01 08:49:49.730 INFO  (searcherExecutor-15-thread-1-processing-x:gerbeaud_sample) [   x:gerbeaud_sample] o.a.s.c.QuerySenderListener QuerySenderListener done.
2021-06-01 08:49:49.733 INFO  (searcherExecutor-15-thread-1-processing-x:gerbeaud_sample) [   x:gerbeaud_sample] o.a.s.c.SolrCore [gerbeaud_sample]  Registered new searcher autowarm time: 0 ms
2021-06-01 08:49:49.737 INFO  (qtp888557915-25) [   x:gerbeaud_sample] o.a.s.u.p.LogUpdateProcessorFactory [gerbeaud_sample]  webapp=/solr path=/update params={commit=true}{add=[A31 (1701353765815189504), A844 (1701353765818335232), A47 (1701353765819383808), A307 (1701353765819383809), A180 (1701353765821480960), A1601 (1701353765821480961), A1150 (1701353765822529536), A1274 (1701353765823578112), A847 (1701353765824626688), A255 (1701353765825675264), ... (50 adds)],commit=} 0 158
2021-06-01 13:32:49.743 INFO  (qtp888557915-22) [   x:gerbeaud_sample] o.a.s.c.S.Request [gerbeaud_sample]  webapp=/solr path=/select params={q=meta_reference:A76&wt=json} hits=0 status=0 QTime=3
2021-06-01 13:32:49.753 INFO  (qtp888557915-20) [   x:gerbeaud_sample] o.a.s.c.S.Request [gerbeaud_sample]  webapp=/solr path=/select params={q=meta_reference:A1300&wt=json} hits=0 status=0 QTime=0
2021-06-01 13:32:49.758 INFO  (qtp888557915-17) [   x:gerbeaud_sample] o.a.s.c.S.Request [gerbeaud_sample]  webapp=/solr path=/select params={q=meta_reference:A1365&wt=json} hits=0 status=0 QTime=0
2021-06-01 13:32:49.762 INFO  (qtp888557915-20) [   x:gerbeaud_sample] o.a.s.c.S.Request [gerbeaud_sample]  webapp=/solr path=/select params={q=meta_reference:A1303&wt=json} hits=0 status=0 QTime=0
2021-06-01 13:32:49.767 INFO  (qtp888557915-17) [   x:gerbeaud_sample] o.a.s.c.S.Request [gerbeaud_sample]  webapp=/solr path=/select params={q=meta_reference:A182&wt=json} hits=0 status=0 QTime=0
2021-06-01 13:32:49.771 INFO  (qtp888557915-20) [   x:gerbeaud_sample] o.a.s.c.S.Request [gerbeaud_sample]  webapp=/solr path=/select params={q=meta_reference:A1241&wt=json} hits=0 status=0 QTime=0
2021-06-01 13:32:49.776 INFO  (qtp888557915-17) [   x:gerbeaud_sample] o.a.s.c.S.Request [gerbeaud_sample]  webapp=/solr path=/select params={q=meta_reference:A641&wt=json} hits=0 status=0 QTime=0
2021-06-01 13:32:49.779 INFO  (qtp888557915-20) [   x:gerbeaud_sample] o.a.s.c.S.Request [gerbeaud_sample]  webapp=/solr path=/select params={q=meta_reference:A1491&wt=json} hits=0 status=0 QTime=0
2021-06-01 13:32:49.784 INFO  (qtp888557915-17) [   x:gerbeaud_sample] o.a.s.c.S.Request [gerbeaud_sample]  webapp=/solr path=/select params={q=meta_reference:A77&wt=json} hits=0 status=0 QTime=0
2021-06-01 13:32:49.788 INFO  (qtp888557915-20) [   x:gerbeaud_sample] o.a.s.c.S.Request [gerbeaud_sample]  webapp=/solr path=/select params={q=meta_reference:F306&wt=json} hits=0 status=0 QTime=0
2021-06-01 13:32:49.792 INFO  (qtp888557915-17) [   x:gerbeaud_sample] o.a.s.c.S.Request [gerbeaud_sample]  webapp=/solr path=/select params={q=meta_reference:F2487&wt=json} hits=0 status=0 QTime=0
2021-06-01 13:32:49.796 INFO  (qtp888557915-20) [   x:gerbeaud_sample] o.a.s.c.S.Request [gerbeaud_sample]  webapp=/solr path=/select params={q=meta_reference:F366&wt=json} hits=0 status=0 QTime=0
2021-06-01 13:32:49.800 INFO  (qtp888557915-17) [   x:gerbeaud_sample] o.a.s.c.S.Request [gerbeaud_sample]  webapp=/solr path=/select params={q=meta_reference:F790&wt=json} hits=0 status=0 QTime=0
2021-06-01 13:32:49.803 INFO  (qtp888557915-20) [   x:gerbeaud_sample] o.a.s.c.S.Request [gerbeaud_sample]  webapp=/solr path=/select params={q=meta_reference:F2083&wt=json} hits=0 status=0 QTime=0
2021-06-01 13:32:49.807 INFO  (qtp888557915-17) [   x:gerbeaud_sample] o.a.s.c.S.Request [gerbeaud_sample]  webapp=/solr path=/select params={q=meta_reference:F2313&wt=json} hits=0 status=0 QTime=0
2021-06-01 13:32:49.811 INFO  (qtp888557915-20) [   x:gerbeaud_sample] o.a.s.c.S.Request [gerbeaud_sample]  webapp=/solr path=/select params={q=meta_reference:F2277&wt=json} hits=0 status=0 QTime=0
2021-06-01 13:32:49.815 INFO  (qtp888557915-17) [   x:gerbeaud_sample] o.a.s.c.S.Request [gerbeaud_sample]  webapp=/solr path=/select params={q=meta_reference:F1305&wt=json} hits=0 status=0 QTime=0
2021-06-01 13:32:49.819 INFO  (qtp888557915-20) [   x:gerbeaud_sample] o.a.s.c.S.Request [gerbeaud_sample]  webapp=/solr path=/select params={q=meta_reference:F1098&wt=json} hits=0 status=0 QTime=0
2021-06-01 13:32:49.823 INFO  (qtp888557915-17) [   x:gerbeaud_sample] o.a.s.c.S.Request [gerbeaud_sample]  webapp=/solr path=/select params={q=meta_reference:F210&wt=json} hits=0 status=0 QTime=0
2021-06-01 13:32:49.827 INFO  (qtp888557915-20) [   x:gerbeaud_sample] o.a.s.c.S.Request [gerbeaud_sample]  webapp=/solr path=/select params={q=meta_reference:X75&wt=json} hits=0 status=0 QTime=0
2021-06-01 13:32:49.831 INFO  (qtp888557915-17) [   x:gerbeaud_sample] o.a.s.c.S.Request [gerbeaud_sample]  webapp=/solr path=/select params={q=meta_reference:X91&wt=json} hits=0 status=0 QTime=0
2021-06-01 13:32:49.835 INFO  (qtp888557915-20) [   x:gerbeaud_sample] o.a.s.c.S.Request [gerbeaud_sample]  webapp=/solr path=/select params={q=meta_reference:X71&wt=json} hits=1 status=0 QTime=0
2021-06-01 13:32:49.840 INFO  (qtp888557915-17) [   x:gerbeaud_sample] o.a.s.c.S.Request [gerbeaud_sample]  webapp=/solr path=/select params={q=meta_reference:X44&wt=json} hits=1 status=0 QTime=0
2021-06-01 13:32:49.846 INFO  (qtp888557915-20) [   x:gerbeaud_sample] o.a.s.c.S.Request [gerbeaud_sample]  webapp=/solr path=/select params={q=meta_reference:X25&wt=json} hits=0 status=0 QTime=0
2021-06-01 13:32:49.850 INFO  (qtp888557915-17) [   x:gerbeaud_sample] o.a.s.c.S.Request [gerbeaud_sample]  webapp=/solr path=/select params={q=meta_reference:X20&wt=json} hits=0 status=0 QTime=0
2021-06-01 13:32:49.854 INFO  (qtp888557915-20) [   x:gerbeaud_sample] o.a.s.c.S.Request [gerbeaud_sample]  webapp=/solr path=/select params={q=meta_reference:X35&wt=json} hits=0 status=0 QTime=0
2021-06-01 13:32:49.859 INFO  (qtp888557915-17) [   x:gerbeaud_sample] o.a.s.c.S.Request [gerbeaud_sample]  webapp=/solr path=/select params={q=meta_reference:X43&wt=json} hits=1 status=0 QTime=0
2021-06-01 13:32:49.864 INFO  (qtp888557915-20) [   x:gerbeaud_sample] o.a.s.c.S.Request [gerbeaud_sample]  webapp=/solr path=/select params={q=meta_reference:X31&wt=json} hits=0 status=0 QTime=0
2021-06-01 13:32:49.869 INFO  (qtp888557915-17) [   x:gerbeaud_sample] o.a.s.c.S.Request [gerbeaud_sample]  webapp=/solr path=/select params={q=meta_reference:X60&wt=json} hits=1 status=0 QTime=0
2021-06-01 13:32:49.873 INFO  (qtp888557915-20) [   x:gerbeaud_sample] o.a.s.c.S.Request [gerbeaud_sample]  webapp=/solr path=/select params={q=meta_reference:L276&wt=json} hits=0 status=0 QTime=0
2021-06-01 13:32:49.877 INFO  (qtp888557915-17) [   x:gerbeaud_sample] o.a.s.c.S.Request [gerbeaud_sample]  webapp=/solr path=/select params={q=meta_reference:L55&wt=json} hits=1 status=0 QTime=0
2021-06-01 13:32:49.882 INFO  (qtp888557915-20) [   x:gerbeaud_sample] o.a.s.c.S.Request [gerbeaud_sample]  webapp=/solr path=/select params={q=meta_reference:L21&wt=json} hits=0 status=0 QTime=0
2021-06-01 13:32:49.886 INFO  (qtp888557915-17) [   x:gerbeaud_sample] o.a.s.c.S.Request [gerbeaud_sample]  webapp=/solr path=/select params={q=meta_reference:L163&wt=json} hits=0 status=0 QTime=0
2021-06-01 13:32:49.890 INFO  (qtp888557915-20) [   x:gerbeaud_sample] o.a.s.c.S.Request [gerbeaud_sample]  webapp=/solr path=/select params={q=meta_reference:L209&wt=json} hits=0 status=0 QTime=0
2021-06-01 13:32:49.894 INFO  (qtp888557915-17) [   x:gerbeaud_sample] o.a.s.c.S.Request [gerbeaud_sample]  webapp=/solr path=/select params={q=meta_reference:L254&wt=json} hits=1 status=0 QTime=0
2021-06-01 13:32:49.899 INFO  (qtp888557915-20) [   x:gerbeaud_sample] o.a.s.c.S.Request [gerbeaud_sample]  webapp=/solr path=/select params={q=meta_reference:L200&wt=json} hits=0 status=0 QTime=0
2021-06-01 13:32:49.903 INFO  (qtp888557915-17) [   x:gerbeaud_sample] o.a.s.c.S.Request [gerbeaud_sample]  webapp=/solr path=/select params={q=meta_reference:L18&wt=json} hits=0 status=0 QTime=0
2021-06-01 13:32:49.907 INFO  (qtp888557915-20) [   x:gerbeaud_sample] o.a.s.c.S.Request [gerbeaud_sample]  webapp=/solr path=/select params={q=meta_reference:L134&wt=json} hits=0 status=0 QTime=0
2021-06-01 13:32:49.911 INFO  (qtp888557915-17) [   x:gerbeaud_sample] o.a.s.c.S.Request [gerbeaud_sample]  webapp=/solr path=/select params={q=meta_reference:L85&wt=json} hits=1 status=0 QTime=0
2021-06-01 13:32:49.916 INFO  (qtp888557915-20) [   x:gerbeaud_sample] o.a.s.c.S.Request [gerbeaud_sample]  webapp=/solr path=/select params={q=meta_reference:S583&wt=json} hits=0 status=0 QTime=0
2021-06-01 13:32:49.920 INFO  (qtp888557915-17) [   x:gerbeaud_sample] o.a.s.c.S.Request [gerbeaud_sample]  webapp=/solr path=/select params={q=meta_reference:S656&wt=json} hits=0 status=0 QTime=0
2021-06-01 13:32:49.924 INFO  (qtp888557915-20) [   x:gerbeaud_sample] o.a.s.c.S.Request [gerbeaud_sample]  webapp=/solr path=/select params={q=meta_reference:S643&wt=json} hits=0 status=0 QTime=0
2021-06-01 13:32:49.928 INFO  (qtp888557915-17) [   x:gerbeaud_sample] o.a.s.c.S.Request [gerbeaud_sample]  webapp=/solr path=/select params={q=meta_reference:S642&wt=json} hits=0 status=0 QTime=0
2021-06-01 13:32:49.933 INFO  (qtp888557915-20) [   x:gerbeaud_sample] o.a.s.c.S.Request [gerbeaud_sample]  webapp=/solr path=/select params={q=meta_reference:S618&wt=json} hits=0 status=0 QTime=0
2021-06-01 13:32:49.937 INFO  (qtp888557915-17) [   x:gerbeaud_sample] o.a.s.c.S.Request [gerbeaud_sample]  webapp=/solr path=/select params={q=meta_reference:S619&wt=json} hits=0 status=0 QTime=0
2021-06-01 13:32:49.941 INFO  (qtp888557915-20) [   x:gerbeaud_sample] o.a.s.c.S.Request [gerbeaud_sample]  webapp=/solr path=/select params={q=meta_reference:S575&wt=json} hits=0 status=0 QTime=0
2021-06-01 13:32:49.946 INFO  (qtp888557915-17) [   x:gerbeaud_sample] o.a.s.c.S.Request [gerbeaud_sample]  webapp=/solr path=/select params={q=meta_reference:S599&wt=json} hits=0 status=0 QTime=0
2021-06-01 13:32:49.950 INFO  (qtp888557915-20) [   x:gerbeaud_sample] o.a.s.c.S.Request [gerbeaud_sample]  webapp=/solr path=/select params={q=meta_reference:S584&wt=json} hits=0 status=0 QTime=0
2021-06-01 13:32:49.955 INFO  (qtp888557915-17) [   x:gerbeaud_sample] o.a.s.c.S.Request [gerbeaud_sample]  webapp=/solr path=/select params={q=meta_reference:S631&wt=json} hits=1 status=0 QTime=0
2021-06-01 13:32:49.967 INFO  (qtp888557915-20) [   x:gerbeaud_sample] o.a.s.u.p.LogUpdateProcessorFactory [gerbeaud_sample]  webapp=/solr path=/update params={commit=true}{deleteByQuery=meta_reference:(X 7 1 ,   X 4 4 ,   X 4 3 ,   X 6 0 ,   L 5 5 ,   L 2 5 4 ,   L 8 5 ,   S 6 3 1 ,  ) (-1701371571035176960),commit=} 0 7
2021-06-01 13:32:50.155 INFO  (searcherExecutor-15-thread-1-processing-x:gerbeaud_sample) [   x:gerbeaud_sample] o.a.s.c.QuerySenderListener QuerySenderListener done.
2021-06-01 13:32:50.158 INFO  (searcherExecutor-15-thread-1-processing-x:gerbeaud_sample) [   x:gerbeaud_sample] o.a.s.c.SolrCore [gerbeaud_sample]  Registered new searcher autowarm time: 0 ms
2021-06-01 13:32:50.163 INFO  (qtp888557915-17) [   x:gerbeaud_sample] o.a.s.u.p.LogUpdateProcessorFactory [gerbeaud_sample]  webapp=/solr path=/update params={commit=true}{add=[A76 (1701371571051954176), A1300 (1701371571056148480), A1365 (1701371571057197056), A1303 (1701371571058245632), A182 (1701371571059294208), A1241 (1701371571060342784), A641 (1701371571061391360), A1491 (1701371571062439936), A77 (1701371571063488512), F306 (1701371571064537088), ... (49 adds)],commit=} 0 187
2021-06-01 13:48:57.629 INFO  (qtp888557915-19) [   x:gerbeaud_sample] o.a.s.c.S.Request [gerbeaud_sample]  webapp=/solr path=/admin/ping params={action=status&wt=json&_=1622534546472&ts=1622534546472} status=503 QTime=1
2021-06-01 13:48:57.629 INFO  (qtp888557915-52) [   ] o.a.s.s.HttpSolrCall [admin] webapp=null path=/admin/cores params={indexInfo=false&wt=json&_=1622534546471} status=0 QTime=1
2021-06-01 13:48:57.635 INFO  (qtp888557915-18) [   x:gerbeaud_sample] o.a.s.c.S.Request [gerbeaud_sample]  webapp=/solr path=/replication params={wt=json&command=details&_=1622534550049} status=0 QTime=5
2021-06-01 13:48:57.636 INFO  (qtp888557915-22) [   x:gerbeaud_sample] o.a.s.c.S.Request [gerbeaud_sample]  webapp=/solr path=/admin/luke params={numTerms=0&show=index&wt=json&_=1622534550048} status=0 QTime=7
2021-06-01 13:48:57.644 INFO  (qtp888557915-51) [   x:gerbeaud_sample] o.a.s.c.S.Request [gerbeaud_sample]  webapp=/solr path=/admin/system params={wt=json&_=1622534550048} status=0 QTime=14
2021-06-01 13:48:57.645 INFO  (qtp888557915-57) [   ] o.a.s.s.HttpSolrCall [admin] webapp=null path=/admin/info/system params={wt=json&_=1622534546472} status=0 QTime=16
2021-06-01 13:49:44.666 INFO  (qtp888557915-19) [   ] o.a.s.s.HttpSolrCall [admin] webapp=null path=/admin/cores params={indexInfo=false&wt=json&_=1622555384518} status=0 QTime=0
2021-06-01 13:49:44.677 INFO  (qtp888557915-48) [   x:gerbeaud_sample] o.a.s.c.S.Request [gerbeaud_sample]  webapp=/solr path=/admin/luke params={numTerms=0&show=index&wt=json&_=1622555384649} status=0 QTime=1
2021-06-01 13:49:44.677 INFO  (qtp888557915-25) [   x:gerbeaud_sample] o.a.s.c.S.Request [gerbeaud_sample]  webapp=/solr path=/replication params={wt=json&command=details&_=1622555384650} status=0 QTime=1
2021-06-01 13:49:44.677 INFO  (qtp888557915-53) [   ] o.a.s.s.HttpSolrCall [admin] webapp=null path=/admin/info/system params={wt=json&_=1622555384519} status=0 QTime=10
2021-06-01 13:49:44.689 INFO  (qtp888557915-20) [   x:gerbeaud_sample] o.a.s.c.S.Request [gerbeaud_sample]  webapp=/solr path=/admin/ping params={action=status&wt=json&_=1622555384519&ts=1622555384519} status=503 QTime=0
2021-06-01 13:49:44.690 INFO  (qtp888557915-17) [   x:gerbeaud_sample] o.a.s.c.S.Request [gerbeaud_sample]  webapp=/solr path=/admin/system params={wt=json&_=1622555384650} status=0 QTime=13
2021-06-01 13:50:45.866 INFO  (qtp888557915-17) [   ] o.a.s.s.HttpSolrCall [admin] webapp=null path=/admin/cores params={indexInfo=false&wt=json&_=1622555445752} status=0 QTime=0
2021-06-01 13:50:45.869 INFO  (qtp888557915-25) [   x:gerbeaud_sample] o.a.s.c.S.Request [gerbeaud_sample]  webapp=/solr path=/admin/luke params={numTerms=0&show=index&wt=json&_=1622555445852} status=0 QTime=0
2021-06-01 13:50:45.875 INFO  (qtp888557915-26) [   ] o.a.s.s.HttpSolrCall [admin] webapp=null path=/admin/info/system params={wt=json&_=1622555445753} status=0 QTime=8
2021-06-01 13:50:45.876 INFO  (qtp888557915-17) [   x:gerbeaud_sample] o.a.s.c.S.Request [gerbeaud_sample]  webapp=/solr path=/replication params={wt=json&command=details&_=1622555445853} status=0 QTime=1
2021-06-01 13:50:45.877 INFO  (qtp888557915-55) [   x:gerbeaud_sample] o.a.s.c.S.Request [gerbeaud_sample]  webapp=/solr path=/admin/ping params={action=status&wt=json&_=1622555445753&ts=1622555445753} status=503 QTime=0
2021-06-01 13:50:45.883 INFO  (qtp888557915-25) [   x:gerbeaud_sample] o.a.s.c.S.Request [gerbeaud_sample]  webapp=/solr path=/admin/system params={wt=json&_=1622555445852} status=0 QTime=7
2021-06-01 13:50:47.748 INFO  (qtp888557915-20) [   ] o.a.s.s.HttpSolrCall [admin] webapp=null path=/admin/cores params={indexInfo=false&wt=json&_=1622555445752} status=0 QTime=0
2021-06-01 13:50:47.756 INFO  (qtp888557915-48) [   ] o.a.s.s.HttpSolrCall [admin] webapp=null path=/admin/info/system params={wt=json&_=1622555445753} status=0 QTime=7
